!SESSION 2020-04-19 19:33:36.345 -----------------------------------------------
eclipse.buildId=4.5.2.M20160212-1500
java.version=1.8.0_144
java.vendor=Oracle Corporation
BootLoader constants: OS=win32, ARCH=x86_64, WS=win32, NL=en_US
Framework arguments:  -product org.eclipse.epp.package.java.product -product org.eclipse.epp.package.java.product
Command-line arguments:  -os win32 -ws win32 -arch x86_64 -product org.eclipse.epp.package.java.product -data C:\Users\Marwan\Documents\Repos\SeleniumAutomation -product org.eclipse.epp.package.java.product

!ENTRY org.eclipse.epp.logging.aeri.ui 2 18 2020-04-19 19:34:51.497
!MESSAGE Updating the index from remote failed. Version: 1.0.0.v20150617-0732
!STACK 0
org.apache.lucene.index.IndexNotFoundException: no segments* file found in org.apache.lucene.store.MMapDirectory@C:\Users\Marwan\AppData\Local\Temp\1587317691472-0 lockFactory=org.apache.lucene.store.NativeFSLockFactory@530b1d8c: files: []
	at org.apache.lucene.index.SegmentInfos$FindSegmentsFile.run(SegmentInfos.java:712)
	at org.apache.lucene.index.SegmentInfos$FindSegmentsFile.run(SegmentInfos.java:593)
	at org.apache.lucene.index.SegmentInfos.read(SegmentInfos.java:359)
	at org.apache.lucene.index.IndexWriter.addIndexes(IndexWriter.java:3132)
	at org.eclipse.epp.internal.logging.aeri.ui.log.ProblemsDatabaseService.replaceContent(ProblemsDatabaseService.java:175)
	at org.eclipse.epp.internal.logging.aeri.ui.log.ProblemsDatabaseUpdateJob.run(ProblemsDatabaseUpdateJob.java:71)
	at org.eclipse.core.internal.jobs.Worker.run(Worker.java:55)

!ENTRY org.eclipse.egit.ui 2 0 2020-04-19 19:35:06.870
!MESSAGE Warning: The environment variable HOME is not set. The following directory will be used to store the Git
user global configuration and to define the default location to store repositories: 'C:\Users\Marwan'. If this is
not correct please set the HOME environment variable and restart Eclipse. Otherwise Git for Windows and
EGit might behave differently since they see different configuration options.
This warning can be switched off on the Team > Git > Confirmations and Warnings preference page.

!ENTRY org.eclipse.m2e.logback.appender 2 0 2020-04-19 20:50:41.957
!MESSAGE Failed to download org.eclipse.recommenders:index::zip:0.0.0
!STACK 0
org.eclipse.aether.resolution.ArtifactResolutionException: Could not find artifact org.eclipse.recommenders:index:zip:0.0.0-SNAPSHOT in models (http://download.eclipse.org/recommenders/models/mars/)
	at org.eclipse.aether.internal.impl.DefaultArtifactResolver.resolve(DefaultArtifactResolver.java:444)
	at org.eclipse.aether.internal.impl.DefaultArtifactResolver.resolveArtifacts(DefaultArtifactResolver.java:246)
	at org.eclipse.aether.internal.impl.DefaultArtifactResolver.resolveArtifact(DefaultArtifactResolver.java:223)
	at org.eclipse.aether.internal.impl.DefaultRepositorySystem.resolveArtifact(DefaultRepositorySystem.java:294)
	at org.eclipse.recommenders.models.ModelRepository.resolveInternal(ModelRepository.java:190)
	at org.eclipse.recommenders.models.ModelRepository.resolve(ModelRepository.java:172)
	at org.eclipse.recommenders.internal.models.rcp.EclipseModelRepository.resolve(EclipseModelRepository.java:167)
	at org.eclipse.recommenders.internal.models.rcp.DownloadModelArchiveJob.run(DownloadModelArchiveJob.java:76)
	at org.eclipse.core.internal.jobs.Worker.run(Worker.java:55)
Caused by: org.eclipse.aether.transfer.ArtifactNotFoundException: Could not find artifact org.eclipse.recommenders:index:zip:0.0.0-SNAPSHOT in models (http://download.eclipse.org/recommenders/models/mars/)
	at org.eclipse.aether.connector.basic.ArtifactTransportListener.transferFailed(ArtifactTransportListener.java:39)
	at org.eclipse.aether.connector.basic.BasicRepositoryConnector$TaskRunner.run(BasicRepositoryConnector.java:355)
	at org.eclipse.aether.util.concurrency.RunnableErrorForwarder$1.run(RunnableErrorForwarder.java:67)
	at org.eclipse.aether.connector.basic.BasicRepositoryConnector$DirectExecutor.execute(BasicRepositoryConnector.java:581)
	at org.eclipse.aether.connector.basic.BasicRepositoryConnector.get(BasicRepositoryConnector.java:249)
	at org.eclipse.aether.internal.impl.DefaultArtifactResolver.performDownloads(DefaultArtifactResolver.java:520)
	at org.eclipse.aether.internal.impl.DefaultArtifactResolver.resolve(DefaultArtifactResolver.java:421)
	... 8 more

!ENTRY org.eclipse.recommenders.models.rcp 1 0 2020-04-19 20:50:41.966
!MESSAGE org.eclipse.recommenders:index::zip:0.0.0 could not be resolved from the model repositories. Are you offline?

!ENTRY org.testng.eclipse 1 0 2020-04-19 21:18:39.258
!MESSAGE [TestNGLaunchConfigurationDelegate] Launching:
  Classpath: C:\Users\Marwan\Documents\Repos\SeleniumAutomation\webtesting\target\test-classes C:\Users\Marwan\Documents\Repos\SeleniumAutomation\webtesting\target\classes C:\Users\Marwan\.m2\repository\org\testng\testng\6.14.3\testng-6.14.3.jar C:\Users\Marwan\.m2\repository\com\beust\jcommander\1.72\jcommander-1.72.jar C:\Users\Marwan\.m2\repository\org\apache-extras\beanshell\bsh\2.0b6\bsh-2.0b6.jar C:\Users\Marwan\.m2\repository\org\seleniumhq\selenium\selenium-java\3.141.59\selenium-java-3.141.59.jar C:\Users\Marwan\.m2\repository\org\seleniumhq\selenium\selenium-api\3.141.59\selenium-api-3.141.59.jar C:\Users\Marwan\.m2\repository\org\seleniumhq\selenium\selenium-chrome-driver\3.141.59\selenium-chrome-driver-3.141.59.jar C:\Users\Marwan\.m2\repository\org\seleniumhq\selenium\selenium-edge-driver\3.141.59\selenium-edge-driver-3.141.59.jar C:\Users\Marwan\.m2\repository\org\seleniumhq\selenium\selenium-firefox-driver\3.141.59\selenium-firefox-driver-3.141.59.jar C:\Users\Marwan\.m2\repository\org\seleniumhq\selenium\selenium-ie-driver\3.141.59\selenium-ie-driver-3.141.59.jar C:\Users\Marwan\.m2\repository\org\seleniumhq\selenium\selenium-opera-driver\3.141.59\selenium-opera-driver-3.141.59.jar C:\Users\Marwan\.m2\repository\org\seleniumhq\selenium\selenium-remote-driver\3.141.59\selenium-remote-driver-3.141.59.jar C:\Users\Marwan\.m2\repository\org\seleniumhq\selenium\selenium-safari-driver\3.141.59\selenium-safari-driver-3.141.59.jar C:\Users\Marwan\.m2\repository\org\seleniumhq\selenium\selenium-support\3.141.59\selenium-support-3.141.59.jar C:\Users\Marwan\.m2\repository\net\bytebuddy\byte-buddy\1.8.15\byte-buddy-1.8.15.jar C:\Users\Marwan\.m2\repository\org\apache\commons\commons-exec\1.3\commons-exec-1.3.jar C:\Users\Marwan\.m2\repository\com\google\guava\guava\25.0-jre\guava-25.0-jre.jar C:\Users\Marwan\.m2\repository\com\google\code\findbugs\jsr305\1.3.9\jsr305-1.3.9.jar C:\Users\Marwan\.m2\repository\org\checkerframework\checker-compat-qual\2.0.0\checker-compat-qual-2.0.0.jar C:\Users\Marwan\.m2\repository\com\google\errorprone\error_prone_annotations\2.1.3\error_prone_annotations-2.1.3.jar C:\Users\Marwan\.m2\repository\com\google\j2objc\j2objc-annotations\1.1\j2objc-annotations-1.1.jar C:\Users\Marwan\.m2\repository\org\codehaus\mojo\animal-sniffer-annotations\1.14\animal-sniffer-annotations-1.14.jar C:\Users\Marwan\.m2\repository\com\squareup\okhttp3\okhttp\3.11.0\okhttp-3.11.0.jar C:\Users\Marwan\.m2\repository\com\squareup\okio\okio\1.14.0\okio-1.14.0.jar
  VMArgs:    -ea
  Class:     org.testng.remote.RemoteTestNG
  Args:      -serport 53866 -d C:\Users\Marwan\Documents\Repos\SeleniumAutomation\webtesting\test-output C:\Users\Marwan\AppData\Local\Temp\testng-eclipse--163320159\testng-customsuite.xml
java -ea -classpath C:\Users\Marwan\Documents\Repos\SeleniumAutomation\webtesting\target\test-classes:C:\Users\Marwan\Documents\Repos\SeleniumAutomation\webtesting\target\classes:C:\Users\Marwan\.m2\repository\org\testng\testng\6.14.3\testng-6.14.3.jar:C:\Users\Marwan\.m2\repository\com\beust\jcommander\1.72\jcommander-1.72.jar:C:\Users\Marwan\.m2\repository\org\apache-extras\beanshell\bsh\2.0b6\bsh-2.0b6.jar:C:\Users\Marwan\.m2\repository\org\seleniumhq\selenium\selenium-java\3.141.59\selenium-java-3.141.59.jar:C:\Users\Marwan\.m2\repository\org\seleniumhq\selenium\selenium-api\3.141.59\selenium-api-3.141.59.jar:C:\Users\Marwan\.m2\repository\org\seleniumhq\selenium\selenium-chrome-driver\3.141.59\selenium-chrome-driver-3.141.59.jar:C:\Users\Marwan\.m2\repository\org\seleniumhq\selenium\selenium-edge-driver\3.141.59\selenium-edge-driver-3.141.59.jar:C:\Users\Marwan\.m2\repository\org\seleniumhq\selenium\selenium-firefox-driver\3.141.59\selenium-firefox-driver-3.141.59.jar:C:\Users\Marwan\.m2\repository\org\seleniumhq\selenium\selenium-ie-driver\3.141.59\selenium-ie-driver-3.141.59.jar:C:\Users\Marwan\.m2\repository\org\seleniumhq\selenium\selenium-opera-driver\3.141.59\selenium-opera-driver-3.141.59.jar:C:\Users\Marwan\.m2\repository\org\seleniumhq\selenium\selenium-remote-driver\3.141.59\selenium-remote-driver-3.141.59.jar:C:\Users\Marwan\.m2\repository\org\seleniumhq\selenium\selenium-safari-driver\3.141.59\selenium-safari-driver-3.141.59.jar:C:\Users\Marwan\.m2\repository\org\seleniumhq\selenium\selenium-support\3.141.59\selenium-support-3.141.59.jar:C:\Users\Marwan\.m2\repository\net\bytebuddy\byte-buddy\1.8.15\byte-buddy-1.8.15.jar:C:\Users\Marwan\.m2\repository\org\apache\commons\commons-exec\1.3\commons-exec-1.3.jar:C:\Users\Marwan\.m2\repository\com\google\guava\guava\25.0-jre\guava-25.0-jre.jar:C:\Users\Marwan\.m2\repository\com\google\code\findbugs\jsr305\1.3.9\jsr305-1.3.9.jar:C:\Users\Marwan\.m2\repository\org\checkerframework\checker-compat-qual\2.0.0\checker-compat-qual-2.0.0.jar:C:\Users\Marwan\.m2\repository\com\google\errorprone\error_prone_annotations\2.1.3\error_prone_annotations-2.1.3.jar:C:\Users\Marwan\.m2\repository\com\google\j2objc\j2objc-annotations\1.1\j2objc-annotations-1.1.jar:C:\Users\Marwan\.m2\repository\org\codehaus\mojo\animal-sniffer-annotations\1.14\animal-sniffer-annotations-1.14.jar:C:\Users\Marwan\.m2\repository\com\squareup\okhttp3\okhttp\3.11.0\okhttp-3.11.0.jar:C:\Users\Marwan\.m2\repository\com\squareup\okio\okio\1.14.0\okio-1.14.0.jar org.testng.remote.RemoteTestNG -serport 53866 -d C:\Users\Marwan\Documents\Repos\SeleniumAutomation\webtesting\test-output C:\Users\Marwan\AppData\Local\Temp\testng-eclipse--163320159\testng-customsuite.xml

!ENTRY org.testng.eclipse 1 0 2020-04-19 21:18:57.700
!MESSAGE [TestNGLaunchConfigurationDelegate] Launching:
  Classpath: C:\eclipse\plugins\org.testng.eclipse_6.9.10.201512240000\lib\snakeyaml.jar C:\eclipse\plugins\org.testng.eclipse_6.9.10.201512240000\lib\bsh-2.0b4.jar C:\eclipse\plugins\org.testng.eclipse_6.9.10.201512240000\lib\jcommander.jar C:\eclipse\plugins\org.testng.eclipse_6.9.10.201512240000\lib\testng.jar C:\Users\Marwan\Documents\Repos\SeleniumAutomation\webtesting\target\test-classes C:\Users\Marwan\Documents\Repos\SeleniumAutomation\webtesting\target\classes C:\Users\Marwan\.m2\repository\org\testng\testng\6.14.3\testng-6.14.3.jar C:\Users\Marwan\.m2\repository\com\beust\jcommander\1.72\jcommander-1.72.jar C:\Users\Marwan\.m2\repository\org\apache-extras\beanshell\bsh\2.0b6\bsh-2.0b6.jar C:\Users\Marwan\.m2\repository\org\seleniumhq\selenium\selenium-java\3.141.59\selenium-java-3.141.59.jar C:\Users\Marwan\.m2\repository\org\seleniumhq\selenium\selenium-api\3.141.59\selenium-api-3.141.59.jar C:\Users\Marwan\.m2\repository\org\seleniumhq\selenium\selenium-chrome-driver\3.141.59\selenium-chrome-driver-3.141.59.jar C:\Users\Marwan\.m2\repository\org\seleniumhq\selenium\selenium-edge-driver\3.141.59\selenium-edge-driver-3.141.59.jar C:\Users\Marwan\.m2\repository\org\seleniumhq\selenium\selenium-firefox-driver\3.141.59\selenium-firefox-driver-3.141.59.jar C:\Users\Marwan\.m2\repository\org\seleniumhq\selenium\selenium-ie-driver\3.141.59\selenium-ie-driver-3.141.59.jar C:\Users\Marwan\.m2\repository\org\seleniumhq\selenium\selenium-opera-driver\3.141.59\selenium-opera-driver-3.141.59.jar C:\Users\Marwan\.m2\repository\org\seleniumhq\selenium\selenium-remote-driver\3.141.59\selenium-remote-driver-3.141.59.jar C:\Users\Marwan\.m2\repository\org\seleniumhq\selenium\selenium-safari-driver\3.141.59\selenium-safari-driver-3.141.59.jar C:\Users\Marwan\.m2\repository\org\seleniumhq\selenium\selenium-support\3.141.59\selenium-support-3.141.59.jar C:\Users\Marwan\.m2\repository\net\bytebuddy\byte-buddy\1.8.15\byte-buddy-1.8.15.jar C:\Users\Marwan\.m2\repository\org\apache\commons\commons-exec\1.3\commons-exec-1.3.jar C:\Users\Marwan\.m2\repository\com\google\guava\guava\25.0-jre\guava-25.0-jre.jar C:\Users\Marwan\.m2\repository\com\google\code\findbugs\jsr305\1.3.9\jsr305-1.3.9.jar C:\Users\Marwan\.m2\repository\org\checkerframework\checker-compat-qual\2.0.0\checker-compat-qual-2.0.0.jar C:\Users\Marwan\.m2\repository\com\google\errorprone\error_prone_annotations\2.1.3\error_prone_annotations-2.1.3.jar C:\Users\Marwan\.m2\repository\com\google\j2objc\j2objc-annotations\1.1\j2objc-annotations-1.1.jar C:\Users\Marwan\.m2\repository\org\codehaus\mojo\animal-sniffer-annotations\1.14\animal-sniffer-annotations-1.14.jar C:\Users\Marwan\.m2\repository\com\squareup\okhttp3\okhttp\3.11.0\okhttp-3.11.0.jar C:\Users\Marwan\.m2\repository\com\squareup\okio\okio\1.14.0\okio-1.14.0.jar
  VMArgs:    -ea
  Class:     org.testng.remote.RemoteTestNG
  Args:      -serport 53875 -d C:\Users\Marwan\Documents\Repos\SeleniumAutomation\webtesting\test-output C:\Users\Marwan\AppData\Local\Temp\testng-eclipse--201548217\testng-customsuite.xml
java -ea -classpath C:\eclipse\plugins\org.testng.eclipse_6.9.10.201512240000\lib\snakeyaml.jar:C:\eclipse\plugins\org.testng.eclipse_6.9.10.201512240000\lib\bsh-2.0b4.jar:C:\eclipse\plugins\org.testng.eclipse_6.9.10.201512240000\lib\jcommander.jar:C:\eclipse\plugins\org.testng.eclipse_6.9.10.201512240000\lib\testng.jar:C:\Users\Marwan\Documents\Repos\SeleniumAutomation\webtesting\target\test-classes:C:\Users\Marwan\Documents\Repos\SeleniumAutomation\webtesting\target\classes:C:\Users\Marwan\.m2\repository\org\testng\testng\6.14.3\testng-6.14.3.jar:C:\Users\Marwan\.m2\repository\com\beust\jcommander\1.72\jcommander-1.72.jar:C:\Users\Marwan\.m2\repository\org\apache-extras\beanshell\bsh\2.0b6\bsh-2.0b6.jar:C:\Users\Marwan\.m2\repository\org\seleniumhq\selenium\selenium-java\3.141.59\selenium-java-3.141.59.jar:C:\Users\Marwan\.m2\repository\org\seleniumhq\selenium\selenium-api\3.141.59\selenium-api-3.141.59.jar:C:\Users\Marwan\.m2\repository\org\seleniumhq\selenium\selenium-chrome-driver\3.141.59\selenium-chrome-driver-3.141.59.jar:C:\Users\Marwan\.m2\repository\org\seleniumhq\selenium\selenium-edge-driver\3.141.59\selenium-edge-driver-3.141.59.jar:C:\Users\Marwan\.m2\repository\org\seleniumhq\selenium\selenium-firefox-driver\3.141.59\selenium-firefox-driver-3.141.59.jar:C:\Users\Marwan\.m2\repository\org\seleniumhq\selenium\selenium-ie-driver\3.141.59\selenium-ie-driver-3.141.59.jar:C:\Users\Marwan\.m2\repository\org\seleniumhq\selenium\selenium-opera-driver\3.141.59\selenium-opera-driver-3.141.59.jar:C:\Users\Marwan\.m2\repository\org\seleniumhq\selenium\selenium-remote-driver\3.141.59\selenium-remote-driver-3.141.59.jar:C:\Users\Marwan\.m2\repository\org\seleniumhq\selenium\selenium-safari-driver\3.141.59\selenium-safari-driver-3.141.59.jar:C:\Users\Marwan\.m2\repository\org\seleniumhq\selenium\selenium-support\3.141.59\selenium-support-3.141.59.jar:C:\Users\Marwan\.m2\repository\net\bytebuddy\byte-buddy\1.8.15\byte-buddy-1.8.15.jar:C:\Users\Marwan\.m2\repository\org\apache\commons\commons-exec\1.3\commons-exec-1.3.jar:C:\Users\Marwan\.m2\repository\com\google\guava\guava\25.0-jre\guava-25.0-jre.jar:C:\Users\Marwan\.m2\repository\com\google\code\findbugs\jsr305\1.3.9\jsr305-1.3.9.jar:C:\Users\Marwan\.m2\repository\org\checkerframework\checker-compat-qual\2.0.0\checker-compat-qual-2.0.0.jar:C:\Users\Marwan\.m2\repository\com\google\errorprone\error_prone_annotations\2.1.3\error_prone_annotations-2.1.3.jar:C:\Users\Marwan\.m2\repository\com\google\j2objc\j2objc-annotations\1.1\j2objc-annotations-1.1.jar:C:\Users\Marwan\.m2\repository\org\codehaus\mojo\animal-sniffer-annotations\1.14\animal-sniffer-annotations-1.14.jar:C:\Users\Marwan\.m2\repository\com\squareup\okhttp3\okhttp\3.11.0\okhttp-3.11.0.jar:C:\Users\Marwan\.m2\repository\com\squareup\okio\okio\1.14.0\okio-1.14.0.jar org.testng.remote.RemoteTestNG -serport 53875 -d C:\Users\Marwan\Documents\Repos\SeleniumAutomation\webtesting\test-output C:\Users\Marwan\AppData\Local\Temp\testng-eclipse--201548217\testng-customsuite.xml

!ENTRY org.testng.eclipse 1 0 2020-04-19 21:19:33.525
!MESSAGE [TestNGLaunchConfigurationDelegate] Launching:
  Classpath: C:\eclipse\plugins\org.testng.eclipse_6.9.10.201512240000\lib\snakeyaml.jar C:\eclipse\plugins\org.testng.eclipse_6.9.10.201512240000\lib\bsh-2.0b4.jar C:\eclipse\plugins\org.testng.eclipse_6.9.10.201512240000\lib\jcommander.jar C:\eclipse\plugins\org.testng.eclipse_6.9.10.201512240000\lib\testng.jar C:\Users\Marwan\Documents\Repos\SeleniumAutomation\webtesting\target\test-classes C:\Users\Marwan\Documents\Repos\SeleniumAutomation\webtesting\target\classes C:\Users\Marwan\.m2\repository\org\testng\testng\6.14.3\testng-6.14.3.jar C:\Users\Marwan\.m2\repository\com\beust\jcommander\1.72\jcommander-1.72.jar C:\Users\Marwan\.m2\repository\org\apache-extras\beanshell\bsh\2.0b6\bsh-2.0b6.jar C:\Users\Marwan\.m2\repository\org\seleniumhq\selenium\selenium-java\3.141.59\selenium-java-3.141.59.jar C:\Users\Marwan\.m2\repository\org\seleniumhq\selenium\selenium-api\3.141.59\selenium-api-3.141.59.jar C:\Users\Marwan\.m2\repository\org\seleniumhq\selenium\selenium-chrome-driver\3.141.59\selenium-chrome-driver-3.141.59.jar C:\Users\Marwan\.m2\repository\org\seleniumhq\selenium\selenium-edge-driver\3.141.59\selenium-edge-driver-3.141.59.jar C:\Users\Marwan\.m2\repository\org\seleniumhq\selenium\selenium-firefox-driver\3.141.59\selenium-firefox-driver-3.141.59.jar C:\Users\Marwan\.m2\repository\org\seleniumhq\selenium\selenium-ie-driver\3.141.59\selenium-ie-driver-3.141.59.jar C:\Users\Marwan\.m2\repository\org\seleniumhq\selenium\selenium-opera-driver\3.141.59\selenium-opera-driver-3.141.59.jar C:\Users\Marwan\.m2\repository\org\seleniumhq\selenium\selenium-remote-driver\3.141.59\selenium-remote-driver-3.141.59.jar C:\Users\Marwan\.m2\repository\org\seleniumhq\selenium\selenium-safari-driver\3.141.59\selenium-safari-driver-3.141.59.jar C:\Users\Marwan\.m2\repository\org\seleniumhq\selenium\selenium-support\3.141.59\selenium-support-3.141.59.jar C:\Users\Marwan\.m2\repository\net\bytebuddy\byte-buddy\1.8.15\byte-buddy-1.8.15.jar C:\Users\Marwan\.m2\repository\org\apache\commons\commons-exec\1.3\commons-exec-1.3.jar C:\Users\Marwan\.m2\repository\com\google\guava\guava\25.0-jre\guava-25.0-jre.jar C:\Users\Marwan\.m2\repository\com\google\code\findbugs\jsr305\1.3.9\jsr305-1.3.9.jar C:\Users\Marwan\.m2\repository\org\checkerframework\checker-compat-qual\2.0.0\checker-compat-qual-2.0.0.jar C:\Users\Marwan\.m2\repository\com\google\errorprone\error_prone_annotations\2.1.3\error_prone_annotations-2.1.3.jar C:\Users\Marwan\.m2\repository\com\google\j2objc\j2objc-annotations\1.1\j2objc-annotations-1.1.jar C:\Users\Marwan\.m2\repository\org\codehaus\mojo\animal-sniffer-annotations\1.14\animal-sniffer-annotations-1.14.jar C:\Users\Marwan\.m2\repository\com\squareup\okhttp3\okhttp\3.11.0\okhttp-3.11.0.jar C:\Users\Marwan\.m2\repository\com\squareup\okio\okio\1.14.0\okio-1.14.0.jar
  VMArgs:    -ea
  Class:     org.testng.remote.RemoteTestNG
  Args:      -serport 53891 -d C:\Users\Marwan\Documents\Repos\SeleniumAutomation\webtesting\test-output C:\Users\Marwan\AppData\Local\Temp\testng-eclipse-460650612\testng-customsuite.xml
java -ea -classpath C:\eclipse\plugins\org.testng.eclipse_6.9.10.201512240000\lib\snakeyaml.jar:C:\eclipse\plugins\org.testng.eclipse_6.9.10.201512240000\lib\bsh-2.0b4.jar:C:\eclipse\plugins\org.testng.eclipse_6.9.10.201512240000\lib\jcommander.jar:C:\eclipse\plugins\org.testng.eclipse_6.9.10.201512240000\lib\testng.jar:C:\Users\Marwan\Documents\Repos\SeleniumAutomation\webtesting\target\test-classes:C:\Users\Marwan\Documents\Repos\SeleniumAutomation\webtesting\target\classes:C:\Users\Marwan\.m2\repository\org\testng\testng\6.14.3\testng-6.14.3.jar:C:\Users\Marwan\.m2\repository\com\beust\jcommander\1.72\jcommander-1.72.jar:C:\Users\Marwan\.m2\repository\org\apache-extras\beanshell\bsh\2.0b6\bsh-2.0b6.jar:C:\Users\Marwan\.m2\repository\org\seleniumhq\selenium\selenium-java\3.141.59\selenium-java-3.141.59.jar:C:\Users\Marwan\.m2\repository\org\seleniumhq\selenium\selenium-api\3.141.59\selenium-api-3.141.59.jar:C:\Users\Marwan\.m2\repository\org\seleniumhq\selenium\selenium-chrome-driver\3.141.59\selenium-chrome-driver-3.141.59.jar:C:\Users\Marwan\.m2\repository\org\seleniumhq\selenium\selenium-edge-driver\3.141.59\selenium-edge-driver-3.141.59.jar:C:\Users\Marwan\.m2\repository\org\seleniumhq\selenium\selenium-firefox-driver\3.141.59\selenium-firefox-driver-3.141.59.jar:C:\Users\Marwan\.m2\repository\org\seleniumhq\selenium\selenium-ie-driver\3.141.59\selenium-ie-driver-3.141.59.jar:C:\Users\Marwan\.m2\repository\org\seleniumhq\selenium\selenium-opera-driver\3.141.59\selenium-opera-driver-3.141.59.jar:C:\Users\Marwan\.m2\repository\org\seleniumhq\selenium\selenium-remote-driver\3.141.59\selenium-remote-driver-3.141.59.jar:C:\Users\Marwan\.m2\repository\org\seleniumhq\selenium\selenium-safari-driver\3.141.59\selenium-safari-driver-3.141.59.jar:C:\Users\Marwan\.m2\repository\org\seleniumhq\selenium\selenium-support\3.141.59\selenium-support-3.141.59.jar:C:\Users\Marwan\.m2\repository\net\bytebuddy\byte-buddy\1.8.15\byte-buddy-1.8.15.jar:C:\Users\Marwan\.m2\repository\org\apache\commons\commons-exec\1.3\commons-exec-1.3.jar:C:\Users\Marwan\.m2\repository\com\google\guava\guava\25.0-jre\guava-25.0-jre.jar:C:\Users\Marwan\.m2\repository\com\google\code\findbugs\jsr305\1.3.9\jsr305-1.3.9.jar:C:\Users\Marwan\.m2\repository\org\checkerframework\checker-compat-qual\2.0.0\checker-compat-qual-2.0.0.jar:C:\Users\Marwan\.m2\repository\com\google\errorprone\error_prone_annotations\2.1.3\error_prone_annotations-2.1.3.jar:C:\Users\Marwan\.m2\repository\com\google\j2objc\j2objc-annotations\1.1\j2objc-annotations-1.1.jar:C:\Users\Marwan\.m2\repository\org\codehaus\mojo\animal-sniffer-annotations\1.14\animal-sniffer-annotations-1.14.jar:C:\Users\Marwan\.m2\repository\com\squareup\okhttp3\okhttp\3.11.0\okhttp-3.11.0.jar:C:\Users\Marwan\.m2\repository\com\squareup\okio\okio\1.14.0\okio-1.14.0.jar org.testng.remote.RemoteTestNG -serport 53891 -d C:\Users\Marwan\Documents\Repos\SeleniumAutomation\webtesting\test-output C:\Users\Marwan\AppData\Local\Temp\testng-eclipse-460650612\testng-customsuite.xml

!ENTRY org.testng.eclipse 1 0 2020-04-19 21:20:46.606
!MESSAGE [TestNGLaunchConfigurationDelegate] Launching:
  Classpath: C:\eclipse\plugins\org.testng.eclipse_6.9.10.201512240000\lib\snakeyaml.jar C:\eclipse\plugins\org.testng.eclipse_6.9.10.201512240000\lib\bsh-2.0b4.jar C:\eclipse\plugins\org.testng.eclipse_6.9.10.201512240000\lib\jcommander.jar C:\eclipse\plugins\org.testng.eclipse_6.9.10.201512240000\lib\testng.jar C:\Users\Marwan\Documents\Repos\SeleniumAutomation\webtesting\target\test-classes C:\Users\Marwan\Documents\Repos\SeleniumAutomation\webtesting\target\classes C:\Users\Marwan\.m2\repository\org\testng\testng\6.14.3\testng-6.14.3.jar C:\Users\Marwan\.m2\repository\com\beust\jcommander\1.72\jcommander-1.72.jar C:\Users\Marwan\.m2\repository\org\apache-extras\beanshell\bsh\2.0b6\bsh-2.0b6.jar C:\Users\Marwan\.m2\repository\org\seleniumhq\selenium\selenium-java\3.141.59\selenium-java-3.141.59.jar C:\Users\Marwan\.m2\repository\org\seleniumhq\selenium\selenium-api\3.141.59\selenium-api-3.141.59.jar C:\Users\Marwan\.m2\repository\org\seleniumhq\selenium\selenium-chrome-driver\3.141.59\selenium-chrome-driver-3.141.59.jar C:\Users\Marwan\.m2\repository\org\seleniumhq\selenium\selenium-edge-driver\3.141.59\selenium-edge-driver-3.141.59.jar C:\Users\Marwan\.m2\repository\org\seleniumhq\selenium\selenium-firefox-driver\3.141.59\selenium-firefox-driver-3.141.59.jar C:\Users\Marwan\.m2\repository\org\seleniumhq\selenium\selenium-ie-driver\3.141.59\selenium-ie-driver-3.141.59.jar C:\Users\Marwan\.m2\repository\org\seleniumhq\selenium\selenium-opera-driver\3.141.59\selenium-opera-driver-3.141.59.jar C:\Users\Marwan\.m2\repository\org\seleniumhq\selenium\selenium-remote-driver\3.141.59\selenium-remote-driver-3.141.59.jar C:\Users\Marwan\.m2\repository\org\seleniumhq\selenium\selenium-safari-driver\3.141.59\selenium-safari-driver-3.141.59.jar C:\Users\Marwan\.m2\repository\org\seleniumhq\selenium\selenium-support\3.141.59\selenium-support-3.141.59.jar C:\Users\Marwan\.m2\repository\net\bytebuddy\byte-buddy\1.8.15\byte-buddy-1.8.15.jar C:\Users\Marwan\.m2\repository\org\apache\commons\commons-exec\1.3\commons-exec-1.3.jar C:\Users\Marwan\.m2\repository\com\google\guava\guava\25.0-jre\guava-25.0-jre.jar C:\Users\Marwan\.m2\repository\com\google\code\findbugs\jsr305\1.3.9\jsr305-1.3.9.jar C:\Users\Marwan\.m2\repository\org\checkerframework\checker-compat-qual\2.0.0\checker-compat-qual-2.0.0.jar C:\Users\Marwan\.m2\repository\com\google\errorprone\error_prone_annotations\2.1.3\error_prone_annotations-2.1.3.jar C:\Users\Marwan\.m2\repository\com\google\j2objc\j2objc-annotations\1.1\j2objc-annotations-1.1.jar C:\Users\Marwan\.m2\repository\org\codehaus\mojo\animal-sniffer-annotations\1.14\animal-sniffer-annotations-1.14.jar C:\Users\Marwan\.m2\repository\com\squareup\okhttp3\okhttp\3.11.0\okhttp-3.11.0.jar C:\Users\Marwan\.m2\repository\com\squareup\okio\okio\1.14.0\okio-1.14.0.jar
  VMArgs:    -ea
  Class:     org.testng.remote.RemoteTestNG
  Args:      -serport 53933 -d C:\Users\Marwan\Documents\Repos\SeleniumAutomation\webtesting\test-output C:\Users\Marwan\AppData\Local\Temp\testng-eclipse-1201600373\testng-customsuite.xml
java -ea -classpath C:\eclipse\plugins\org.testng.eclipse_6.9.10.201512240000\lib\snakeyaml.jar:C:\eclipse\plugins\org.testng.eclipse_6.9.10.201512240000\lib\bsh-2.0b4.jar:C:\eclipse\plugins\org.testng.eclipse_6.9.10.201512240000\lib\jcommander.jar:C:\eclipse\plugins\org.testng.eclipse_6.9.10.201512240000\lib\testng.jar:C:\Users\Marwan\Documents\Repos\SeleniumAutomation\webtesting\target\test-classes:C:\Users\Marwan\Documents\Repos\SeleniumAutomation\webtesting\target\classes:C:\Users\Marwan\.m2\repository\org\testng\testng\6.14.3\testng-6.14.3.jar:C:\Users\Marwan\.m2\repository\com\beust\jcommander\1.72\jcommander-1.72.jar:C:\Users\Marwan\.m2\repository\org\apache-extras\beanshell\bsh\2.0b6\bsh-2.0b6.jar:C:\Users\Marwan\.m2\repository\org\seleniumhq\selenium\selenium-java\3.141.59\selenium-java-3.141.59.jar:C:\Users\Marwan\.m2\repository\org\seleniumhq\selenium\selenium-api\3.141.59\selenium-api-3.141.59.jar:C:\Users\Marwan\.m2\repository\org\seleniumhq\selenium\selenium-chrome-driver\3.141.59\selenium-chrome-driver-3.141.59.jar:C:\Users\Marwan\.m2\repository\org\seleniumhq\selenium\selenium-edge-driver\3.141.59\selenium-edge-driver-3.141.59.jar:C:\Users\Marwan\.m2\repository\org\seleniumhq\selenium\selenium-firefox-driver\3.141.59\selenium-firefox-driver-3.141.59.jar:C:\Users\Marwan\.m2\repository\org\seleniumhq\selenium\selenium-ie-driver\3.141.59\selenium-ie-driver-3.141.59.jar:C:\Users\Marwan\.m2\repository\org\seleniumhq\selenium\selenium-opera-driver\3.141.59\selenium-opera-driver-3.141.59.jar:C:\Users\Marwan\.m2\repository\org\seleniumhq\selenium\selenium-remote-driver\3.141.59\selenium-remote-driver-3.141.59.jar:C:\Users\Marwan\.m2\repository\org\seleniumhq\selenium\selenium-safari-driver\3.141.59\selenium-safari-driver-3.141.59.jar:C:\Users\Marwan\.m2\repository\org\seleniumhq\selenium\selenium-support\3.141.59\selenium-support-3.141.59.jar:C:\Users\Marwan\.m2\repository\net\bytebuddy\byte-buddy\1.8.15\byte-buddy-1.8.15.jar:C:\Users\Marwan\.m2\repository\org\apache\commons\commons-exec\1.3\commons-exec-1.3.jar:C:\Users\Marwan\.m2\repository\com\google\guava\guava\25.0-jre\guava-25.0-jre.jar:C:\Users\Marwan\.m2\repository\com\google\code\findbugs\jsr305\1.3.9\jsr305-1.3.9.jar:C:\Users\Marwan\.m2\repository\org\checkerframework\checker-compat-qual\2.0.0\checker-compat-qual-2.0.0.jar:C:\Users\Marwan\.m2\repository\com\google\errorprone\error_prone_annotations\2.1.3\error_prone_annotations-2.1.3.jar:C:\Users\Marwan\.m2\repository\com\google\j2objc\j2objc-annotations\1.1\j2objc-annotations-1.1.jar:C:\Users\Marwan\.m2\repository\org\codehaus\mojo\animal-sniffer-annotations\1.14\animal-sniffer-annotations-1.14.jar:C:\Users\Marwan\.m2\repository\com\squareup\okhttp3\okhttp\3.11.0\okhttp-3.11.0.jar:C:\Users\Marwan\.m2\repository\com\squareup\okio\okio\1.14.0\okio-1.14.0.jar org.testng.remote.RemoteTestNG -serport 53933 -d C:\Users\Marwan\Documents\Repos\SeleniumAutomation\webtesting\test-output C:\Users\Marwan\AppData\Local\Temp\testng-eclipse-1201600373\testng-customsuite.xml

!ENTRY org.testng.eclipse 1 0 2020-04-19 21:30:57.577
!MESSAGE [TestNGLaunchConfigurationDelegate] Launching:
  Classpath: C:\eclipse\plugins\org.testng.eclipse_6.9.10.201512240000\lib\snakeyaml.jar C:\eclipse\plugins\org.testng.eclipse_6.9.10.201512240000\lib\bsh-2.0b4.jar C:\eclipse\plugins\org.testng.eclipse_6.9.10.201512240000\lib\jcommander.jar C:\eclipse\plugins\org.testng.eclipse_6.9.10.201512240000\lib\testng.jar C:\Users\Marwan\Documents\Repos\SeleniumAutomation\webtesting\target\test-classes C:\Users\Marwan\Documents\Repos\SeleniumAutomation\webtesting\target\classes C:\Users\Marwan\.m2\repository\org\testng\testng\6.14.3\testng-6.14.3.jar C:\Users\Marwan\.m2\repository\com\beust\jcommander\1.72\jcommander-1.72.jar C:\Users\Marwan\.m2\repository\org\apache-extras\beanshell\bsh\2.0b6\bsh-2.0b6.jar C:\Users\Marwan\.m2\repository\org\seleniumhq\selenium\selenium-java\3.141.59\selenium-java-3.141.59.jar C:\Users\Marwan\.m2\repository\org\seleniumhq\selenium\selenium-api\3.141.59\selenium-api-3.141.59.jar C:\Users\Marwan\.m2\repository\org\seleniumhq\selenium\selenium-chrome-driver\3.141.59\selenium-chrome-driver-3.141.59.jar C:\Users\Marwan\.m2\repository\org\seleniumhq\selenium\selenium-edge-driver\3.141.59\selenium-edge-driver-3.141.59.jar C:\Users\Marwan\.m2\repository\org\seleniumhq\selenium\selenium-firefox-driver\3.141.59\selenium-firefox-driver-3.141.59.jar C:\Users\Marwan\.m2\repository\org\seleniumhq\selenium\selenium-ie-driver\3.141.59\selenium-ie-driver-3.141.59.jar C:\Users\Marwan\.m2\repository\org\seleniumhq\selenium\selenium-opera-driver\3.141.59\selenium-opera-driver-3.141.59.jar C:\Users\Marwan\.m2\repository\org\seleniumhq\selenium\selenium-remote-driver\3.141.59\selenium-remote-driver-3.141.59.jar C:\Users\Marwan\.m2\repository\org\seleniumhq\selenium\selenium-safari-driver\3.141.59\selenium-safari-driver-3.141.59.jar C:\Users\Marwan\.m2\repository\org\seleniumhq\selenium\selenium-support\3.141.59\selenium-support-3.141.59.jar C:\Users\Marwan\.m2\repository\net\bytebuddy\byte-buddy\1.8.15\byte-buddy-1.8.15.jar C:\Users\Marwan\.m2\repository\org\apache\commons\commons-exec\1.3\commons-exec-1.3.jar C:\Users\Marwan\.m2\repository\com\google\guava\guava\25.0-jre\guava-25.0-jre.jar C:\Users\Marwan\.m2\repository\com\google\code\findbugs\jsr305\1.3.9\jsr305-1.3.9.jar C:\Users\Marwan\.m2\repository\org\checkerframework\checker-compat-qual\2.0.0\checker-compat-qual-2.0.0.jar C:\Users\Marwan\.m2\repository\com\google\errorprone\error_prone_annotations\2.1.3\error_prone_annotations-2.1.3.jar C:\Users\Marwan\.m2\repository\com\google\j2objc\j2objc-annotations\1.1\j2objc-annotations-1.1.jar C:\Users\Marwan\.m2\repository\org\codehaus\mojo\animal-sniffer-annotations\1.14\animal-sniffer-annotations-1.14.jar C:\Users\Marwan\.m2\repository\com\squareup\okhttp3\okhttp\3.11.0\okhttp-3.11.0.jar C:\Users\Marwan\.m2\repository\com\squareup\okio\okio\1.14.0\okio-1.14.0.jar
  VMArgs:    -ea
  Class:     org.testng.remote.RemoteTestNG
  Args:      -serport 54226 -d C:\Users\Marwan\Documents\Repos\SeleniumAutomation\webtesting\test-output C:\Users\Marwan\AppData\Local\Temp\testng-eclipse--767134034\testng-customsuite.xml
java -ea -classpath C:\eclipse\plugins\org.testng.eclipse_6.9.10.201512240000\lib\snakeyaml.jar:C:\eclipse\plugins\org.testng.eclipse_6.9.10.201512240000\lib\bsh-2.0b4.jar:C:\eclipse\plugins\org.testng.eclipse_6.9.10.201512240000\lib\jcommander.jar:C:\eclipse\plugins\org.testng.eclipse_6.9.10.201512240000\lib\testng.jar:C:\Users\Marwan\Documents\Repos\SeleniumAutomation\webtesting\target\test-classes:C:\Users\Marwan\Documents\Repos\SeleniumAutomation\webtesting\target\classes:C:\Users\Marwan\.m2\repository\org\testng\testng\6.14.3\testng-6.14.3.jar:C:\Users\Marwan\.m2\repository\com\beust\jcommander\1.72\jcommander-1.72.jar:C:\Users\Marwan\.m2\repository\org\apache-extras\beanshell\bsh\2.0b6\bsh-2.0b6.jar:C:\Users\Marwan\.m2\repository\org\seleniumhq\selenium\selenium-java\3.141.59\selenium-java-3.141.59.jar:C:\Users\Marwan\.m2\repository\org\seleniumhq\selenium\selenium-api\3.141.59\selenium-api-3.141.59.jar:C:\Users\Marwan\.m2\repository\org\seleniumhq\selenium\selenium-chrome-driver\3.141.59\selenium-chrome-driver-3.141.59.jar:C:\Users\Marwan\.m2\repository\org\seleniumhq\selenium\selenium-edge-driver\3.141.59\selenium-edge-driver-3.141.59.jar:C:\Users\Marwan\.m2\repository\org\seleniumhq\selenium\selenium-firefox-driver\3.141.59\selenium-firefox-driver-3.141.59.jar:C:\Users\Marwan\.m2\repository\org\seleniumhq\selenium\selenium-ie-driver\3.141.59\selenium-ie-driver-3.141.59.jar:C:\Users\Marwan\.m2\repository\org\seleniumhq\selenium\selenium-opera-driver\3.141.59\selenium-opera-driver-3.141.59.jar:C:\Users\Marwan\.m2\repository\org\seleniumhq\selenium\selenium-remote-driver\3.141.59\selenium-remote-driver-3.141.59.jar:C:\Users\Marwan\.m2\repository\org\seleniumhq\selenium\selenium-safari-driver\3.141.59\selenium-safari-driver-3.141.59.jar:C:\Users\Marwan\.m2\repository\org\seleniumhq\selenium\selenium-support\3.141.59\selenium-support-3.141.59.jar:C:\Users\Marwan\.m2\repository\net\bytebuddy\byte-buddy\1.8.15\byte-buddy-1.8.15.jar:C:\Users\Marwan\.m2\repository\org\apache\commons\commons-exec\1.3\commons-exec-1.3.jar:C:\Users\Marwan\.m2\repository\com\google\guava\guava\25.0-jre\guava-25.0-jre.jar:C:\Users\Marwan\.m2\repository\com\google\code\findbugs\jsr305\1.3.9\jsr305-1.3.9.jar:C:\Users\Marwan\.m2\repository\org\checkerframework\checker-compat-qual\2.0.0\checker-compat-qual-2.0.0.jar:C:\Users\Marwan\.m2\repository\com\google\errorprone\error_prone_annotations\2.1.3\error_prone_annotations-2.1.3.jar:C:\Users\Marwan\.m2\repository\com\google\j2objc\j2objc-annotations\1.1\j2objc-annotations-1.1.jar:C:\Users\Marwan\.m2\repository\org\codehaus\mojo\animal-sniffer-annotations\1.14\animal-sniffer-annotations-1.14.jar:C:\Users\Marwan\.m2\repository\com\squareup\okhttp3\okhttp\3.11.0\okhttp-3.11.0.jar:C:\Users\Marwan\.m2\repository\com\squareup\okio\okio\1.14.0\okio-1.14.0.jar org.testng.remote.RemoteTestNG -serport 54226 -d C:\Users\Marwan\Documents\Repos\SeleniumAutomation\webtesting\test-output C:\Users\Marwan\AppData\Local\Temp\testng-eclipse--767134034\testng-customsuite.xml

!ENTRY org.testng.eclipse 1 0 2020-04-19 21:34:28.207
!MESSAGE [TestNGLaunchConfigurationDelegate] Launching:
  Classpath: C:\eclipse\plugins\org.testng.eclipse_6.9.10.201512240000\lib\snakeyaml.jar C:\eclipse\plugins\org.testng.eclipse_6.9.10.201512240000\lib\bsh-2.0b4.jar C:\eclipse\plugins\org.testng.eclipse_6.9.10.201512240000\lib\jcommander.jar C:\eclipse\plugins\org.testng.eclipse_6.9.10.201512240000\lib\testng.jar C:\Users\Marwan\Documents\Repos\SeleniumAutomation\webtesting\target\test-classes C:\Users\Marwan\Documents\Repos\SeleniumAutomation\webtesting\target\classes C:\Users\Marwan\.m2\repository\org\testng\testng\6.14.3\testng-6.14.3.jar C:\Users\Marwan\.m2\repository\com\beust\jcommander\1.72\jcommander-1.72.jar C:\Users\Marwan\.m2\repository\org\apache-extras\beanshell\bsh\2.0b6\bsh-2.0b6.jar C:\Users\Marwan\.m2\repository\org\seleniumhq\selenium\selenium-java\3.141.59\selenium-java-3.141.59.jar C:\Users\Marwan\.m2\repository\org\seleniumhq\selenium\selenium-api\3.141.59\selenium-api-3.141.59.jar C:\Users\Marwan\.m2\repository\org\seleniumhq\selenium\selenium-chrome-driver\3.141.59\selenium-chrome-driver-3.141.59.jar C:\Users\Marwan\.m2\repository\org\seleniumhq\selenium\selenium-edge-driver\3.141.59\selenium-edge-driver-3.141.59.jar C:\Users\Marwan\.m2\repository\org\seleniumhq\selenium\selenium-firefox-driver\3.141.59\selenium-firefox-driver-3.141.59.jar C:\Users\Marwan\.m2\repository\org\seleniumhq\selenium\selenium-ie-driver\3.141.59\selenium-ie-driver-3.141.59.jar C:\Users\Marwan\.m2\repository\org\seleniumhq\selenium\selenium-opera-driver\3.141.59\selenium-opera-driver-3.141.59.jar C:\Users\Marwan\.m2\repository\org\seleniumhq\selenium\selenium-remote-driver\3.141.59\selenium-remote-driver-3.141.59.jar C:\Users\Marwan\.m2\repository\org\seleniumhq\selenium\selenium-safari-driver\3.141.59\selenium-safari-driver-3.141.59.jar C:\Users\Marwan\.m2\repository\org\seleniumhq\selenium\selenium-support\3.141.59\selenium-support-3.141.59.jar C:\Users\Marwan\.m2\repository\net\bytebuddy\byte-buddy\1.8.15\byte-buddy-1.8.15.jar C:\Users\Marwan\.m2\repository\org\apache\commons\commons-exec\1.3\commons-exec-1.3.jar C:\Users\Marwan\.m2\repository\com\google\guava\guava\25.0-jre\guava-25.0-jre.jar C:\Users\Marwan\.m2\repository\com\google\code\findbugs\jsr305\1.3.9\jsr305-1.3.9.jar C:\Users\Marwan\.m2\repository\org\checkerframework\checker-compat-qual\2.0.0\checker-compat-qual-2.0.0.jar C:\Users\Marwan\.m2\repository\com\google\errorprone\error_prone_annotations\2.1.3\error_prone_annotations-2.1.3.jar C:\Users\Marwan\.m2\repository\com\google\j2objc\j2objc-annotations\1.1\j2objc-annotations-1.1.jar C:\Users\Marwan\.m2\repository\org\codehaus\mojo\animal-sniffer-annotations\1.14\animal-sniffer-annotations-1.14.jar C:\Users\Marwan\.m2\repository\com\squareup\okhttp3\okhttp\3.11.0\okhttp-3.11.0.jar C:\Users\Marwan\.m2\repository\com\squareup\okio\okio\1.14.0\okio-1.14.0.jar
  VMArgs:    -ea
  Class:     org.testng.remote.RemoteTestNG
  Args:      -serport 54334 -d C:\Users\Marwan\Documents\Repos\SeleniumAutomation\webtesting\test-output C:\Users\Marwan\AppData\Local\Temp\testng-eclipse--1110190491\testng-customsuite.xml
java -ea -classpath C:\eclipse\plugins\org.testng.eclipse_6.9.10.201512240000\lib\snakeyaml.jar:C:\eclipse\plugins\org.testng.eclipse_6.9.10.201512240000\lib\bsh-2.0b4.jar:C:\eclipse\plugins\org.testng.eclipse_6.9.10.201512240000\lib\jcommander.jar:C:\eclipse\plugins\org.testng.eclipse_6.9.10.201512240000\lib\testng.jar:C:\Users\Marwan\Documents\Repos\SeleniumAutomation\webtesting\target\test-classes:C:\Users\Marwan\Documents\Repos\SeleniumAutomation\webtesting\target\classes:C:\Users\Marwan\.m2\repository\org\testng\testng\6.14.3\testng-6.14.3.jar:C:\Users\Marwan\.m2\repository\com\beust\jcommander\1.72\jcommander-1.72.jar:C:\Users\Marwan\.m2\repository\org\apache-extras\beanshell\bsh\2.0b6\bsh-2.0b6.jar:C:\Users\Marwan\.m2\repository\org\seleniumhq\selenium\selenium-java\3.141.59\selenium-java-3.141.59.jar:C:\Users\Marwan\.m2\repository\org\seleniumhq\selenium\selenium-api\3.141.59\selenium-api-3.141.59.jar:C:\Users\Marwan\.m2\repository\org\seleniumhq\selenium\selenium-chrome-driver\3.141.59\selenium-chrome-driver-3.141.59.jar:C:\Users\Marwan\.m2\repository\org\seleniumhq\selenium\selenium-edge-driver\3.141.59\selenium-edge-driver-3.141.59.jar:C:\Users\Marwan\.m2\repository\org\seleniumhq\selenium\selenium-firefox-driver\3.141.59\selenium-firefox-driver-3.141.59.jar:C:\Users\Marwan\.m2\repository\org\seleniumhq\selenium\selenium-ie-driver\3.141.59\selenium-ie-driver-3.141.59.jar:C:\Users\Marwan\.m2\repository\org\seleniumhq\selenium\selenium-opera-driver\3.141.59\selenium-opera-driver-3.141.59.jar:C:\Users\Marwan\.m2\repository\org\seleniumhq\selenium\selenium-remote-driver\3.141.59\selenium-remote-driver-3.141.59.jar:C:\Users\Marwan\.m2\repository\org\seleniumhq\selenium\selenium-safari-driver\3.141.59\selenium-safari-driver-3.141.59.jar:C:\Users\Marwan\.m2\repository\org\seleniumhq\selenium\selenium-support\3.141.59\selenium-support-3.141.59.jar:C:\Users\Marwan\.m2\repository\net\bytebuddy\byte-buddy\1.8.15\byte-buddy-1.8.15.jar:C:\Users\Marwan\.m2\repository\org\apache\commons\commons-exec\1.3\commons-exec-1.3.jar:C:\Users\Marwan\.m2\repository\com\google\guava\guava\25.0-jre\guava-25.0-jre.jar:C:\Users\Marwan\.m2\repository\com\google\code\findbugs\jsr305\1.3.9\jsr305-1.3.9.jar:C:\Users\Marwan\.m2\repository\org\checkerframework\checker-compat-qual\2.0.0\checker-compat-qual-2.0.0.jar:C:\Users\Marwan\.m2\repository\com\google\errorprone\error_prone_annotations\2.1.3\error_prone_annotations-2.1.3.jar:C:\Users\Marwan\.m2\repository\com\google\j2objc\j2objc-annotations\1.1\j2objc-annotations-1.1.jar:C:\Users\Marwan\.m2\repository\org\codehaus\mojo\animal-sniffer-annotations\1.14\animal-sniffer-annotations-1.14.jar:C:\Users\Marwan\.m2\repository\com\squareup\okhttp3\okhttp\3.11.0\okhttp-3.11.0.jar:C:\Users\Marwan\.m2\repository\com\squareup\okio\okio\1.14.0\okio-1.14.0.jar org.testng.remote.RemoteTestNG -serport 54334 -d C:\Users\Marwan\Documents\Repos\SeleniumAutomation\webtesting\test-output C:\Users\Marwan\AppData\Local\Temp\testng-eclipse--1110190491\testng-customsuite.xml

!ENTRY org.testng.eclipse 1 0 2020-04-19 22:03:00.734
!MESSAGE [TestNGLaunchConfigurationDelegate] Launching:
  Classpath: C:\eclipse\plugins\org.testng.eclipse_6.9.10.201512240000\lib\snakeyaml.jar C:\eclipse\plugins\org.testng.eclipse_6.9.10.201512240000\lib\bsh-2.0b4.jar C:\eclipse\plugins\org.testng.eclipse_6.9.10.201512240000\lib\jcommander.jar C:\eclipse\plugins\org.testng.eclipse_6.9.10.201512240000\lib\testng.jar C:\Users\Marwan\Documents\Repos\SeleniumAutomation\webtesting\target\test-classes C:\Users\Marwan\Documents\Repos\SeleniumAutomation\webtesting\target\classes C:\Users\Marwan\.m2\repository\org\testng\testng\6.14.3\testng-6.14.3.jar C:\Users\Marwan\.m2\repository\com\beust\jcommander\1.72\jcommander-1.72.jar C:\Users\Marwan\.m2\repository\org\apache-extras\beanshell\bsh\2.0b6\bsh-2.0b6.jar C:\Users\Marwan\.m2\repository\org\seleniumhq\selenium\selenium-java\3.141.59\selenium-java-3.141.59.jar C:\Users\Marwan\.m2\repository\org\seleniumhq\selenium\selenium-api\3.141.59\selenium-api-3.141.59.jar C:\Users\Marwan\.m2\repository\org\seleniumhq\selenium\selenium-chrome-driver\3.141.59\selenium-chrome-driver-3.141.59.jar C:\Users\Marwan\.m2\repository\org\seleniumhq\selenium\selenium-edge-driver\3.141.59\selenium-edge-driver-3.141.59.jar C:\Users\Marwan\.m2\repository\org\seleniumhq\selenium\selenium-firefox-driver\3.141.59\selenium-firefox-driver-3.141.59.jar C:\Users\Marwan\.m2\repository\org\seleniumhq\selenium\selenium-ie-driver\3.141.59\selenium-ie-driver-3.141.59.jar C:\Users\Marwan\.m2\repository\org\seleniumhq\selenium\selenium-opera-driver\3.141.59\selenium-opera-driver-3.141.59.jar C:\Users\Marwan\.m2\repository\org\seleniumhq\selenium\selenium-remote-driver\3.141.59\selenium-remote-driver-3.141.59.jar C:\Users\Marwan\.m2\repository\org\seleniumhq\selenium\selenium-safari-driver\3.141.59\selenium-safari-driver-3.141.59.jar C:\Users\Marwan\.m2\repository\org\seleniumhq\selenium\selenium-support\3.141.59\selenium-support-3.141.59.jar C:\Users\Marwan\.m2\repository\net\bytebuddy\byte-buddy\1.8.15\byte-buddy-1.8.15.jar C:\Users\Marwan\.m2\repository\org\apache\commons\commons-exec\1.3\commons-exec-1.3.jar C:\Users\Marwan\.m2\repository\com\google\guava\guava\25.0-jre\guava-25.0-jre.jar C:\Users\Marwan\.m2\repository\com\google\code\findbugs\jsr305\1.3.9\jsr305-1.3.9.jar C:\Users\Marwan\.m2\repository\org\checkerframework\checker-compat-qual\2.0.0\checker-compat-qual-2.0.0.jar C:\Users\Marwan\.m2\repository\com\google\errorprone\error_prone_annotations\2.1.3\error_prone_annotations-2.1.3.jar C:\Users\Marwan\.m2\repository\com\google\j2objc\j2objc-annotations\1.1\j2objc-annotations-1.1.jar C:\Users\Marwan\.m2\repository\org\codehaus\mojo\animal-sniffer-annotations\1.14\animal-sniffer-annotations-1.14.jar C:\Users\Marwan\.m2\repository\com\squareup\okhttp3\okhttp\3.11.0\okhttp-3.11.0.jar C:\Users\Marwan\.m2\repository\com\squareup\okio\okio\1.14.0\okio-1.14.0.jar
  VMArgs:    -ea
  Class:     org.testng.remote.RemoteTestNG
  Args:      -serport 55177 -d C:\Users\Marwan\Documents\Repos\SeleniumAutomation\webtesting\test-output C:\Users\Marwan\AppData\Local\Temp\testng-eclipse-295210982\testng-customsuite.xml
java -ea -classpath C:\eclipse\plugins\org.testng.eclipse_6.9.10.201512240000\lib\snakeyaml.jar:C:\eclipse\plugins\org.testng.eclipse_6.9.10.201512240000\lib\bsh-2.0b4.jar:C:\eclipse\plugins\org.testng.eclipse_6.9.10.201512240000\lib\jcommander.jar:C:\eclipse\plugins\org.testng.eclipse_6.9.10.201512240000\lib\testng.jar:C:\Users\Marwan\Documents\Repos\SeleniumAutomation\webtesting\target\test-classes:C:\Users\Marwan\Documents\Repos\SeleniumAutomation\webtesting\target\classes:C:\Users\Marwan\.m2\repository\org\testng\testng\6.14.3\testng-6.14.3.jar:C:\Users\Marwan\.m2\repository\com\beust\jcommander\1.72\jcommander-1.72.jar:C:\Users\Marwan\.m2\repository\org\apache-extras\beanshell\bsh\2.0b6\bsh-2.0b6.jar:C:\Users\Marwan\.m2\repository\org\seleniumhq\selenium\selenium-java\3.141.59\selenium-java-3.141.59.jar:C:\Users\Marwan\.m2\repository\org\seleniumhq\selenium\selenium-api\3.141.59\selenium-api-3.141.59.jar:C:\Users\Marwan\.m2\repository\org\seleniumhq\selenium\selenium-chrome-driver\3.141.59\selenium-chrome-driver-3.141.59.jar:C:\Users\Marwan\.m2\repository\org\seleniumhq\selenium\selenium-edge-driver\3.141.59\selenium-edge-driver-3.141.59.jar:C:\Users\Marwan\.m2\repository\org\seleniumhq\selenium\selenium-firefox-driver\3.141.59\selenium-firefox-driver-3.141.59.jar:C:\Users\Marwan\.m2\repository\org\seleniumhq\selenium\selenium-ie-driver\3.141.59\selenium-ie-driver-3.141.59.jar:C:\Users\Marwan\.m2\repository\org\seleniumhq\selenium\selenium-opera-driver\3.141.59\selenium-opera-driver-3.141.59.jar:C:\Users\Marwan\.m2\repository\org\seleniumhq\selenium\selenium-remote-driver\3.141.59\selenium-remote-driver-3.141.59.jar:C:\Users\Marwan\.m2\repository\org\seleniumhq\selenium\selenium-safari-driver\3.141.59\selenium-safari-driver-3.141.59.jar:C:\Users\Marwan\.m2\repository\org\seleniumhq\selenium\selenium-support\3.141.59\selenium-support-3.141.59.jar:C:\Users\Marwan\.m2\repository\net\bytebuddy\byte-buddy\1.8.15\byte-buddy-1.8.15.jar:C:\Users\Marwan\.m2\repository\org\apache\commons\commons-exec\1.3\commons-exec-1.3.jar:C:\Users\Marwan\.m2\repository\com\google\guava\guava\25.0-jre\guava-25.0-jre.jar:C:\Users\Marwan\.m2\repository\com\google\code\findbugs\jsr305\1.3.9\jsr305-1.3.9.jar:C:\Users\Marwan\.m2\repository\org\checkerframework\checker-compat-qual\2.0.0\checker-compat-qual-2.0.0.jar:C:\Users\Marwan\.m2\repository\com\google\errorprone\error_prone_annotations\2.1.3\error_prone_annotations-2.1.3.jar:C:\Users\Marwan\.m2\repository\com\google\j2objc\j2objc-annotations\1.1\j2objc-annotations-1.1.jar:C:\Users\Marwan\.m2\repository\org\codehaus\mojo\animal-sniffer-annotations\1.14\animal-sniffer-annotations-1.14.jar:C:\Users\Marwan\.m2\repository\com\squareup\okhttp3\okhttp\3.11.0\okhttp-3.11.0.jar:C:\Users\Marwan\.m2\repository\com\squareup\okio\okio\1.14.0\okio-1.14.0.jar org.testng.remote.RemoteTestNG -serport 55177 -d C:\Users\Marwan\Documents\Repos\SeleniumAutomation\webtesting\test-output C:\Users\Marwan\AppData\Local\Temp\testng-eclipse-295210982\testng-customsuite.xml

!ENTRY org.testng.eclipse 1 0 2020-04-19 22:08:29.559
!MESSAGE [TestNGLaunchConfigurationDelegate] Launching:
  Classpath: C:\eclipse\plugins\org.testng.eclipse_6.9.10.201512240000\lib\snakeyaml.jar C:\eclipse\plugins\org.testng.eclipse_6.9.10.201512240000\lib\bsh-2.0b4.jar C:\eclipse\plugins\org.testng.eclipse_6.9.10.201512240000\lib\jcommander.jar C:\eclipse\plugins\org.testng.eclipse_6.9.10.201512240000\lib\testng.jar C:\Users\Marwan\Documents\Repos\SeleniumAutomation\webtesting\target\test-classes C:\Users\Marwan\Documents\Repos\SeleniumAutomation\webtesting\target\classes C:\Users\Marwan\.m2\repository\org\testng\testng\6.14.3\testng-6.14.3.jar C:\Users\Marwan\.m2\repository\com\beust\jcommander\1.72\jcommander-1.72.jar C:\Users\Marwan\.m2\repository\org\apache-extras\beanshell\bsh\2.0b6\bsh-2.0b6.jar C:\Users\Marwan\.m2\repository\org\seleniumhq\selenium\selenium-java\3.141.59\selenium-java-3.141.59.jar C:\Users\Marwan\.m2\repository\org\seleniumhq\selenium\selenium-api\3.141.59\selenium-api-3.141.59.jar C:\Users\Marwan\.m2\repository\org\seleniumhq\selenium\selenium-chrome-driver\3.141.59\selenium-chrome-driver-3.141.59.jar C:\Users\Marwan\.m2\repository\org\seleniumhq\selenium\selenium-edge-driver\3.141.59\selenium-edge-driver-3.141.59.jar C:\Users\Marwan\.m2\repository\org\seleniumhq\selenium\selenium-firefox-driver\3.141.59\selenium-firefox-driver-3.141.59.jar C:\Users\Marwan\.m2\repository\org\seleniumhq\selenium\selenium-ie-driver\3.141.59\selenium-ie-driver-3.141.59.jar C:\Users\Marwan\.m2\repository\org\seleniumhq\selenium\selenium-opera-driver\3.141.59\selenium-opera-driver-3.141.59.jar C:\Users\Marwan\.m2\repository\org\seleniumhq\selenium\selenium-remote-driver\3.141.59\selenium-remote-driver-3.141.59.jar C:\Users\Marwan\.m2\repository\org\seleniumhq\selenium\selenium-safari-driver\3.141.59\selenium-safari-driver-3.141.59.jar C:\Users\Marwan\.m2\repository\org\seleniumhq\selenium\selenium-support\3.141.59\selenium-support-3.141.59.jar C:\Users\Marwan\.m2\repository\net\bytebuddy\byte-buddy\1.8.15\byte-buddy-1.8.15.jar C:\Users\Marwan\.m2\repository\org\apache\commons\commons-exec\1.3\commons-exec-1.3.jar C:\Users\Marwan\.m2\repository\com\google\guava\guava\25.0-jre\guava-25.0-jre.jar C:\Users\Marwan\.m2\repository\com\google\code\findbugs\jsr305\1.3.9\jsr305-1.3.9.jar C:\Users\Marwan\.m2\repository\org\checkerframework\checker-compat-qual\2.0.0\checker-compat-qual-2.0.0.jar C:\Users\Marwan\.m2\repository\com\google\errorprone\error_prone_annotations\2.1.3\error_prone_annotations-2.1.3.jar C:\Users\Marwan\.m2\repository\com\google\j2objc\j2objc-annotations\1.1\j2objc-annotations-1.1.jar C:\Users\Marwan\.m2\repository\org\codehaus\mojo\animal-sniffer-annotations\1.14\animal-sniffer-annotations-1.14.jar C:\Users\Marwan\.m2\repository\com\squareup\okhttp3\okhttp\3.11.0\okhttp-3.11.0.jar C:\Users\Marwan\.m2\repository\com\squareup\okio\okio\1.14.0\okio-1.14.0.jar
  VMArgs:    -ea
  Class:     org.testng.remote.RemoteTestNG
  Args:      -serport 55403 -d C:\Users\Marwan\Documents\Repos\SeleniumAutomation\webtesting\test-output C:\Users\Marwan\AppData\Local\Temp\testng-eclipse--1505153359\testng-customsuite.xml
java -ea -classpath C:\eclipse\plugins\org.testng.eclipse_6.9.10.201512240000\lib\snakeyaml.jar:C:\eclipse\plugins\org.testng.eclipse_6.9.10.201512240000\lib\bsh-2.0b4.jar:C:\eclipse\plugins\org.testng.eclipse_6.9.10.201512240000\lib\jcommander.jar:C:\eclipse\plugins\org.testng.eclipse_6.9.10.201512240000\lib\testng.jar:C:\Users\Marwan\Documents\Repos\SeleniumAutomation\webtesting\target\test-classes:C:\Users\Marwan\Documents\Repos\SeleniumAutomation\webtesting\target\classes:C:\Users\Marwan\.m2\repository\org\testng\testng\6.14.3\testng-6.14.3.jar:C:\Users\Marwan\.m2\repository\com\beust\jcommander\1.72\jcommander-1.72.jar:C:\Users\Marwan\.m2\repository\org\apache-extras\beanshell\bsh\2.0b6\bsh-2.0b6.jar:C:\Users\Marwan\.m2\repository\org\seleniumhq\selenium\selenium-java\3.141.59\selenium-java-3.141.59.jar:C:\Users\Marwan\.m2\repository\org\seleniumhq\selenium\selenium-api\3.141.59\selenium-api-3.141.59.jar:C:\Users\Marwan\.m2\repository\org\seleniumhq\selenium\selenium-chrome-driver\3.141.59\selenium-chrome-driver-3.141.59.jar:C:\Users\Marwan\.m2\repository\org\seleniumhq\selenium\selenium-edge-driver\3.141.59\selenium-edge-driver-3.141.59.jar:C:\Users\Marwan\.m2\repository\org\seleniumhq\selenium\selenium-firefox-driver\3.141.59\selenium-firefox-driver-3.141.59.jar:C:\Users\Marwan\.m2\repository\org\seleniumhq\selenium\selenium-ie-driver\3.141.59\selenium-ie-driver-3.141.59.jar:C:\Users\Marwan\.m2\repository\org\seleniumhq\selenium\selenium-opera-driver\3.141.59\selenium-opera-driver-3.141.59.jar:C:\Users\Marwan\.m2\repository\org\seleniumhq\selenium\selenium-remote-driver\3.141.59\selenium-remote-driver-3.141.59.jar:C:\Users\Marwan\.m2\repository\org\seleniumhq\selenium\selenium-safari-driver\3.141.59\selenium-safari-driver-3.141.59.jar:C:\Users\Marwan\.m2\repository\org\seleniumhq\selenium\selenium-support\3.141.59\selenium-support-3.141.59.jar:C:\Users\Marwan\.m2\repository\net\bytebuddy\byte-buddy\1.8.15\byte-buddy-1.8.15.jar:C:\Users\Marwan\.m2\repository\org\apache\commons\commons-exec\1.3\commons-exec-1.3.jar:C:\Users\Marwan\.m2\repository\com\google\guava\guava\25.0-jre\guava-25.0-jre.jar:C:\Users\Marwan\.m2\repository\com\google\code\findbugs\jsr305\1.3.9\jsr305-1.3.9.jar:C:\Users\Marwan\.m2\repository\org\checkerframework\checker-compat-qual\2.0.0\checker-compat-qual-2.0.0.jar:C:\Users\Marwan\.m2\repository\com\google\errorprone\error_prone_annotations\2.1.3\error_prone_annotations-2.1.3.jar:C:\Users\Marwan\.m2\repository\com\google\j2objc\j2objc-annotations\1.1\j2objc-annotations-1.1.jar:C:\Users\Marwan\.m2\repository\org\codehaus\mojo\animal-sniffer-annotations\1.14\animal-sniffer-annotations-1.14.jar:C:\Users\Marwan\.m2\repository\com\squareup\okhttp3\okhttp\3.11.0\okhttp-3.11.0.jar:C:\Users\Marwan\.m2\repository\com\squareup\okio\okio\1.14.0\okio-1.14.0.jar org.testng.remote.RemoteTestNG -serport 55403 -d C:\Users\Marwan\Documents\Repos\SeleniumAutomation\webtesting\test-output C:\Users\Marwan\AppData\Local\Temp\testng-eclipse--1505153359\testng-customsuite.xml

!ENTRY org.testng.eclipse 1 0 2020-04-19 22:10:15.634
!MESSAGE [TestNGLaunchConfigurationDelegate] Launching:
  Classpath: C:\eclipse\plugins\org.testng.eclipse_6.9.10.201512240000\lib\snakeyaml.jar C:\eclipse\plugins\org.testng.eclipse_6.9.10.201512240000\lib\bsh-2.0b4.jar C:\eclipse\plugins\org.testng.eclipse_6.9.10.201512240000\lib\jcommander.jar C:\eclipse\plugins\org.testng.eclipse_6.9.10.201512240000\lib\testng.jar C:\Users\Marwan\Documents\Repos\SeleniumAutomation\webtesting\target\test-classes C:\Users\Marwan\Documents\Repos\SeleniumAutomation\webtesting\target\classes C:\Users\Marwan\.m2\repository\org\testng\testng\6.14.3\testng-6.14.3.jar C:\Users\Marwan\.m2\repository\com\beust\jcommander\1.72\jcommander-1.72.jar C:\Users\Marwan\.m2\repository\org\apache-extras\beanshell\bsh\2.0b6\bsh-2.0b6.jar C:\Users\Marwan\.m2\repository\org\seleniumhq\selenium\selenium-java\3.141.59\selenium-java-3.141.59.jar C:\Users\Marwan\.m2\repository\org\seleniumhq\selenium\selenium-api\3.141.59\selenium-api-3.141.59.jar C:\Users\Marwan\.m2\repository\org\seleniumhq\selenium\selenium-chrome-driver\3.141.59\selenium-chrome-driver-3.141.59.jar C:\Users\Marwan\.m2\repository\org\seleniumhq\selenium\selenium-edge-driver\3.141.59\selenium-edge-driver-3.141.59.jar C:\Users\Marwan\.m2\repository\org\seleniumhq\selenium\selenium-firefox-driver\3.141.59\selenium-firefox-driver-3.141.59.jar C:\Users\Marwan\.m2\repository\org\seleniumhq\selenium\selenium-ie-driver\3.141.59\selenium-ie-driver-3.141.59.jar C:\Users\Marwan\.m2\repository\org\seleniumhq\selenium\selenium-opera-driver\3.141.59\selenium-opera-driver-3.141.59.jar C:\Users\Marwan\.m2\repository\org\seleniumhq\selenium\selenium-remote-driver\3.141.59\selenium-remote-driver-3.141.59.jar C:\Users\Marwan\.m2\repository\org\seleniumhq\selenium\selenium-safari-driver\3.141.59\selenium-safari-driver-3.141.59.jar C:\Users\Marwan\.m2\repository\org\seleniumhq\selenium\selenium-support\3.141.59\selenium-support-3.141.59.jar C:\Users\Marwan\.m2\repository\net\bytebuddy\byte-buddy\1.8.15\byte-buddy-1.8.15.jar C:\Users\Marwan\.m2\repository\org\apache\commons\commons-exec\1.3\commons-exec-1.3.jar C:\Users\Marwan\.m2\repository\com\google\guava\guava\25.0-jre\guava-25.0-jre.jar C:\Users\Marwan\.m2\repository\com\google\code\findbugs\jsr305\1.3.9\jsr305-1.3.9.jar C:\Users\Marwan\.m2\repository\org\checkerframework\checker-compat-qual\2.0.0\checker-compat-qual-2.0.0.jar C:\Users\Marwan\.m2\repository\com\google\errorprone\error_prone_annotations\2.1.3\error_prone_annotations-2.1.3.jar C:\Users\Marwan\.m2\repository\com\google\j2objc\j2objc-annotations\1.1\j2objc-annotations-1.1.jar C:\Users\Marwan\.m2\repository\org\codehaus\mojo\animal-sniffer-annotations\1.14\animal-sniffer-annotations-1.14.jar C:\Users\Marwan\.m2\repository\com\squareup\okhttp3\okhttp\3.11.0\okhttp-3.11.0.jar C:\Users\Marwan\.m2\repository\com\squareup\okio\okio\1.14.0\okio-1.14.0.jar
  VMArgs:    -ea
  Class:     org.testng.remote.RemoteTestNG
  Args:      -serport 55534 -d C:\Users\Marwan\Documents\Repos\SeleniumAutomation\webtesting\test-output C:\Users\Marwan\AppData\Local\Temp\testng-eclipse--1923826916\testng-customsuite.xml
java -ea -classpath C:\eclipse\plugins\org.testng.eclipse_6.9.10.201512240000\lib\snakeyaml.jar:C:\eclipse\plugins\org.testng.eclipse_6.9.10.201512240000\lib\bsh-2.0b4.jar:C:\eclipse\plugins\org.testng.eclipse_6.9.10.201512240000\lib\jcommander.jar:C:\eclipse\plugins\org.testng.eclipse_6.9.10.201512240000\lib\testng.jar:C:\Users\Marwan\Documents\Repos\SeleniumAutomation\webtesting\target\test-classes:C:\Users\Marwan\Documents\Repos\SeleniumAutomation\webtesting\target\classes:C:\Users\Marwan\.m2\repository\org\testng\testng\6.14.3\testng-6.14.3.jar:C:\Users\Marwan\.m2\repository\com\beust\jcommander\1.72\jcommander-1.72.jar:C:\Users\Marwan\.m2\repository\org\apache-extras\beanshell\bsh\2.0b6\bsh-2.0b6.jar:C:\Users\Marwan\.m2\repository\org\seleniumhq\selenium\selenium-java\3.141.59\selenium-java-3.141.59.jar:C:\Users\Marwan\.m2\repository\org\seleniumhq\selenium\selenium-api\3.141.59\selenium-api-3.141.59.jar:C:\Users\Marwan\.m2\repository\org\seleniumhq\selenium\selenium-chrome-driver\3.141.59\selenium-chrome-driver-3.141.59.jar:C:\Users\Marwan\.m2\repository\org\seleniumhq\selenium\selenium-edge-driver\3.141.59\selenium-edge-driver-3.141.59.jar:C:\Users\Marwan\.m2\repository\org\seleniumhq\selenium\selenium-firefox-driver\3.141.59\selenium-firefox-driver-3.141.59.jar:C:\Users\Marwan\.m2\repository\org\seleniumhq\selenium\selenium-ie-driver\3.141.59\selenium-ie-driver-3.141.59.jar:C:\Users\Marwan\.m2\repository\org\seleniumhq\selenium\selenium-opera-driver\3.141.59\selenium-opera-driver-3.141.59.jar:C:\Users\Marwan\.m2\repository\org\seleniumhq\selenium\selenium-remote-driver\3.141.59\selenium-remote-driver-3.141.59.jar:C:\Users\Marwan\.m2\repository\org\seleniumhq\selenium\selenium-safari-driver\3.141.59\selenium-safari-driver-3.141.59.jar:C:\Users\Marwan\.m2\repository\org\seleniumhq\selenium\selenium-support\3.141.59\selenium-support-3.141.59.jar:C:\Users\Marwan\.m2\repository\net\bytebuddy\byte-buddy\1.8.15\byte-buddy-1.8.15.jar:C:\Users\Marwan\.m2\repository\org\apache\commons\commons-exec\1.3\commons-exec-1.3.jar:C:\Users\Marwan\.m2\repository\com\google\guava\guava\25.0-jre\guava-25.0-jre.jar:C:\Users\Marwan\.m2\repository\com\google\code\findbugs\jsr305\1.3.9\jsr305-1.3.9.jar:C:\Users\Marwan\.m2\repository\org\checkerframework\checker-compat-qual\2.0.0\checker-compat-qual-2.0.0.jar:C:\Users\Marwan\.m2\repository\com\google\errorprone\error_prone_annotations\2.1.3\error_prone_annotations-2.1.3.jar:C:\Users\Marwan\.m2\repository\com\google\j2objc\j2objc-annotations\1.1\j2objc-annotations-1.1.jar:C:\Users\Marwan\.m2\repository\org\codehaus\mojo\animal-sniffer-annotations\1.14\animal-sniffer-annotations-1.14.jar:C:\Users\Marwan\.m2\repository\com\squareup\okhttp3\okhttp\3.11.0\okhttp-3.11.0.jar:C:\Users\Marwan\.m2\repository\com\squareup\okio\okio\1.14.0\okio-1.14.0.jar org.testng.remote.RemoteTestNG -serport 55534 -d C:\Users\Marwan\Documents\Repos\SeleniumAutomation\webtesting\test-output C:\Users\Marwan\AppData\Local\Temp\testng-eclipse--1923826916\testng-customsuite.xml

!ENTRY org.testng.eclipse 1 0 2020-04-19 22:10:37.534
!MESSAGE [TestNGLaunchConfigurationDelegate] Launching:
  Classpath: C:\eclipse\plugins\org.testng.eclipse_6.9.10.201512240000\lib\snakeyaml.jar C:\eclipse\plugins\org.testng.eclipse_6.9.10.201512240000\lib\bsh-2.0b4.jar C:\eclipse\plugins\org.testng.eclipse_6.9.10.201512240000\lib\jcommander.jar C:\eclipse\plugins\org.testng.eclipse_6.9.10.201512240000\lib\testng.jar C:\Users\Marwan\Documents\Repos\SeleniumAutomation\webtesting\target\test-classes C:\Users\Marwan\Documents\Repos\SeleniumAutomation\webtesting\target\classes C:\Users\Marwan\.m2\repository\org\testng\testng\6.14.3\testng-6.14.3.jar C:\Users\Marwan\.m2\repository\com\beust\jcommander\1.72\jcommander-1.72.jar C:\Users\Marwan\.m2\repository\org\apache-extras\beanshell\bsh\2.0b6\bsh-2.0b6.jar C:\Users\Marwan\.m2\repository\org\seleniumhq\selenium\selenium-java\3.141.59\selenium-java-3.141.59.jar C:\Users\Marwan\.m2\repository\org\seleniumhq\selenium\selenium-api\3.141.59\selenium-api-3.141.59.jar C:\Users\Marwan\.m2\repository\org\seleniumhq\selenium\selenium-chrome-driver\3.141.59\selenium-chrome-driver-3.141.59.jar C:\Users\Marwan\.m2\repository\org\seleniumhq\selenium\selenium-edge-driver\3.141.59\selenium-edge-driver-3.141.59.jar C:\Users\Marwan\.m2\repository\org\seleniumhq\selenium\selenium-firefox-driver\3.141.59\selenium-firefox-driver-3.141.59.jar C:\Users\Marwan\.m2\repository\org\seleniumhq\selenium\selenium-ie-driver\3.141.59\selenium-ie-driver-3.141.59.jar C:\Users\Marwan\.m2\repository\org\seleniumhq\selenium\selenium-opera-driver\3.141.59\selenium-opera-driver-3.141.59.jar C:\Users\Marwan\.m2\repository\org\seleniumhq\selenium\selenium-remote-driver\3.141.59\selenium-remote-driver-3.141.59.jar C:\Users\Marwan\.m2\repository\org\seleniumhq\selenium\selenium-safari-driver\3.141.59\selenium-safari-driver-3.141.59.jar C:\Users\Marwan\.m2\repository\org\seleniumhq\selenium\selenium-support\3.141.59\selenium-support-3.141.59.jar C:\Users\Marwan\.m2\repository\net\bytebuddy\byte-buddy\1.8.15\byte-buddy-1.8.15.jar C:\Users\Marwan\.m2\repository\org\apache\commons\commons-exec\1.3\commons-exec-1.3.jar C:\Users\Marwan\.m2\repository\com\google\guava\guava\25.0-jre\guava-25.0-jre.jar C:\Users\Marwan\.m2\repository\com\google\code\findbugs\jsr305\1.3.9\jsr305-1.3.9.jar C:\Users\Marwan\.m2\repository\org\checkerframework\checker-compat-qual\2.0.0\checker-compat-qual-2.0.0.jar C:\Users\Marwan\.m2\repository\com\google\errorprone\error_prone_annotations\2.1.3\error_prone_annotations-2.1.3.jar C:\Users\Marwan\.m2\repository\com\google\j2objc\j2objc-annotations\1.1\j2objc-annotations-1.1.jar C:\Users\Marwan\.m2\repository\org\codehaus\mojo\animal-sniffer-annotations\1.14\animal-sniffer-annotations-1.14.jar C:\Users\Marwan\.m2\repository\com\squareup\okhttp3\okhttp\3.11.0\okhttp-3.11.0.jar C:\Users\Marwan\.m2\repository\com\squareup\okio\okio\1.14.0\okio-1.14.0.jar
  VMArgs:    -ea
  Class:     org.testng.remote.RemoteTestNG
  Args:      -serport 55583 -d C:\Users\Marwan\Documents\Repos\SeleniumAutomation\webtesting\test-output C:\Users\Marwan\AppData\Local\Temp\testng-eclipse-872574062\testng-customsuite.xml
java -ea -classpath C:\eclipse\plugins\org.testng.eclipse_6.9.10.201512240000\lib\snakeyaml.jar:C:\eclipse\plugins\org.testng.eclipse_6.9.10.201512240000\lib\bsh-2.0b4.jar:C:\eclipse\plugins\org.testng.eclipse_6.9.10.201512240000\lib\jcommander.jar:C:\eclipse\plugins\org.testng.eclipse_6.9.10.201512240000\lib\testng.jar:C:\Users\Marwan\Documents\Repos\SeleniumAutomation\webtesting\target\test-classes:C:\Users\Marwan\Documents\Repos\SeleniumAutomation\webtesting\target\classes:C:\Users\Marwan\.m2\repository\org\testng\testng\6.14.3\testng-6.14.3.jar:C:\Users\Marwan\.m2\repository\com\beust\jcommander\1.72\jcommander-1.72.jar:C:\Users\Marwan\.m2\repository\org\apache-extras\beanshell\bsh\2.0b6\bsh-2.0b6.jar:C:\Users\Marwan\.m2\repository\org\seleniumhq\selenium\selenium-java\3.141.59\selenium-java-3.141.59.jar:C:\Users\Marwan\.m2\repository\org\seleniumhq\selenium\selenium-api\3.141.59\selenium-api-3.141.59.jar:C:\Users\Marwan\.m2\repository\org\seleniumhq\selenium\selenium-chrome-driver\3.141.59\selenium-chrome-driver-3.141.59.jar:C:\Users\Marwan\.m2\repository\org\seleniumhq\selenium\selenium-edge-driver\3.141.59\selenium-edge-driver-3.141.59.jar:C:\Users\Marwan\.m2\repository\org\seleniumhq\selenium\selenium-firefox-driver\3.141.59\selenium-firefox-driver-3.141.59.jar:C:\Users\Marwan\.m2\repository\org\seleniumhq\selenium\selenium-ie-driver\3.141.59\selenium-ie-driver-3.141.59.jar:C:\Users\Marwan\.m2\repository\org\seleniumhq\selenium\selenium-opera-driver\3.141.59\selenium-opera-driver-3.141.59.jar:C:\Users\Marwan\.m2\repository\org\seleniumhq\selenium\selenium-remote-driver\3.141.59\selenium-remote-driver-3.141.59.jar:C:\Users\Marwan\.m2\repository\org\seleniumhq\selenium\selenium-safari-driver\3.141.59\selenium-safari-driver-3.141.59.jar:C:\Users\Marwan\.m2\repository\org\seleniumhq\selenium\selenium-support\3.141.59\selenium-support-3.141.59.jar:C:\Users\Marwan\.m2\repository\net\bytebuddy\byte-buddy\1.8.15\byte-buddy-1.8.15.jar:C:\Users\Marwan\.m2\repository\org\apache\commons\commons-exec\1.3\commons-exec-1.3.jar:C:\Users\Marwan\.m2\repository\com\google\guava\guava\25.0-jre\guava-25.0-jre.jar:C:\Users\Marwan\.m2\repository\com\google\code\findbugs\jsr305\1.3.9\jsr305-1.3.9.jar:C:\Users\Marwan\.m2\repository\org\checkerframework\checker-compat-qual\2.0.0\checker-compat-qual-2.0.0.jar:C:\Users\Marwan\.m2\repository\com\google\errorprone\error_prone_annotations\2.1.3\error_prone_annotations-2.1.3.jar:C:\Users\Marwan\.m2\repository\com\google\j2objc\j2objc-annotations\1.1\j2objc-annotations-1.1.jar:C:\Users\Marwan\.m2\repository\org\codehaus\mojo\animal-sniffer-annotations\1.14\animal-sniffer-annotations-1.14.jar:C:\Users\Marwan\.m2\repository\com\squareup\okhttp3\okhttp\3.11.0\okhttp-3.11.0.jar:C:\Users\Marwan\.m2\repository\com\squareup\okio\okio\1.14.0\okio-1.14.0.jar org.testng.remote.RemoteTestNG -serport 55583 -d C:\Users\Marwan\Documents\Repos\SeleniumAutomation\webtesting\test-output C:\Users\Marwan\AppData\Local\Temp\testng-eclipse-872574062\testng-customsuite.xml

!ENTRY org.eclipse.recommenders.rcp 2 15 2020-04-19 22:50:39.366
!MESSAGE Failed to parse news feed
!STACK 0
org.xml.sax.SAXParseException; lineNumber: 1; columnNumber: 1; Content is not allowed in prolog.
	at com.sun.org.apache.xerces.internal.parsers.DOMParser.parse(Unknown Source)
	at com.sun.org.apache.xerces.internal.jaxp.DocumentBuilderImpl.parse(Unknown Source)
	at com.sun.org.apache.xpath.internal.jaxp.XPathExpressionImpl.evaluate(Unknown Source)
	at org.eclipse.recommenders.internal.rcp.news.RssParser.getEntries(RssParser.java:53)
	at org.eclipse.recommenders.internal.rcp.news.CheckForProjectNewsJob.getNewsItems(CheckForProjectNewsJob.java:97)
	at org.eclipse.recommenders.internal.rcp.news.CheckForProjectNewsJob.doRun(CheckForProjectNewsJob.java:89)
	at org.eclipse.recommenders.internal.rcp.news.CheckForProjectNewsJob.run(CheckForProjectNewsJob.java:62)
	at org.eclipse.core.internal.jobs.Worker.run(Worker.java:55)
--------------- linked to ------------------
javax.xml.xpath.XPathExpressionException: org.xml.sax.SAXParseException; lineNumber: 1; columnNumber: 1; Content is not allowed in prolog.
	at com.sun.org.apache.xpath.internal.jaxp.XPathExpressionImpl.evaluate(Unknown Source)
	at org.eclipse.recommenders.internal.rcp.news.RssParser.getEntries(RssParser.java:53)
	at org.eclipse.recommenders.internal.rcp.news.CheckForProjectNewsJob.getNewsItems(CheckForProjectNewsJob.java:97)
	at org.eclipse.recommenders.internal.rcp.news.CheckForProjectNewsJob.doRun(CheckForProjectNewsJob.java:89)
	at org.eclipse.recommenders.internal.rcp.news.CheckForProjectNewsJob.run(CheckForProjectNewsJob.java:62)
	at org.eclipse.core.internal.jobs.Worker.run(Worker.java:55)
Caused by: org.xml.sax.SAXParseException; lineNumber: 1; columnNumber: 1; Content is not allowed in prolog.
	at com.sun.org.apache.xerces.internal.parsers.DOMParser.parse(Unknown Source)
	at com.sun.org.apache.xerces.internal.jaxp.DocumentBuilderImpl.parse(Unknown Source)
	... 6 more

!ENTRY org.eclipse.core.jobs 4 2 2020-04-19 22:56:14.096
!MESSAGE An internal error occurred during: "Launching SanityTest".
!STACK 0
java.lang.NullPointerException
	at org.testng.eclipse.ui.util.ConfigurationHelper.createLaunchSuites(ConfigurationHelper.java:425)
	at org.testng.eclipse.ui.util.ConfigurationHelper.getLaunchSuites(ConfigurationHelper.java:376)
	at org.testng.eclipse.launch.TestNGLaunchConfigurationDelegate.createVMRunner(TestNGLaunchConfigurationDelegate.java:287)
	at org.testng.eclipse.launch.TestNGLaunchConfigurationDelegate.launchTypes(TestNGLaunchConfigurationDelegate.java:160)
	at org.testng.eclipse.launch.TestNGLaunchConfigurationDelegate.launch(TestNGLaunchConfigurationDelegate.java:90)
	at org.eclipse.debug.internal.core.LaunchConfiguration.launch(LaunchConfiguration.java:885)
	at org.eclipse.debug.internal.core.LaunchConfiguration.launch(LaunchConfiguration.java:739)
	at org.eclipse.debug.internal.ui.DebugUIPlugin.buildAndLaunch(DebugUIPlugin.java:1039)
	at org.eclipse.debug.internal.ui.DebugUIPlugin$8.run(DebugUIPlugin.java:1256)
	at org.eclipse.core.internal.jobs.Worker.run(Worker.java:55)

!ENTRY org.eclipse.core.jobs 4 2 2020-04-19 22:56:52.891
!MESSAGE An internal error occurred during: "Launching SanityTest".
!STACK 0
java.lang.NullPointerException
	at org.testng.eclipse.ui.util.ConfigurationHelper.createLaunchSuites(ConfigurationHelper.java:425)
	at org.testng.eclipse.ui.util.ConfigurationHelper.getLaunchSuites(ConfigurationHelper.java:376)
	at org.testng.eclipse.launch.TestNGLaunchConfigurationDelegate.createVMRunner(TestNGLaunchConfigurationDelegate.java:287)
	at org.testng.eclipse.launch.TestNGLaunchConfigurationDelegate.launchTypes(TestNGLaunchConfigurationDelegate.java:160)
	at org.testng.eclipse.launch.TestNGLaunchConfigurationDelegate.launch(TestNGLaunchConfigurationDelegate.java:90)
	at org.eclipse.debug.internal.core.LaunchConfiguration.launch(LaunchConfiguration.java:885)
	at org.eclipse.debug.internal.core.LaunchConfiguration.launch(LaunchConfiguration.java:739)
	at org.eclipse.debug.internal.ui.DebugUIPlugin.buildAndLaunch(DebugUIPlugin.java:1039)
	at org.eclipse.debug.internal.ui.DebugUIPlugin$8.run(DebugUIPlugin.java:1256)
	at org.eclipse.core.internal.jobs.Worker.run(Worker.java:55)

!ENTRY org.testng.eclipse 1 0 2020-04-19 22:57:06.526
!MESSAGE [TestNGLaunchConfigurationDelegate] Launching:
  Classpath: C:\eclipse\plugins\org.testng.eclipse_6.9.10.201512240000\lib\snakeyaml.jar C:\eclipse\plugins\org.testng.eclipse_6.9.10.201512240000\lib\bsh-2.0b4.jar C:\eclipse\plugins\org.testng.eclipse_6.9.10.201512240000\lib\jcommander.jar C:\eclipse\plugins\org.testng.eclipse_6.9.10.201512240000\lib\testng.jar C:\Users\Marwan\Documents\Repos\SeleniumAutomation\webtesting\target\test-classes C:\Users\Marwan\Documents\Repos\SeleniumAutomation\webtesting\target\classes C:\Users\Marwan\.m2\repository\org\testng\testng\6.14.3\testng-6.14.3.jar C:\Users\Marwan\.m2\repository\com\beust\jcommander\1.72\jcommander-1.72.jar C:\Users\Marwan\.m2\repository\org\apache-extras\beanshell\bsh\2.0b6\bsh-2.0b6.jar C:\Users\Marwan\.m2\repository\org\seleniumhq\selenium\selenium-java\3.141.59\selenium-java-3.141.59.jar C:\Users\Marwan\.m2\repository\org\seleniumhq\selenium\selenium-api\3.141.59\selenium-api-3.141.59.jar C:\Users\Marwan\.m2\repository\org\seleniumhq\selenium\selenium-chrome-driver\3.141.59\selenium-chrome-driver-3.141.59.jar C:\Users\Marwan\.m2\repository\org\seleniumhq\selenium\selenium-edge-driver\3.141.59\selenium-edge-driver-3.141.59.jar C:\Users\Marwan\.m2\repository\org\seleniumhq\selenium\selenium-firefox-driver\3.141.59\selenium-firefox-driver-3.141.59.jar C:\Users\Marwan\.m2\repository\org\seleniumhq\selenium\selenium-ie-driver\3.141.59\selenium-ie-driver-3.141.59.jar C:\Users\Marwan\.m2\repository\org\seleniumhq\selenium\selenium-opera-driver\3.141.59\selenium-opera-driver-3.141.59.jar C:\Users\Marwan\.m2\repository\org\seleniumhq\selenium\selenium-remote-driver\3.141.59\selenium-remote-driver-3.141.59.jar C:\Users\Marwan\.m2\repository\org\seleniumhq\selenium\selenium-safari-driver\3.141.59\selenium-safari-driver-3.141.59.jar C:\Users\Marwan\.m2\repository\org\seleniumhq\selenium\selenium-support\3.141.59\selenium-support-3.141.59.jar C:\Users\Marwan\.m2\repository\net\bytebuddy\byte-buddy\1.8.15\byte-buddy-1.8.15.jar C:\Users\Marwan\.m2\repository\org\apache\commons\commons-exec\1.3\commons-exec-1.3.jar C:\Users\Marwan\.m2\repository\com\google\guava\guava\25.0-jre\guava-25.0-jre.jar C:\Users\Marwan\.m2\repository\com\google\code\findbugs\jsr305\1.3.9\jsr305-1.3.9.jar C:\Users\Marwan\.m2\repository\org\checkerframework\checker-compat-qual\2.0.0\checker-compat-qual-2.0.0.jar C:\Users\Marwan\.m2\repository\com\google\errorprone\error_prone_annotations\2.1.3\error_prone_annotations-2.1.3.jar C:\Users\Marwan\.m2\repository\com\google\j2objc\j2objc-annotations\1.1\j2objc-annotations-1.1.jar C:\Users\Marwan\.m2\repository\org\codehaus\mojo\animal-sniffer-annotations\1.14\animal-sniffer-annotations-1.14.jar C:\Users\Marwan\.m2\repository\com\squareup\okhttp3\okhttp\3.11.0\okhttp-3.11.0.jar C:\Users\Marwan\.m2\repository\com\squareup\okio\okio\1.14.0\okio-1.14.0.jar
  VMArgs:    -ea
  Class:     org.testng.remote.RemoteTestNG
  Args:      -serport 56538 -d C:\Users\Marwan\Documents\Repos\SeleniumAutomation\webtesting\test-output C:\Users\Marwan\Documents\Repos\SeleniumAutomation\webtesting\SanityTest.xml
java -ea -classpath C:\eclipse\plugins\org.testng.eclipse_6.9.10.201512240000\lib\snakeyaml.jar:C:\eclipse\plugins\org.testng.eclipse_6.9.10.201512240000\lib\bsh-2.0b4.jar:C:\eclipse\plugins\org.testng.eclipse_6.9.10.201512240000\lib\jcommander.jar:C:\eclipse\plugins\org.testng.eclipse_6.9.10.201512240000\lib\testng.jar:C:\Users\Marwan\Documents\Repos\SeleniumAutomation\webtesting\target\test-classes:C:\Users\Marwan\Documents\Repos\SeleniumAutomation\webtesting\target\classes:C:\Users\Marwan\.m2\repository\org\testng\testng\6.14.3\testng-6.14.3.jar:C:\Users\Marwan\.m2\repository\com\beust\jcommander\1.72\jcommander-1.72.jar:C:\Users\Marwan\.m2\repository\org\apache-extras\beanshell\bsh\2.0b6\bsh-2.0b6.jar:C:\Users\Marwan\.m2\repository\org\seleniumhq\selenium\selenium-java\3.141.59\selenium-java-3.141.59.jar:C:\Users\Marwan\.m2\repository\org\seleniumhq\selenium\selenium-api\3.141.59\selenium-api-3.141.59.jar:C:\Users\Marwan\.m2\repository\org\seleniumhq\selenium\selenium-chrome-driver\3.141.59\selenium-chrome-driver-3.141.59.jar:C:\Users\Marwan\.m2\repository\org\seleniumhq\selenium\selenium-edge-driver\3.141.59\selenium-edge-driver-3.141.59.jar:C:\Users\Marwan\.m2\repository\org\seleniumhq\selenium\selenium-firefox-driver\3.141.59\selenium-firefox-driver-3.141.59.jar:C:\Users\Marwan\.m2\repository\org\seleniumhq\selenium\selenium-ie-driver\3.141.59\selenium-ie-driver-3.141.59.jar:C:\Users\Marwan\.m2\repository\org\seleniumhq\selenium\selenium-opera-driver\3.141.59\selenium-opera-driver-3.141.59.jar:C:\Users\Marwan\.m2\repository\org\seleniumhq\selenium\selenium-remote-driver\3.141.59\selenium-remote-driver-3.141.59.jar:C:\Users\Marwan\.m2\repository\org\seleniumhq\selenium\selenium-safari-driver\3.141.59\selenium-safari-driver-3.141.59.jar:C:\Users\Marwan\.m2\repository\org\seleniumhq\selenium\selenium-support\3.141.59\selenium-support-3.141.59.jar:C:\Users\Marwan\.m2\repository\net\bytebuddy\byte-buddy\1.8.15\byte-buddy-1.8.15.jar:C:\Users\Marwan\.m2\repository\org\apache\commons\commons-exec\1.3\commons-exec-1.3.jar:C:\Users\Marwan\.m2\repository\com\google\guava\guava\25.0-jre\guava-25.0-jre.jar:C:\Users\Marwan\.m2\repository\com\google\code\findbugs\jsr305\1.3.9\jsr305-1.3.9.jar:C:\Users\Marwan\.m2\repository\org\checkerframework\checker-compat-qual\2.0.0\checker-compat-qual-2.0.0.jar:C:\Users\Marwan\.m2\repository\com\google\errorprone\error_prone_annotations\2.1.3\error_prone_annotations-2.1.3.jar:C:\Users\Marwan\.m2\repository\com\google\j2objc\j2objc-annotations\1.1\j2objc-annotations-1.1.jar:C:\Users\Marwan\.m2\repository\org\codehaus\mojo\animal-sniffer-annotations\1.14\animal-sniffer-annotations-1.14.jar:C:\Users\Marwan\.m2\repository\com\squareup\okhttp3\okhttp\3.11.0\okhttp-3.11.0.jar:C:\Users\Marwan\.m2\repository\com\squareup\okio\okio\1.14.0\okio-1.14.0.jar org.testng.remote.RemoteTestNG -serport 56538 -d C:\Users\Marwan\Documents\Repos\SeleniumAutomation\webtesting\test-output C:\Users\Marwan\Documents\Repos\SeleniumAutomation\webtesting\SanityTest.xml

!ENTRY org.testng.eclipse 1 0 2020-04-19 22:59:51.526
!MESSAGE [TestNGLaunchConfigurationDelegate] Launching:
  Classpath: C:\eclipse\plugins\org.testng.eclipse_6.9.10.201512240000\lib\snakeyaml.jar C:\eclipse\plugins\org.testng.eclipse_6.9.10.201512240000\lib\bsh-2.0b4.jar C:\eclipse\plugins\org.testng.eclipse_6.9.10.201512240000\lib\jcommander.jar C:\eclipse\plugins\org.testng.eclipse_6.9.10.201512240000\lib\testng.jar C:\Users\Marwan\Documents\Repos\SeleniumAutomation\webtesting\target\test-classes C:\Users\Marwan\Documents\Repos\SeleniumAutomation\webtesting\target\classes C:\Users\Marwan\.m2\repository\org\testng\testng\6.14.3\testng-6.14.3.jar C:\Users\Marwan\.m2\repository\com\beust\jcommander\1.72\jcommander-1.72.jar C:\Users\Marwan\.m2\repository\org\apache-extras\beanshell\bsh\2.0b6\bsh-2.0b6.jar C:\Users\Marwan\.m2\repository\org\seleniumhq\selenium\selenium-java\3.141.59\selenium-java-3.141.59.jar C:\Users\Marwan\.m2\repository\org\seleniumhq\selenium\selenium-api\3.141.59\selenium-api-3.141.59.jar C:\Users\Marwan\.m2\repository\org\seleniumhq\selenium\selenium-chrome-driver\3.141.59\selenium-chrome-driver-3.141.59.jar C:\Users\Marwan\.m2\repository\org\seleniumhq\selenium\selenium-edge-driver\3.141.59\selenium-edge-driver-3.141.59.jar C:\Users\Marwan\.m2\repository\org\seleniumhq\selenium\selenium-firefox-driver\3.141.59\selenium-firefox-driver-3.141.59.jar C:\Users\Marwan\.m2\repository\org\seleniumhq\selenium\selenium-ie-driver\3.141.59\selenium-ie-driver-3.141.59.jar C:\Users\Marwan\.m2\repository\org\seleniumhq\selenium\selenium-opera-driver\3.141.59\selenium-opera-driver-3.141.59.jar C:\Users\Marwan\.m2\repository\org\seleniumhq\selenium\selenium-remote-driver\3.141.59\selenium-remote-driver-3.141.59.jar C:\Users\Marwan\.m2\repository\org\seleniumhq\selenium\selenium-safari-driver\3.141.59\selenium-safari-driver-3.141.59.jar C:\Users\Marwan\.m2\repository\org\seleniumhq\selenium\selenium-support\3.141.59\selenium-support-3.141.59.jar C:\Users\Marwan\.m2\repository\net\bytebuddy\byte-buddy\1.8.15\byte-buddy-1.8.15.jar C:\Users\Marwan\.m2\repository\org\apache\commons\commons-exec\1.3\commons-exec-1.3.jar C:\Users\Marwan\.m2\repository\com\google\guava\guava\25.0-jre\guava-25.0-jre.jar C:\Users\Marwan\.m2\repository\com\google\code\findbugs\jsr305\1.3.9\jsr305-1.3.9.jar C:\Users\Marwan\.m2\repository\org\checkerframework\checker-compat-qual\2.0.0\checker-compat-qual-2.0.0.jar C:\Users\Marwan\.m2\repository\com\google\errorprone\error_prone_annotations\2.1.3\error_prone_annotations-2.1.3.jar C:\Users\Marwan\.m2\repository\com\google\j2objc\j2objc-annotations\1.1\j2objc-annotations-1.1.jar C:\Users\Marwan\.m2\repository\org\codehaus\mojo\animal-sniffer-annotations\1.14\animal-sniffer-annotations-1.14.jar C:\Users\Marwan\.m2\repository\com\squareup\okhttp3\okhttp\3.11.0\okhttp-3.11.0.jar C:\Users\Marwan\.m2\repository\com\squareup\okio\okio\1.14.0\okio-1.14.0.jar
  VMArgs:    -ea
  Class:     org.testng.remote.RemoteTestNG
  Args:      -serport 56614 -d C:\Users\Marwan\Documents\Repos\SeleniumAutomation\webtesting\test-output C:\Users\Marwan\Documents\Repos\SeleniumAutomation\webtesting\SanityTest.xml
java -ea -classpath C:\eclipse\plugins\org.testng.eclipse_6.9.10.201512240000\lib\snakeyaml.jar:C:\eclipse\plugins\org.testng.eclipse_6.9.10.201512240000\lib\bsh-2.0b4.jar:C:\eclipse\plugins\org.testng.eclipse_6.9.10.201512240000\lib\jcommander.jar:C:\eclipse\plugins\org.testng.eclipse_6.9.10.201512240000\lib\testng.jar:C:\Users\Marwan\Documents\Repos\SeleniumAutomation\webtesting\target\test-classes:C:\Users\Marwan\Documents\Repos\SeleniumAutomation\webtesting\target\classes:C:\Users\Marwan\.m2\repository\org\testng\testng\6.14.3\testng-6.14.3.jar:C:\Users\Marwan\.m2\repository\com\beust\jcommander\1.72\jcommander-1.72.jar:C:\Users\Marwan\.m2\repository\org\apache-extras\beanshell\bsh\2.0b6\bsh-2.0b6.jar:C:\Users\Marwan\.m2\repository\org\seleniumhq\selenium\selenium-java\3.141.59\selenium-java-3.141.59.jar:C:\Users\Marwan\.m2\repository\org\seleniumhq\selenium\selenium-api\3.141.59\selenium-api-3.141.59.jar:C:\Users\Marwan\.m2\repository\org\seleniumhq\selenium\selenium-chrome-driver\3.141.59\selenium-chrome-driver-3.141.59.jar:C:\Users\Marwan\.m2\repository\org\seleniumhq\selenium\selenium-edge-driver\3.141.59\selenium-edge-driver-3.141.59.jar:C:\Users\Marwan\.m2\repository\org\seleniumhq\selenium\selenium-firefox-driver\3.141.59\selenium-firefox-driver-3.141.59.jar:C:\Users\Marwan\.m2\repository\org\seleniumhq\selenium\selenium-ie-driver\3.141.59\selenium-ie-driver-3.141.59.jar:C:\Users\Marwan\.m2\repository\org\seleniumhq\selenium\selenium-opera-driver\3.141.59\selenium-opera-driver-3.141.59.jar:C:\Users\Marwan\.m2\repository\org\seleniumhq\selenium\selenium-remote-driver\3.141.59\selenium-remote-driver-3.141.59.jar:C:\Users\Marwan\.m2\repository\org\seleniumhq\selenium\selenium-safari-driver\3.141.59\selenium-safari-driver-3.141.59.jar:C:\Users\Marwan\.m2\repository\org\seleniumhq\selenium\selenium-support\3.141.59\selenium-support-3.141.59.jar:C:\Users\Marwan\.m2\repository\net\bytebuddy\byte-buddy\1.8.15\byte-buddy-1.8.15.jar:C:\Users\Marwan\.m2\repository\org\apache\commons\commons-exec\1.3\commons-exec-1.3.jar:C:\Users\Marwan\.m2\repository\com\google\guava\guava\25.0-jre\guava-25.0-jre.jar:C:\Users\Marwan\.m2\repository\com\google\code\findbugs\jsr305\1.3.9\jsr305-1.3.9.jar:C:\Users\Marwan\.m2\repository\org\checkerframework\checker-compat-qual\2.0.0\checker-compat-qual-2.0.0.jar:C:\Users\Marwan\.m2\repository\com\google\errorprone\error_prone_annotations\2.1.3\error_prone_annotations-2.1.3.jar:C:\Users\Marwan\.m2\repository\com\google\j2objc\j2objc-annotations\1.1\j2objc-annotations-1.1.jar:C:\Users\Marwan\.m2\repository\org\codehaus\mojo\animal-sniffer-annotations\1.14\animal-sniffer-annotations-1.14.jar:C:\Users\Marwan\.m2\repository\com\squareup\okhttp3\okhttp\3.11.0\okhttp-3.11.0.jar:C:\Users\Marwan\.m2\repository\com\squareup\okio\okio\1.14.0\okio-1.14.0.jar org.testng.remote.RemoteTestNG -serport 56614 -d C:\Users\Marwan\Documents\Repos\SeleniumAutomation\webtesting\test-output C:\Users\Marwan\Documents\Repos\SeleniumAutomation\webtesting\SanityTest.xml

!ENTRY org.testng.eclipse 1 0 2020-04-19 23:40:19.021
!MESSAGE [TestNGLaunchConfigurationDelegate] Launching:
  Classpath: C:\eclipse\plugins\org.testng.eclipse_6.9.10.201512240000\lib\snakeyaml.jar C:\eclipse\plugins\org.testng.eclipse_6.9.10.201512240000\lib\bsh-2.0b4.jar C:\eclipse\plugins\org.testng.eclipse_6.9.10.201512240000\lib\jcommander.jar C:\eclipse\plugins\org.testng.eclipse_6.9.10.201512240000\lib\testng.jar C:\Users\Marwan\Documents\Repos\SeleniumAutomation\webtesting\target\test-classes C:\Users\Marwan\Documents\Repos\SeleniumAutomation\webtesting\target\classes C:\Users\Marwan\.m2\repository\org\testng\testng\6.14.3\testng-6.14.3.jar C:\Users\Marwan\.m2\repository\com\beust\jcommander\1.72\jcommander-1.72.jar C:\Users\Marwan\.m2\repository\org\apache-extras\beanshell\bsh\2.0b6\bsh-2.0b6.jar C:\Users\Marwan\.m2\repository\org\seleniumhq\selenium\selenium-java\3.141.59\selenium-java-3.141.59.jar C:\Users\Marwan\.m2\repository\org\seleniumhq\selenium\selenium-api\3.141.59\selenium-api-3.141.59.jar C:\Users\Marwan\.m2\repository\org\seleniumhq\selenium\selenium-chrome-driver\3.141.59\selenium-chrome-driver-3.141.59.jar C:\Users\Marwan\.m2\repository\org\seleniumhq\selenium\selenium-edge-driver\3.141.59\selenium-edge-driver-3.141.59.jar C:\Users\Marwan\.m2\repository\org\seleniumhq\selenium\selenium-firefox-driver\3.141.59\selenium-firefox-driver-3.141.59.jar C:\Users\Marwan\.m2\repository\org\seleniumhq\selenium\selenium-ie-driver\3.141.59\selenium-ie-driver-3.141.59.jar C:\Users\Marwan\.m2\repository\org\seleniumhq\selenium\selenium-opera-driver\3.141.59\selenium-opera-driver-3.141.59.jar C:\Users\Marwan\.m2\repository\org\seleniumhq\selenium\selenium-remote-driver\3.141.59\selenium-remote-driver-3.141.59.jar C:\Users\Marwan\.m2\repository\org\seleniumhq\selenium\selenium-safari-driver\3.141.59\selenium-safari-driver-3.141.59.jar C:\Users\Marwan\.m2\repository\org\seleniumhq\selenium\selenium-support\3.141.59\selenium-support-3.141.59.jar C:\Users\Marwan\.m2\repository\net\bytebuddy\byte-buddy\1.8.15\byte-buddy-1.8.15.jar C:\Users\Marwan\.m2\repository\org\apache\commons\commons-exec\1.3\commons-exec-1.3.jar C:\Users\Marwan\.m2\repository\com\google\guava\guava\25.0-jre\guava-25.0-jre.jar C:\Users\Marwan\.m2\repository\com\google\code\findbugs\jsr305\1.3.9\jsr305-1.3.9.jar C:\Users\Marwan\.m2\repository\org\checkerframework\checker-compat-qual\2.0.0\checker-compat-qual-2.0.0.jar C:\Users\Marwan\.m2\repository\com\google\errorprone\error_prone_annotations\2.1.3\error_prone_annotations-2.1.3.jar C:\Users\Marwan\.m2\repository\com\google\j2objc\j2objc-annotations\1.1\j2objc-annotations-1.1.jar C:\Users\Marwan\.m2\repository\org\codehaus\mojo\animal-sniffer-annotations\1.14\animal-sniffer-annotations-1.14.jar C:\Users\Marwan\.m2\repository\com\squareup\okhttp3\okhttp\3.11.0\okhttp-3.11.0.jar C:\Users\Marwan\.m2\repository\com\squareup\okio\okio\1.14.0\okio-1.14.0.jar
  VMArgs:    -ea
  Class:     org.testng.remote.RemoteTestNG
  Args:      -serport 58296 -d C:\Users\Marwan\Documents\Repos\SeleniumAutomation\webtesting\test-output C:\Users\Marwan\AppData\Local\Temp\testng-eclipse-1883220693\testng-customsuite.xml
java -ea -classpath C:\eclipse\plugins\org.testng.eclipse_6.9.10.201512240000\lib\snakeyaml.jar:C:\eclipse\plugins\org.testng.eclipse_6.9.10.201512240000\lib\bsh-2.0b4.jar:C:\eclipse\plugins\org.testng.eclipse_6.9.10.201512240000\lib\jcommander.jar:C:\eclipse\plugins\org.testng.eclipse_6.9.10.201512240000\lib\testng.jar:C:\Users\Marwan\Documents\Repos\SeleniumAutomation\webtesting\target\test-classes:C:\Users\Marwan\Documents\Repos\SeleniumAutomation\webtesting\target\classes:C:\Users\Marwan\.m2\repository\org\testng\testng\6.14.3\testng-6.14.3.jar:C:\Users\Marwan\.m2\repository\com\beust\jcommander\1.72\jcommander-1.72.jar:C:\Users\Marwan\.m2\repository\org\apache-extras\beanshell\bsh\2.0b6\bsh-2.0b6.jar:C:\Users\Marwan\.m2\repository\org\seleniumhq\selenium\selenium-java\3.141.59\selenium-java-3.141.59.jar:C:\Users\Marwan\.m2\repository\org\seleniumhq\selenium\selenium-api\3.141.59\selenium-api-3.141.59.jar:C:\Users\Marwan\.m2\repository\org\seleniumhq\selenium\selenium-chrome-driver\3.141.59\selenium-chrome-driver-3.141.59.jar:C:\Users\Marwan\.m2\repository\org\seleniumhq\selenium\selenium-edge-driver\3.141.59\selenium-edge-driver-3.141.59.jar:C:\Users\Marwan\.m2\repository\org\seleniumhq\selenium\selenium-firefox-driver\3.141.59\selenium-firefox-driver-3.141.59.jar:C:\Users\Marwan\.m2\repository\org\seleniumhq\selenium\selenium-ie-driver\3.141.59\selenium-ie-driver-3.141.59.jar:C:\Users\Marwan\.m2\repository\org\seleniumhq\selenium\selenium-opera-driver\3.141.59\selenium-opera-driver-3.141.59.jar:C:\Users\Marwan\.m2\repository\org\seleniumhq\selenium\selenium-remote-driver\3.141.59\selenium-remote-driver-3.141.59.jar:C:\Users\Marwan\.m2\repository\org\seleniumhq\selenium\selenium-safari-driver\3.141.59\selenium-safari-driver-3.141.59.jar:C:\Users\Marwan\.m2\repository\org\seleniumhq\selenium\selenium-support\3.141.59\selenium-support-3.141.59.jar:C:\Users\Marwan\.m2\repository\net\bytebuddy\byte-buddy\1.8.15\byte-buddy-1.8.15.jar:C:\Users\Marwan\.m2\repository\org\apache\commons\commons-exec\1.3\commons-exec-1.3.jar:C:\Users\Marwan\.m2\repository\com\google\guava\guava\25.0-jre\guava-25.0-jre.jar:C:\Users\Marwan\.m2\repository\com\google\code\findbugs\jsr305\1.3.9\jsr305-1.3.9.jar:C:\Users\Marwan\.m2\repository\org\checkerframework\checker-compat-qual\2.0.0\checker-compat-qual-2.0.0.jar:C:\Users\Marwan\.m2\repository\com\google\errorprone\error_prone_annotations\2.1.3\error_prone_annotations-2.1.3.jar:C:\Users\Marwan\.m2\repository\com\google\j2objc\j2objc-annotations\1.1\j2objc-annotations-1.1.jar:C:\Users\Marwan\.m2\repository\org\codehaus\mojo\animal-sniffer-annotations\1.14\animal-sniffer-annotations-1.14.jar:C:\Users\Marwan\.m2\repository\com\squareup\okhttp3\okhttp\3.11.0\okhttp-3.11.0.jar:C:\Users\Marwan\.m2\repository\com\squareup\okio\okio\1.14.0\okio-1.14.0.jar org.testng.remote.RemoteTestNG -serport 58296 -d C:\Users\Marwan\Documents\Repos\SeleniumAutomation\webtesting\test-output C:\Users\Marwan\AppData\Local\Temp\testng-eclipse-1883220693\testng-customsuite.xml

!ENTRY org.testng.eclipse 1 0 2020-04-19 23:45:51.432
!MESSAGE [TestNGLaunchConfigurationDelegate] Launching:
  Classpath: C:\eclipse\plugins\org.testng.eclipse_6.9.10.201512240000\lib\snakeyaml.jar C:\eclipse\plugins\org.testng.eclipse_6.9.10.201512240000\lib\bsh-2.0b4.jar C:\eclipse\plugins\org.testng.eclipse_6.9.10.201512240000\lib\jcommander.jar C:\eclipse\plugins\org.testng.eclipse_6.9.10.201512240000\lib\testng.jar C:\Users\Marwan\Documents\Repos\SeleniumAutomation\webtesting\target\test-classes C:\Users\Marwan\Documents\Repos\SeleniumAutomation\webtesting\target\classes C:\Users\Marwan\.m2\repository\org\testng\testng\6.14.3\testng-6.14.3.jar C:\Users\Marwan\.m2\repository\com\beust\jcommander\1.72\jcommander-1.72.jar C:\Users\Marwan\.m2\repository\org\apache-extras\beanshell\bsh\2.0b6\bsh-2.0b6.jar C:\Users\Marwan\.m2\repository\org\seleniumhq\selenium\selenium-java\3.141.59\selenium-java-3.141.59.jar C:\Users\Marwan\.m2\repository\org\seleniumhq\selenium\selenium-api\3.141.59\selenium-api-3.141.59.jar C:\Users\Marwan\.m2\repository\org\seleniumhq\selenium\selenium-chrome-driver\3.141.59\selenium-chrome-driver-3.141.59.jar C:\Users\Marwan\.m2\repository\org\seleniumhq\selenium\selenium-edge-driver\3.141.59\selenium-edge-driver-3.141.59.jar C:\Users\Marwan\.m2\repository\org\seleniumhq\selenium\selenium-firefox-driver\3.141.59\selenium-firefox-driver-3.141.59.jar C:\Users\Marwan\.m2\repository\org\seleniumhq\selenium\selenium-ie-driver\3.141.59\selenium-ie-driver-3.141.59.jar C:\Users\Marwan\.m2\repository\org\seleniumhq\selenium\selenium-opera-driver\3.141.59\selenium-opera-driver-3.141.59.jar C:\Users\Marwan\.m2\repository\org\seleniumhq\selenium\selenium-remote-driver\3.141.59\selenium-remote-driver-3.141.59.jar C:\Users\Marwan\.m2\repository\org\seleniumhq\selenium\selenium-safari-driver\3.141.59\selenium-safari-driver-3.141.59.jar C:\Users\Marwan\.m2\repository\org\seleniumhq\selenium\selenium-support\3.141.59\selenium-support-3.141.59.jar C:\Users\Marwan\.m2\repository\net\bytebuddy\byte-buddy\1.8.15\byte-buddy-1.8.15.jar C:\Users\Marwan\.m2\repository\org\apache\commons\commons-exec\1.3\commons-exec-1.3.jar C:\Users\Marwan\.m2\repository\com\google\guava\guava\25.0-jre\guava-25.0-jre.jar C:\Users\Marwan\.m2\repository\com\google\code\findbugs\jsr305\1.3.9\jsr305-1.3.9.jar C:\Users\Marwan\.m2\repository\org\checkerframework\checker-compat-qual\2.0.0\checker-compat-qual-2.0.0.jar C:\Users\Marwan\.m2\repository\com\google\errorprone\error_prone_annotations\2.1.3\error_prone_annotations-2.1.3.jar C:\Users\Marwan\.m2\repository\com\google\j2objc\j2objc-annotations\1.1\j2objc-annotations-1.1.jar C:\Users\Marwan\.m2\repository\org\codehaus\mojo\animal-sniffer-annotations\1.14\animal-sniffer-annotations-1.14.jar C:\Users\Marwan\.m2\repository\com\squareup\okhttp3\okhttp\3.11.0\okhttp-3.11.0.jar C:\Users\Marwan\.m2\repository\com\squareup\okio\okio\1.14.0\okio-1.14.0.jar
  VMArgs:    -ea
  Class:     org.testng.remote.RemoteTestNG
  Args:      -serport 58593 -d C:\Users\Marwan\Documents\Repos\SeleniumAutomation\webtesting\test-output C:\Users\Marwan\AppData\Local\Temp\testng-eclipse--140282686\testng-customsuite.xml
java -ea -classpath C:\eclipse\plugins\org.testng.eclipse_6.9.10.201512240000\lib\snakeyaml.jar:C:\eclipse\plugins\org.testng.eclipse_6.9.10.201512240000\lib\bsh-2.0b4.jar:C:\eclipse\plugins\org.testng.eclipse_6.9.10.201512240000\lib\jcommander.jar:C:\eclipse\plugins\org.testng.eclipse_6.9.10.201512240000\lib\testng.jar:C:\Users\Marwan\Documents\Repos\SeleniumAutomation\webtesting\target\test-classes:C:\Users\Marwan\Documents\Repos\SeleniumAutomation\webtesting\target\classes:C:\Users\Marwan\.m2\repository\org\testng\testng\6.14.3\testng-6.14.3.jar:C:\Users\Marwan\.m2\repository\com\beust\jcommander\1.72\jcommander-1.72.jar:C:\Users\Marwan\.m2\repository\org\apache-extras\beanshell\bsh\2.0b6\bsh-2.0b6.jar:C:\Users\Marwan\.m2\repository\org\seleniumhq\selenium\selenium-java\3.141.59\selenium-java-3.141.59.jar:C:\Users\Marwan\.m2\repository\org\seleniumhq\selenium\selenium-api\3.141.59\selenium-api-3.141.59.jar:C:\Users\Marwan\.m2\repository\org\seleniumhq\selenium\selenium-chrome-driver\3.141.59\selenium-chrome-driver-3.141.59.jar:C:\Users\Marwan\.m2\repository\org\seleniumhq\selenium\selenium-edge-driver\3.141.59\selenium-edge-driver-3.141.59.jar:C:\Users\Marwan\.m2\repository\org\seleniumhq\selenium\selenium-firefox-driver\3.141.59\selenium-firefox-driver-3.141.59.jar:C:\Users\Marwan\.m2\repository\org\seleniumhq\selenium\selenium-ie-driver\3.141.59\selenium-ie-driver-3.141.59.jar:C:\Users\Marwan\.m2\repository\org\seleniumhq\selenium\selenium-opera-driver\3.141.59\selenium-opera-driver-3.141.59.jar:C:\Users\Marwan\.m2\repository\org\seleniumhq\selenium\selenium-remote-driver\3.141.59\selenium-remote-driver-3.141.59.jar:C:\Users\Marwan\.m2\repository\org\seleniumhq\selenium\selenium-safari-driver\3.141.59\selenium-safari-driver-3.141.59.jar:C:\Users\Marwan\.m2\repository\org\seleniumhq\selenium\selenium-support\3.141.59\selenium-support-3.141.59.jar:C:\Users\Marwan\.m2\repository\net\bytebuddy\byte-buddy\1.8.15\byte-buddy-1.8.15.jar:C:\Users\Marwan\.m2\repository\org\apache\commons\commons-exec\1.3\commons-exec-1.3.jar:C:\Users\Marwan\.m2\repository\com\google\guava\guava\25.0-jre\guava-25.0-jre.jar:C:\Users\Marwan\.m2\repository\com\google\code\findbugs\jsr305\1.3.9\jsr305-1.3.9.jar:C:\Users\Marwan\.m2\repository\org\checkerframework\checker-compat-qual\2.0.0\checker-compat-qual-2.0.0.jar:C:\Users\Marwan\.m2\repository\com\google\errorprone\error_prone_annotations\2.1.3\error_prone_annotations-2.1.3.jar:C:\Users\Marwan\.m2\repository\com\google\j2objc\j2objc-annotations\1.1\j2objc-annotations-1.1.jar:C:\Users\Marwan\.m2\repository\org\codehaus\mojo\animal-sniffer-annotations\1.14\animal-sniffer-annotations-1.14.jar:C:\Users\Marwan\.m2\repository\com\squareup\okhttp3\okhttp\3.11.0\okhttp-3.11.0.jar:C:\Users\Marwan\.m2\repository\com\squareup\okio\okio\1.14.0\okio-1.14.0.jar org.testng.remote.RemoteTestNG -serport 58593 -d C:\Users\Marwan\Documents\Repos\SeleniumAutomation\webtesting\test-output C:\Users\Marwan\AppData\Local\Temp\testng-eclipse--140282686\testng-customsuite.xml

!ENTRY org.testng.eclipse 1 0 2020-04-19 23:52:09.907
!MESSAGE [TestNGLaunchConfigurationDelegate] Launching:
  Classpath: C:\eclipse\plugins\org.testng.eclipse_6.9.10.201512240000\lib\snakeyaml.jar C:\eclipse\plugins\org.testng.eclipse_6.9.10.201512240000\lib\bsh-2.0b4.jar C:\eclipse\plugins\org.testng.eclipse_6.9.10.201512240000\lib\jcommander.jar C:\eclipse\plugins\org.testng.eclipse_6.9.10.201512240000\lib\testng.jar C:\Users\Marwan\Documents\Repos\SeleniumAutomation\webtesting\target\test-classes C:\Users\Marwan\Documents\Repos\SeleniumAutomation\webtesting\target\classes C:\Users\Marwan\.m2\repository\org\testng\testng\6.14.3\testng-6.14.3.jar C:\Users\Marwan\.m2\repository\com\beust\jcommander\1.72\jcommander-1.72.jar C:\Users\Marwan\.m2\repository\org\apache-extras\beanshell\bsh\2.0b6\bsh-2.0b6.jar C:\Users\Marwan\.m2\repository\org\seleniumhq\selenium\selenium-java\3.141.59\selenium-java-3.141.59.jar C:\Users\Marwan\.m2\repository\org\seleniumhq\selenium\selenium-api\3.141.59\selenium-api-3.141.59.jar C:\Users\Marwan\.m2\repository\org\seleniumhq\selenium\selenium-chrome-driver\3.141.59\selenium-chrome-driver-3.141.59.jar C:\Users\Marwan\.m2\repository\org\seleniumhq\selenium\selenium-edge-driver\3.141.59\selenium-edge-driver-3.141.59.jar C:\Users\Marwan\.m2\repository\org\seleniumhq\selenium\selenium-firefox-driver\3.141.59\selenium-firefox-driver-3.141.59.jar C:\Users\Marwan\.m2\repository\org\seleniumhq\selenium\selenium-ie-driver\3.141.59\selenium-ie-driver-3.141.59.jar C:\Users\Marwan\.m2\repository\org\seleniumhq\selenium\selenium-opera-driver\3.141.59\selenium-opera-driver-3.141.59.jar C:\Users\Marwan\.m2\repository\org\seleniumhq\selenium\selenium-remote-driver\3.141.59\selenium-remote-driver-3.141.59.jar C:\Users\Marwan\.m2\repository\org\seleniumhq\selenium\selenium-safari-driver\3.141.59\selenium-safari-driver-3.141.59.jar C:\Users\Marwan\.m2\repository\org\seleniumhq\selenium\selenium-support\3.141.59\selenium-support-3.141.59.jar C:\Users\Marwan\.m2\repository\net\bytebuddy\byte-buddy\1.8.15\byte-buddy-1.8.15.jar C:\Users\Marwan\.m2\repository\org\apache\commons\commons-exec\1.3\commons-exec-1.3.jar C:\Users\Marwan\.m2\repository\com\google\guava\guava\25.0-jre\guava-25.0-jre.jar C:\Users\Marwan\.m2\repository\com\google\code\findbugs\jsr305\1.3.9\jsr305-1.3.9.jar C:\Users\Marwan\.m2\repository\org\checkerframework\checker-compat-qual\2.0.0\checker-compat-qual-2.0.0.jar C:\Users\Marwan\.m2\repository\com\google\errorprone\error_prone_annotations\2.1.3\error_prone_annotations-2.1.3.jar C:\Users\Marwan\.m2\repository\com\google\j2objc\j2objc-annotations\1.1\j2objc-annotations-1.1.jar C:\Users\Marwan\.m2\repository\org\codehaus\mojo\animal-sniffer-annotations\1.14\animal-sniffer-annotations-1.14.jar C:\Users\Marwan\.m2\repository\com\squareup\okhttp3\okhttp\3.11.0\okhttp-3.11.0.jar C:\Users\Marwan\.m2\repository\com\squareup\okio\okio\1.14.0\okio-1.14.0.jar
  VMArgs:    -ea
  Class:     org.testng.remote.RemoteTestNG
  Args:      -serport 58936 -d C:\Users\Marwan\Documents\Repos\SeleniumAutomation\webtesting\test-output C:\Users\Marwan\AppData\Local\Temp\testng-eclipse--1695718509\testng-customsuite.xml
java -ea -classpath C:\eclipse\plugins\org.testng.eclipse_6.9.10.201512240000\lib\snakeyaml.jar:C:\eclipse\plugins\org.testng.eclipse_6.9.10.201512240000\lib\bsh-2.0b4.jar:C:\eclipse\plugins\org.testng.eclipse_6.9.10.201512240000\lib\jcommander.jar:C:\eclipse\plugins\org.testng.eclipse_6.9.10.201512240000\lib\testng.jar:C:\Users\Marwan\Documents\Repos\SeleniumAutomation\webtesting\target\test-classes:C:\Users\Marwan\Documents\Repos\SeleniumAutomation\webtesting\target\classes:C:\Users\Marwan\.m2\repository\org\testng\testng\6.14.3\testng-6.14.3.jar:C:\Users\Marwan\.m2\repository\com\beust\jcommander\1.72\jcommander-1.72.jar:C:\Users\Marwan\.m2\repository\org\apache-extras\beanshell\bsh\2.0b6\bsh-2.0b6.jar:C:\Users\Marwan\.m2\repository\org\seleniumhq\selenium\selenium-java\3.141.59\selenium-java-3.141.59.jar:C:\Users\Marwan\.m2\repository\org\seleniumhq\selenium\selenium-api\3.141.59\selenium-api-3.141.59.jar:C:\Users\Marwan\.m2\repository\org\seleniumhq\selenium\selenium-chrome-driver\3.141.59\selenium-chrome-driver-3.141.59.jar:C:\Users\Marwan\.m2\repository\org\seleniumhq\selenium\selenium-edge-driver\3.141.59\selenium-edge-driver-3.141.59.jar:C:\Users\Marwan\.m2\repository\org\seleniumhq\selenium\selenium-firefox-driver\3.141.59\selenium-firefox-driver-3.141.59.jar:C:\Users\Marwan\.m2\repository\org\seleniumhq\selenium\selenium-ie-driver\3.141.59\selenium-ie-driver-3.141.59.jar:C:\Users\Marwan\.m2\repository\org\seleniumhq\selenium\selenium-opera-driver\3.141.59\selenium-opera-driver-3.141.59.jar:C:\Users\Marwan\.m2\repository\org\seleniumhq\selenium\selenium-remote-driver\3.141.59\selenium-remote-driver-3.141.59.jar:C:\Users\Marwan\.m2\repository\org\seleniumhq\selenium\selenium-safari-driver\3.141.59\selenium-safari-driver-3.141.59.jar:C:\Users\Marwan\.m2\repository\org\seleniumhq\selenium\selenium-support\3.141.59\selenium-support-3.141.59.jar:C:\Users\Marwan\.m2\repository\net\bytebuddy\byte-buddy\1.8.15\byte-buddy-1.8.15.jar:C:\Users\Marwan\.m2\repository\org\apache\commons\commons-exec\1.3\commons-exec-1.3.jar:C:\Users\Marwan\.m2\repository\com\google\guava\guava\25.0-jre\guava-25.0-jre.jar:C:\Users\Marwan\.m2\repository\com\google\code\findbugs\jsr305\1.3.9\jsr305-1.3.9.jar:C:\Users\Marwan\.m2\repository\org\checkerframework\checker-compat-qual\2.0.0\checker-compat-qual-2.0.0.jar:C:\Users\Marwan\.m2\repository\com\google\errorprone\error_prone_annotations\2.1.3\error_prone_annotations-2.1.3.jar:C:\Users\Marwan\.m2\repository\com\google\j2objc\j2objc-annotations\1.1\j2objc-annotations-1.1.jar:C:\Users\Marwan\.m2\repository\org\codehaus\mojo\animal-sniffer-annotations\1.14\animal-sniffer-annotations-1.14.jar:C:\Users\Marwan\.m2\repository\com\squareup\okhttp3\okhttp\3.11.0\okhttp-3.11.0.jar:C:\Users\Marwan\.m2\repository\com\squareup\okio\okio\1.14.0\okio-1.14.0.jar org.testng.remote.RemoteTestNG -serport 58936 -d C:\Users\Marwan\Documents\Repos\SeleniumAutomation\webtesting\test-output C:\Users\Marwan\AppData\Local\Temp\testng-eclipse--1695718509\testng-customsuite.xml

!ENTRY org.testng.eclipse 1 0 2020-04-20 12:42:14.587
!MESSAGE [TestNGLaunchConfigurationDelegate] Launching:
  Classpath: C:\eclipse\plugins\org.testng.eclipse_6.9.10.201512240000\lib\snakeyaml.jar C:\eclipse\plugins\org.testng.eclipse_6.9.10.201512240000\lib\bsh-2.0b4.jar C:\eclipse\plugins\org.testng.eclipse_6.9.10.201512240000\lib\jcommander.jar C:\eclipse\plugins\org.testng.eclipse_6.9.10.201512240000\lib\testng.jar C:\Users\Marwan\Documents\Repos\SeleniumAutomation\webtesting\target\test-classes C:\Users\Marwan\Documents\Repos\SeleniumAutomation\webtesting\target\classes C:\Users\Marwan\.m2\repository\org\testng\testng\6.14.3\testng-6.14.3.jar C:\Users\Marwan\.m2\repository\com\beust\jcommander\1.72\jcommander-1.72.jar C:\Users\Marwan\.m2\repository\org\apache-extras\beanshell\bsh\2.0b6\bsh-2.0b6.jar C:\Users\Marwan\.m2\repository\org\seleniumhq\selenium\selenium-java\3.141.59\selenium-java-3.141.59.jar C:\Users\Marwan\.m2\repository\org\seleniumhq\selenium\selenium-api\3.141.59\selenium-api-3.141.59.jar C:\Users\Marwan\.m2\repository\org\seleniumhq\selenium\selenium-chrome-driver\3.141.59\selenium-chrome-driver-3.141.59.jar C:\Users\Marwan\.m2\repository\org\seleniumhq\selenium\selenium-edge-driver\3.141.59\selenium-edge-driver-3.141.59.jar C:\Users\Marwan\.m2\repository\org\seleniumhq\selenium\selenium-firefox-driver\3.141.59\selenium-firefox-driver-3.141.59.jar C:\Users\Marwan\.m2\repository\org\seleniumhq\selenium\selenium-ie-driver\3.141.59\selenium-ie-driver-3.141.59.jar C:\Users\Marwan\.m2\repository\org\seleniumhq\selenium\selenium-opera-driver\3.141.59\selenium-opera-driver-3.141.59.jar C:\Users\Marwan\.m2\repository\org\seleniumhq\selenium\selenium-remote-driver\3.141.59\selenium-remote-driver-3.141.59.jar C:\Users\Marwan\.m2\repository\org\seleniumhq\selenium\selenium-safari-driver\3.141.59\selenium-safari-driver-3.141.59.jar C:\Users\Marwan\.m2\repository\org\seleniumhq\selenium\selenium-support\3.141.59\selenium-support-3.141.59.jar C:\Users\Marwan\.m2\repository\net\bytebuddy\byte-buddy\1.8.15\byte-buddy-1.8.15.jar C:\Users\Marwan\.m2\repository\org\apache\commons\commons-exec\1.3\commons-exec-1.3.jar C:\Users\Marwan\.m2\repository\com\google\guava\guava\25.0-jre\guava-25.0-jre.jar C:\Users\Marwan\.m2\repository\com\google\code\findbugs\jsr305\1.3.9\jsr305-1.3.9.jar C:\Users\Marwan\.m2\repository\org\checkerframework\checker-compat-qual\2.0.0\checker-compat-qual-2.0.0.jar C:\Users\Marwan\.m2\repository\com\google\errorprone\error_prone_annotations\2.1.3\error_prone_annotations-2.1.3.jar C:\Users\Marwan\.m2\repository\com\google\j2objc\j2objc-annotations\1.1\j2objc-annotations-1.1.jar C:\Users\Marwan\.m2\repository\org\codehaus\mojo\animal-sniffer-annotations\1.14\animal-sniffer-annotations-1.14.jar C:\Users\Marwan\.m2\repository\com\squareup\okhttp3\okhttp\3.11.0\okhttp-3.11.0.jar C:\Users\Marwan\.m2\repository\com\squareup\okio\okio\1.14.0\okio-1.14.0.jar
  VMArgs:    -ea
  Class:     org.testng.remote.RemoteTestNG
  Args:      -serport 63866 -d C:\Users\Marwan\Documents\Repos\SeleniumAutomation\webtesting\test-output C:\Users\Marwan\AppData\Local\Temp\testng-eclipse--2012117404\testng-customsuite.xml
java -ea -classpath C:\eclipse\plugins\org.testng.eclipse_6.9.10.201512240000\lib\snakeyaml.jar:C:\eclipse\plugins\org.testng.eclipse_6.9.10.201512240000\lib\bsh-2.0b4.jar:C:\eclipse\plugins\org.testng.eclipse_6.9.10.201512240000\lib\jcommander.jar:C:\eclipse\plugins\org.testng.eclipse_6.9.10.201512240000\lib\testng.jar:C:\Users\Marwan\Documents\Repos\SeleniumAutomation\webtesting\target\test-classes:C:\Users\Marwan\Documents\Repos\SeleniumAutomation\webtesting\target\classes:C:\Users\Marwan\.m2\repository\org\testng\testng\6.14.3\testng-6.14.3.jar:C:\Users\Marwan\.m2\repository\com\beust\jcommander\1.72\jcommander-1.72.jar:C:\Users\Marwan\.m2\repository\org\apache-extras\beanshell\bsh\2.0b6\bsh-2.0b6.jar:C:\Users\Marwan\.m2\repository\org\seleniumhq\selenium\selenium-java\3.141.59\selenium-java-3.141.59.jar:C:\Users\Marwan\.m2\repository\org\seleniumhq\selenium\selenium-api\3.141.59\selenium-api-3.141.59.jar:C:\Users\Marwan\.m2\repository\org\seleniumhq\selenium\selenium-chrome-driver\3.141.59\selenium-chrome-driver-3.141.59.jar:C:\Users\Marwan\.m2\repository\org\seleniumhq\selenium\selenium-edge-driver\3.141.59\selenium-edge-driver-3.141.59.jar:C:\Users\Marwan\.m2\repository\org\seleniumhq\selenium\selenium-firefox-driver\3.141.59\selenium-firefox-driver-3.141.59.jar:C:\Users\Marwan\.m2\repository\org\seleniumhq\selenium\selenium-ie-driver\3.141.59\selenium-ie-driver-3.141.59.jar:C:\Users\Marwan\.m2\repository\org\seleniumhq\selenium\selenium-opera-driver\3.141.59\selenium-opera-driver-3.141.59.jar:C:\Users\Marwan\.m2\repository\org\seleniumhq\selenium\selenium-remote-driver\3.141.59\selenium-remote-driver-3.141.59.jar:C:\Users\Marwan\.m2\repository\org\seleniumhq\selenium\selenium-safari-driver\3.141.59\selenium-safari-driver-3.141.59.jar:C:\Users\Marwan\.m2\repository\org\seleniumhq\selenium\selenium-support\3.141.59\selenium-support-3.141.59.jar:C:\Users\Marwan\.m2\repository\net\bytebuddy\byte-buddy\1.8.15\byte-buddy-1.8.15.jar:C:\Users\Marwan\.m2\repository\org\apache\commons\commons-exec\1.3\commons-exec-1.3.jar:C:\Users\Marwan\.m2\repository\com\google\guava\guava\25.0-jre\guava-25.0-jre.jar:C:\Users\Marwan\.m2\repository\com\google\code\findbugs\jsr305\1.3.9\jsr305-1.3.9.jar:C:\Users\Marwan\.m2\repository\org\checkerframework\checker-compat-qual\2.0.0\checker-compat-qual-2.0.0.jar:C:\Users\Marwan\.m2\repository\com\google\errorprone\error_prone_annotations\2.1.3\error_prone_annotations-2.1.3.jar:C:\Users\Marwan\.m2\repository\com\google\j2objc\j2objc-annotations\1.1\j2objc-annotations-1.1.jar:C:\Users\Marwan\.m2\repository\org\codehaus\mojo\animal-sniffer-annotations\1.14\animal-sniffer-annotations-1.14.jar:C:\Users\Marwan\.m2\repository\com\squareup\okhttp3\okhttp\3.11.0\okhttp-3.11.0.jar:C:\Users\Marwan\.m2\repository\com\squareup\okio\okio\1.14.0\okio-1.14.0.jar org.testng.remote.RemoteTestNG -serport 63866 -d C:\Users\Marwan\Documents\Repos\SeleniumAutomation\webtesting\test-output C:\Users\Marwan\AppData\Local\Temp\testng-eclipse--2012117404\testng-customsuite.xml

!ENTRY org.testng.eclipse 1 0 2020-04-20 13:01:59.845
!MESSAGE [TestNGLaunchConfigurationDelegate] Launching:
  Classpath: C:\eclipse\plugins\org.testng.eclipse_6.9.10.201512240000\lib\snakeyaml.jar C:\eclipse\plugins\org.testng.eclipse_6.9.10.201512240000\lib\bsh-2.0b4.jar C:\eclipse\plugins\org.testng.eclipse_6.9.10.201512240000\lib\jcommander.jar C:\eclipse\plugins\org.testng.eclipse_6.9.10.201512240000\lib\testng.jar C:\Users\Marwan\Documents\Repos\SeleniumAutomation\webtesting\target\test-classes C:\Users\Marwan\Documents\Repos\SeleniumAutomation\webtesting\target\classes C:\Users\Marwan\.m2\repository\org\testng\testng\6.14.3\testng-6.14.3.jar C:\Users\Marwan\.m2\repository\com\beust\jcommander\1.72\jcommander-1.72.jar C:\Users\Marwan\.m2\repository\org\apache-extras\beanshell\bsh\2.0b6\bsh-2.0b6.jar C:\Users\Marwan\.m2\repository\org\seleniumhq\selenium\selenium-java\3.141.59\selenium-java-3.141.59.jar C:\Users\Marwan\.m2\repository\org\seleniumhq\selenium\selenium-api\3.141.59\selenium-api-3.141.59.jar C:\Users\Marwan\.m2\repository\org\seleniumhq\selenium\selenium-chrome-driver\3.141.59\selenium-chrome-driver-3.141.59.jar C:\Users\Marwan\.m2\repository\org\seleniumhq\selenium\selenium-edge-driver\3.141.59\selenium-edge-driver-3.141.59.jar C:\Users\Marwan\.m2\repository\org\seleniumhq\selenium\selenium-firefox-driver\3.141.59\selenium-firefox-driver-3.141.59.jar C:\Users\Marwan\.m2\repository\org\seleniumhq\selenium\selenium-ie-driver\3.141.59\selenium-ie-driver-3.141.59.jar C:\Users\Marwan\.m2\repository\org\seleniumhq\selenium\selenium-opera-driver\3.141.59\selenium-opera-driver-3.141.59.jar C:\Users\Marwan\.m2\repository\org\seleniumhq\selenium\selenium-remote-driver\3.141.59\selenium-remote-driver-3.141.59.jar C:\Users\Marwan\.m2\repository\org\seleniumhq\selenium\selenium-safari-driver\3.141.59\selenium-safari-driver-3.141.59.jar C:\Users\Marwan\.m2\repository\org\seleniumhq\selenium\selenium-support\3.141.59\selenium-support-3.141.59.jar C:\Users\Marwan\.m2\repository\net\bytebuddy\byte-buddy\1.8.15\byte-buddy-1.8.15.jar C:\Users\Marwan\.m2\repository\org\apache\commons\commons-exec\1.3\commons-exec-1.3.jar C:\Users\Marwan\.m2\repository\com\google\guava\guava\25.0-jre\guava-25.0-jre.jar C:\Users\Marwan\.m2\repository\com\google\code\findbugs\jsr305\1.3.9\jsr305-1.3.9.jar C:\Users\Marwan\.m2\repository\org\checkerframework\checker-compat-qual\2.0.0\checker-compat-qual-2.0.0.jar C:\Users\Marwan\.m2\repository\com\google\errorprone\error_prone_annotations\2.1.3\error_prone_annotations-2.1.3.jar C:\Users\Marwan\.m2\repository\com\google\j2objc\j2objc-annotations\1.1\j2objc-annotations-1.1.jar C:\Users\Marwan\.m2\repository\org\codehaus\mojo\animal-sniffer-annotations\1.14\animal-sniffer-annotations-1.14.jar C:\Users\Marwan\.m2\repository\com\squareup\okhttp3\okhttp\3.11.0\okhttp-3.11.0.jar C:\Users\Marwan\.m2\repository\com\squareup\okio\okio\1.14.0\okio-1.14.0.jar
  VMArgs:    -ea
  Class:     org.testng.remote.RemoteTestNG
  Args:      -serport 64845 -d C:\Users\Marwan\Documents\Repos\SeleniumAutomation\webtesting\test-output C:\Users\Marwan\AppData\Local\Temp\testng-eclipse--2117854954\testng-customsuite.xml
java -ea -classpath C:\eclipse\plugins\org.testng.eclipse_6.9.10.201512240000\lib\snakeyaml.jar:C:\eclipse\plugins\org.testng.eclipse_6.9.10.201512240000\lib\bsh-2.0b4.jar:C:\eclipse\plugins\org.testng.eclipse_6.9.10.201512240000\lib\jcommander.jar:C:\eclipse\plugins\org.testng.eclipse_6.9.10.201512240000\lib\testng.jar:C:\Users\Marwan\Documents\Repos\SeleniumAutomation\webtesting\target\test-classes:C:\Users\Marwan\Documents\Repos\SeleniumAutomation\webtesting\target\classes:C:\Users\Marwan\.m2\repository\org\testng\testng\6.14.3\testng-6.14.3.jar:C:\Users\Marwan\.m2\repository\com\beust\jcommander\1.72\jcommander-1.72.jar:C:\Users\Marwan\.m2\repository\org\apache-extras\beanshell\bsh\2.0b6\bsh-2.0b6.jar:C:\Users\Marwan\.m2\repository\org\seleniumhq\selenium\selenium-java\3.141.59\selenium-java-3.141.59.jar:C:\Users\Marwan\.m2\repository\org\seleniumhq\selenium\selenium-api\3.141.59\selenium-api-3.141.59.jar:C:\Users\Marwan\.m2\repository\org\seleniumhq\selenium\selenium-chrome-driver\3.141.59\selenium-chrome-driver-3.141.59.jar:C:\Users\Marwan\.m2\repository\org\seleniumhq\selenium\selenium-edge-driver\3.141.59\selenium-edge-driver-3.141.59.jar:C:\Users\Marwan\.m2\repository\org\seleniumhq\selenium\selenium-firefox-driver\3.141.59\selenium-firefox-driver-3.141.59.jar:C:\Users\Marwan\.m2\repository\org\seleniumhq\selenium\selenium-ie-driver\3.141.59\selenium-ie-driver-3.141.59.jar:C:\Users\Marwan\.m2\repository\org\seleniumhq\selenium\selenium-opera-driver\3.141.59\selenium-opera-driver-3.141.59.jar:C:\Users\Marwan\.m2\repository\org\seleniumhq\selenium\selenium-remote-driver\3.141.59\selenium-remote-driver-3.141.59.jar:C:\Users\Marwan\.m2\repository\org\seleniumhq\selenium\selenium-safari-driver\3.141.59\selenium-safari-driver-3.141.59.jar:C:\Users\Marwan\.m2\repository\org\seleniumhq\selenium\selenium-support\3.141.59\selenium-support-3.141.59.jar:C:\Users\Marwan\.m2\repository\net\bytebuddy\byte-buddy\1.8.15\byte-buddy-1.8.15.jar:C:\Users\Marwan\.m2\repository\org\apache\commons\commons-exec\1.3\commons-exec-1.3.jar:C:\Users\Marwan\.m2\repository\com\google\guava\guava\25.0-jre\guava-25.0-jre.jar:C:\Users\Marwan\.m2\repository\com\google\code\findbugs\jsr305\1.3.9\jsr305-1.3.9.jar:C:\Users\Marwan\.m2\repository\org\checkerframework\checker-compat-qual\2.0.0\checker-compat-qual-2.0.0.jar:C:\Users\Marwan\.m2\repository\com\google\errorprone\error_prone_annotations\2.1.3\error_prone_annotations-2.1.3.jar:C:\Users\Marwan\.m2\repository\com\google\j2objc\j2objc-annotations\1.1\j2objc-annotations-1.1.jar:C:\Users\Marwan\.m2\repository\org\codehaus\mojo\animal-sniffer-annotations\1.14\animal-sniffer-annotations-1.14.jar:C:\Users\Marwan\.m2\repository\com\squareup\okhttp3\okhttp\3.11.0\okhttp-3.11.0.jar:C:\Users\Marwan\.m2\repository\com\squareup\okio\okio\1.14.0\okio-1.14.0.jar org.testng.remote.RemoteTestNG -serport 64845 -d C:\Users\Marwan\Documents\Repos\SeleniumAutomation\webtesting\test-output C:\Users\Marwan\AppData\Local\Temp\testng-eclipse--2117854954\testng-customsuite.xml

!ENTRY org.testng.eclipse 1 0 2020-04-20 13:03:13.555
!MESSAGE [TestNGLaunchConfigurationDelegate] Launching:
  Classpath: C:\eclipse\plugins\org.testng.eclipse_6.9.10.201512240000\lib\snakeyaml.jar C:\eclipse\plugins\org.testng.eclipse_6.9.10.201512240000\lib\bsh-2.0b4.jar C:\eclipse\plugins\org.testng.eclipse_6.9.10.201512240000\lib\jcommander.jar C:\eclipse\plugins\org.testng.eclipse_6.9.10.201512240000\lib\testng.jar C:\Users\Marwan\Documents\Repos\SeleniumAutomation\webtesting\target\test-classes C:\Users\Marwan\Documents\Repos\SeleniumAutomation\webtesting\target\classes C:\Users\Marwan\.m2\repository\org\testng\testng\6.14.3\testng-6.14.3.jar C:\Users\Marwan\.m2\repository\com\beust\jcommander\1.72\jcommander-1.72.jar C:\Users\Marwan\.m2\repository\org\apache-extras\beanshell\bsh\2.0b6\bsh-2.0b6.jar C:\Users\Marwan\.m2\repository\org\seleniumhq\selenium\selenium-java\3.141.59\selenium-java-3.141.59.jar C:\Users\Marwan\.m2\repository\org\seleniumhq\selenium\selenium-api\3.141.59\selenium-api-3.141.59.jar C:\Users\Marwan\.m2\repository\org\seleniumhq\selenium\selenium-chrome-driver\3.141.59\selenium-chrome-driver-3.141.59.jar C:\Users\Marwan\.m2\repository\org\seleniumhq\selenium\selenium-edge-driver\3.141.59\selenium-edge-driver-3.141.59.jar C:\Users\Marwan\.m2\repository\org\seleniumhq\selenium\selenium-firefox-driver\3.141.59\selenium-firefox-driver-3.141.59.jar C:\Users\Marwan\.m2\repository\org\seleniumhq\selenium\selenium-ie-driver\3.141.59\selenium-ie-driver-3.141.59.jar C:\Users\Marwan\.m2\repository\org\seleniumhq\selenium\selenium-opera-driver\3.141.59\selenium-opera-driver-3.141.59.jar C:\Users\Marwan\.m2\repository\org\seleniumhq\selenium\selenium-remote-driver\3.141.59\selenium-remote-driver-3.141.59.jar C:\Users\Marwan\.m2\repository\org\seleniumhq\selenium\selenium-safari-driver\3.141.59\selenium-safari-driver-3.141.59.jar C:\Users\Marwan\.m2\repository\org\seleniumhq\selenium\selenium-support\3.141.59\selenium-support-3.141.59.jar C:\Users\Marwan\.m2\repository\net\bytebuddy\byte-buddy\1.8.15\byte-buddy-1.8.15.jar C:\Users\Marwan\.m2\repository\org\apache\commons\commons-exec\1.3\commons-exec-1.3.jar C:\Users\Marwan\.m2\repository\com\google\guava\guava\25.0-jre\guava-25.0-jre.jar C:\Users\Marwan\.m2\repository\com\google\code\findbugs\jsr305\1.3.9\jsr305-1.3.9.jar C:\Users\Marwan\.m2\repository\org\checkerframework\checker-compat-qual\2.0.0\checker-compat-qual-2.0.0.jar C:\Users\Marwan\.m2\repository\com\google\errorprone\error_prone_annotations\2.1.3\error_prone_annotations-2.1.3.jar C:\Users\Marwan\.m2\repository\com\google\j2objc\j2objc-annotations\1.1\j2objc-annotations-1.1.jar C:\Users\Marwan\.m2\repository\org\codehaus\mojo\animal-sniffer-annotations\1.14\animal-sniffer-annotations-1.14.jar C:\Users\Marwan\.m2\repository\com\squareup\okhttp3\okhttp\3.11.0\okhttp-3.11.0.jar C:\Users\Marwan\.m2\repository\com\squareup\okio\okio\1.14.0\okio-1.14.0.jar
  VMArgs:    -ea
  Class:     org.testng.remote.RemoteTestNG
  Args:      -serport 64891 -d C:\Users\Marwan\Documents\Repos\SeleniumAutomation\webtesting\test-output C:\Users\Marwan\AppData\Local\Temp\testng-eclipse--1535806489\testng-customsuite.xml
java -ea -classpath C:\eclipse\plugins\org.testng.eclipse_6.9.10.201512240000\lib\snakeyaml.jar:C:\eclipse\plugins\org.testng.eclipse_6.9.10.201512240000\lib\bsh-2.0b4.jar:C:\eclipse\plugins\org.testng.eclipse_6.9.10.201512240000\lib\jcommander.jar:C:\eclipse\plugins\org.testng.eclipse_6.9.10.201512240000\lib\testng.jar:C:\Users\Marwan\Documents\Repos\SeleniumAutomation\webtesting\target\test-classes:C:\Users\Marwan\Documents\Repos\SeleniumAutomation\webtesting\target\classes:C:\Users\Marwan\.m2\repository\org\testng\testng\6.14.3\testng-6.14.3.jar:C:\Users\Marwan\.m2\repository\com\beust\jcommander\1.72\jcommander-1.72.jar:C:\Users\Marwan\.m2\repository\org\apache-extras\beanshell\bsh\2.0b6\bsh-2.0b6.jar:C:\Users\Marwan\.m2\repository\org\seleniumhq\selenium\selenium-java\3.141.59\selenium-java-3.141.59.jar:C:\Users\Marwan\.m2\repository\org\seleniumhq\selenium\selenium-api\3.141.59\selenium-api-3.141.59.jar:C:\Users\Marwan\.m2\repository\org\seleniumhq\selenium\selenium-chrome-driver\3.141.59\selenium-chrome-driver-3.141.59.jar:C:\Users\Marwan\.m2\repository\org\seleniumhq\selenium\selenium-edge-driver\3.141.59\selenium-edge-driver-3.141.59.jar:C:\Users\Marwan\.m2\repository\org\seleniumhq\selenium\selenium-firefox-driver\3.141.59\selenium-firefox-driver-3.141.59.jar:C:\Users\Marwan\.m2\repository\org\seleniumhq\selenium\selenium-ie-driver\3.141.59\selenium-ie-driver-3.141.59.jar:C:\Users\Marwan\.m2\repository\org\seleniumhq\selenium\selenium-opera-driver\3.141.59\selenium-opera-driver-3.141.59.jar:C:\Users\Marwan\.m2\repository\org\seleniumhq\selenium\selenium-remote-driver\3.141.59\selenium-remote-driver-3.141.59.jar:C:\Users\Marwan\.m2\repository\org\seleniumhq\selenium\selenium-safari-driver\3.141.59\selenium-safari-driver-3.141.59.jar:C:\Users\Marwan\.m2\repository\org\seleniumhq\selenium\selenium-support\3.141.59\selenium-support-3.141.59.jar:C:\Users\Marwan\.m2\repository\net\bytebuddy\byte-buddy\1.8.15\byte-buddy-1.8.15.jar:C:\Users\Marwan\.m2\repository\org\apache\commons\commons-exec\1.3\commons-exec-1.3.jar:C:\Users\Marwan\.m2\repository\com\google\guava\guava\25.0-jre\guava-25.0-jre.jar:C:\Users\Marwan\.m2\repository\com\google\code\findbugs\jsr305\1.3.9\jsr305-1.3.9.jar:C:\Users\Marwan\.m2\repository\org\checkerframework\checker-compat-qual\2.0.0\checker-compat-qual-2.0.0.jar:C:\Users\Marwan\.m2\repository\com\google\errorprone\error_prone_annotations\2.1.3\error_prone_annotations-2.1.3.jar:C:\Users\Marwan\.m2\repository\com\google\j2objc\j2objc-annotations\1.1\j2objc-annotations-1.1.jar:C:\Users\Marwan\.m2\repository\org\codehaus\mojo\animal-sniffer-annotations\1.14\animal-sniffer-annotations-1.14.jar:C:\Users\Marwan\.m2\repository\com\squareup\okhttp3\okhttp\3.11.0\okhttp-3.11.0.jar:C:\Users\Marwan\.m2\repository\com\squareup\okio\okio\1.14.0\okio-1.14.0.jar org.testng.remote.RemoteTestNG -serport 64891 -d C:\Users\Marwan\Documents\Repos\SeleniumAutomation\webtesting\test-output C:\Users\Marwan\AppData\Local\Temp\testng-eclipse--1535806489\testng-customsuite.xml

!ENTRY org.testng.eclipse 1 0 2020-04-20 13:04:38.909
!MESSAGE [TestNGLaunchConfigurationDelegate] Launching:
  Classpath: C:\eclipse\plugins\org.testng.eclipse_6.9.10.201512240000\lib\snakeyaml.jar C:\eclipse\plugins\org.testng.eclipse_6.9.10.201512240000\lib\bsh-2.0b4.jar C:\eclipse\plugins\org.testng.eclipse_6.9.10.201512240000\lib\jcommander.jar C:\eclipse\plugins\org.testng.eclipse_6.9.10.201512240000\lib\testng.jar C:\Users\Marwan\Documents\Repos\SeleniumAutomation\webtesting\target\test-classes C:\Users\Marwan\Documents\Repos\SeleniumAutomation\webtesting\target\classes C:\Users\Marwan\.m2\repository\org\testng\testng\6.14.3\testng-6.14.3.jar C:\Users\Marwan\.m2\repository\com\beust\jcommander\1.72\jcommander-1.72.jar C:\Users\Marwan\.m2\repository\org\apache-extras\beanshell\bsh\2.0b6\bsh-2.0b6.jar C:\Users\Marwan\.m2\repository\org\seleniumhq\selenium\selenium-java\3.141.59\selenium-java-3.141.59.jar C:\Users\Marwan\.m2\repository\org\seleniumhq\selenium\selenium-api\3.141.59\selenium-api-3.141.59.jar C:\Users\Marwan\.m2\repository\org\seleniumhq\selenium\selenium-chrome-driver\3.141.59\selenium-chrome-driver-3.141.59.jar C:\Users\Marwan\.m2\repository\org\seleniumhq\selenium\selenium-edge-driver\3.141.59\selenium-edge-driver-3.141.59.jar C:\Users\Marwan\.m2\repository\org\seleniumhq\selenium\selenium-firefox-driver\3.141.59\selenium-firefox-driver-3.141.59.jar C:\Users\Marwan\.m2\repository\org\seleniumhq\selenium\selenium-ie-driver\3.141.59\selenium-ie-driver-3.141.59.jar C:\Users\Marwan\.m2\repository\org\seleniumhq\selenium\selenium-opera-driver\3.141.59\selenium-opera-driver-3.141.59.jar C:\Users\Marwan\.m2\repository\org\seleniumhq\selenium\selenium-remote-driver\3.141.59\selenium-remote-driver-3.141.59.jar C:\Users\Marwan\.m2\repository\org\seleniumhq\selenium\selenium-safari-driver\3.141.59\selenium-safari-driver-3.141.59.jar C:\Users\Marwan\.m2\repository\org\seleniumhq\selenium\selenium-support\3.141.59\selenium-support-3.141.59.jar C:\Users\Marwan\.m2\repository\net\bytebuddy\byte-buddy\1.8.15\byte-buddy-1.8.15.jar C:\Users\Marwan\.m2\repository\org\apache\commons\commons-exec\1.3\commons-exec-1.3.jar C:\Users\Marwan\.m2\repository\com\google\guava\guava\25.0-jre\guava-25.0-jre.jar C:\Users\Marwan\.m2\repository\com\google\code\findbugs\jsr305\1.3.9\jsr305-1.3.9.jar C:\Users\Marwan\.m2\repository\org\checkerframework\checker-compat-qual\2.0.0\checker-compat-qual-2.0.0.jar C:\Users\Marwan\.m2\repository\com\google\errorprone\error_prone_annotations\2.1.3\error_prone_annotations-2.1.3.jar C:\Users\Marwan\.m2\repository\com\google\j2objc\j2objc-annotations\1.1\j2objc-annotations-1.1.jar C:\Users\Marwan\.m2\repository\org\codehaus\mojo\animal-sniffer-annotations\1.14\animal-sniffer-annotations-1.14.jar C:\Users\Marwan\.m2\repository\com\squareup\okhttp3\okhttp\3.11.0\okhttp-3.11.0.jar C:\Users\Marwan\.m2\repository\com\squareup\okio\okio\1.14.0\okio-1.14.0.jar
  VMArgs:    -ea
  Class:     org.testng.remote.RemoteTestNG
  Args:      -serport 64974 -d C:\Users\Marwan\Documents\Repos\SeleniumAutomation\webtesting\test-output C:\Users\Marwan\AppData\Local\Temp\testng-eclipse-1842227557\testng-customsuite.xml
java -ea -classpath C:\eclipse\plugins\org.testng.eclipse_6.9.10.201512240000\lib\snakeyaml.jar:C:\eclipse\plugins\org.testng.eclipse_6.9.10.201512240000\lib\bsh-2.0b4.jar:C:\eclipse\plugins\org.testng.eclipse_6.9.10.201512240000\lib\jcommander.jar:C:\eclipse\plugins\org.testng.eclipse_6.9.10.201512240000\lib\testng.jar:C:\Users\Marwan\Documents\Repos\SeleniumAutomation\webtesting\target\test-classes:C:\Users\Marwan\Documents\Repos\SeleniumAutomation\webtesting\target\classes:C:\Users\Marwan\.m2\repository\org\testng\testng\6.14.3\testng-6.14.3.jar:C:\Users\Marwan\.m2\repository\com\beust\jcommander\1.72\jcommander-1.72.jar:C:\Users\Marwan\.m2\repository\org\apache-extras\beanshell\bsh\2.0b6\bsh-2.0b6.jar:C:\Users\Marwan\.m2\repository\org\seleniumhq\selenium\selenium-java\3.141.59\selenium-java-3.141.59.jar:C:\Users\Marwan\.m2\repository\org\seleniumhq\selenium\selenium-api\3.141.59\selenium-api-3.141.59.jar:C:\Users\Marwan\.m2\repository\org\seleniumhq\selenium\selenium-chrome-driver\3.141.59\selenium-chrome-driver-3.141.59.jar:C:\Users\Marwan\.m2\repository\org\seleniumhq\selenium\selenium-edge-driver\3.141.59\selenium-edge-driver-3.141.59.jar:C:\Users\Marwan\.m2\repository\org\seleniumhq\selenium\selenium-firefox-driver\3.141.59\selenium-firefox-driver-3.141.59.jar:C:\Users\Marwan\.m2\repository\org\seleniumhq\selenium\selenium-ie-driver\3.141.59\selenium-ie-driver-3.141.59.jar:C:\Users\Marwan\.m2\repository\org\seleniumhq\selenium\selenium-opera-driver\3.141.59\selenium-opera-driver-3.141.59.jar:C:\Users\Marwan\.m2\repository\org\seleniumhq\selenium\selenium-remote-driver\3.141.59\selenium-remote-driver-3.141.59.jar:C:\Users\Marwan\.m2\repository\org\seleniumhq\selenium\selenium-safari-driver\3.141.59\selenium-safari-driver-3.141.59.jar:C:\Users\Marwan\.m2\repository\org\seleniumhq\selenium\selenium-support\3.141.59\selenium-support-3.141.59.jar:C:\Users\Marwan\.m2\repository\net\bytebuddy\byte-buddy\1.8.15\byte-buddy-1.8.15.jar:C:\Users\Marwan\.m2\repository\org\apache\commons\commons-exec\1.3\commons-exec-1.3.jar:C:\Users\Marwan\.m2\repository\com\google\guava\guava\25.0-jre\guava-25.0-jre.jar:C:\Users\Marwan\.m2\repository\com\google\code\findbugs\jsr305\1.3.9\jsr305-1.3.9.jar:C:\Users\Marwan\.m2\repository\org\checkerframework\checker-compat-qual\2.0.0\checker-compat-qual-2.0.0.jar:C:\Users\Marwan\.m2\repository\com\google\errorprone\error_prone_annotations\2.1.3\error_prone_annotations-2.1.3.jar:C:\Users\Marwan\.m2\repository\com\google\j2objc\j2objc-annotations\1.1\j2objc-annotations-1.1.jar:C:\Users\Marwan\.m2\repository\org\codehaus\mojo\animal-sniffer-annotations\1.14\animal-sniffer-annotations-1.14.jar:C:\Users\Marwan\.m2\repository\com\squareup\okhttp3\okhttp\3.11.0\okhttp-3.11.0.jar:C:\Users\Marwan\.m2\repository\com\squareup\okio\okio\1.14.0\okio-1.14.0.jar org.testng.remote.RemoteTestNG -serport 64974 -d C:\Users\Marwan\Documents\Repos\SeleniumAutomation\webtesting\test-output C:\Users\Marwan\AppData\Local\Temp\testng-eclipse-1842227557\testng-customsuite.xml

!ENTRY org.testng.eclipse 1 0 2020-04-20 13:07:59.610
!MESSAGE [TestNGLaunchConfigurationDelegate] Launching:
  Classpath: C:\eclipse\plugins\org.testng.eclipse_6.9.10.201512240000\lib\snakeyaml.jar C:\eclipse\plugins\org.testng.eclipse_6.9.10.201512240000\lib\bsh-2.0b4.jar C:\eclipse\plugins\org.testng.eclipse_6.9.10.201512240000\lib\jcommander.jar C:\eclipse\plugins\org.testng.eclipse_6.9.10.201512240000\lib\testng.jar C:\Users\Marwan\Documents\Repos\SeleniumAutomation\webtesting\target\test-classes C:\Users\Marwan\Documents\Repos\SeleniumAutomation\webtesting\target\classes C:\Users\Marwan\.m2\repository\org\testng\testng\6.14.3\testng-6.14.3.jar C:\Users\Marwan\.m2\repository\com\beust\jcommander\1.72\jcommander-1.72.jar C:\Users\Marwan\.m2\repository\org\apache-extras\beanshell\bsh\2.0b6\bsh-2.0b6.jar C:\Users\Marwan\.m2\repository\org\seleniumhq\selenium\selenium-java\3.141.59\selenium-java-3.141.59.jar C:\Users\Marwan\.m2\repository\org\seleniumhq\selenium\selenium-api\3.141.59\selenium-api-3.141.59.jar C:\Users\Marwan\.m2\repository\org\seleniumhq\selenium\selenium-chrome-driver\3.141.59\selenium-chrome-driver-3.141.59.jar C:\Users\Marwan\.m2\repository\org\seleniumhq\selenium\selenium-edge-driver\3.141.59\selenium-edge-driver-3.141.59.jar C:\Users\Marwan\.m2\repository\org\seleniumhq\selenium\selenium-firefox-driver\3.141.59\selenium-firefox-driver-3.141.59.jar C:\Users\Marwan\.m2\repository\org\seleniumhq\selenium\selenium-ie-driver\3.141.59\selenium-ie-driver-3.141.59.jar C:\Users\Marwan\.m2\repository\org\seleniumhq\selenium\selenium-opera-driver\3.141.59\selenium-opera-driver-3.141.59.jar C:\Users\Marwan\.m2\repository\org\seleniumhq\selenium\selenium-remote-driver\3.141.59\selenium-remote-driver-3.141.59.jar C:\Users\Marwan\.m2\repository\org\seleniumhq\selenium\selenium-safari-driver\3.141.59\selenium-safari-driver-3.141.59.jar C:\Users\Marwan\.m2\repository\org\seleniumhq\selenium\selenium-support\3.141.59\selenium-support-3.141.59.jar C:\Users\Marwan\.m2\repository\net\bytebuddy\byte-buddy\1.8.15\byte-buddy-1.8.15.jar C:\Users\Marwan\.m2\repository\org\apache\commons\commons-exec\1.3\commons-exec-1.3.jar C:\Users\Marwan\.m2\repository\com\google\guava\guava\25.0-jre\guava-25.0-jre.jar C:\Users\Marwan\.m2\repository\com\google\code\findbugs\jsr305\1.3.9\jsr305-1.3.9.jar C:\Users\Marwan\.m2\repository\org\checkerframework\checker-compat-qual\2.0.0\checker-compat-qual-2.0.0.jar C:\Users\Marwan\.m2\repository\com\google\errorprone\error_prone_annotations\2.1.3\error_prone_annotations-2.1.3.jar C:\Users\Marwan\.m2\repository\com\google\j2objc\j2objc-annotations\1.1\j2objc-annotations-1.1.jar C:\Users\Marwan\.m2\repository\org\codehaus\mojo\animal-sniffer-annotations\1.14\animal-sniffer-annotations-1.14.jar C:\Users\Marwan\.m2\repository\com\squareup\okhttp3\okhttp\3.11.0\okhttp-3.11.0.jar C:\Users\Marwan\.m2\repository\com\squareup\okio\okio\1.14.0\okio-1.14.0.jar
  VMArgs:    -ea
  Class:     org.testng.remote.RemoteTestNG
  Args:      -serport 65111 -d C:\Users\Marwan\Documents\Repos\SeleniumAutomation\webtesting\test-output C:\Users\Marwan\AppData\Local\Temp\testng-eclipse--1222021597\testng-customsuite.xml
java -ea -classpath C:\eclipse\plugins\org.testng.eclipse_6.9.10.201512240000\lib\snakeyaml.jar:C:\eclipse\plugins\org.testng.eclipse_6.9.10.201512240000\lib\bsh-2.0b4.jar:C:\eclipse\plugins\org.testng.eclipse_6.9.10.201512240000\lib\jcommander.jar:C:\eclipse\plugins\org.testng.eclipse_6.9.10.201512240000\lib\testng.jar:C:\Users\Marwan\Documents\Repos\SeleniumAutomation\webtesting\target\test-classes:C:\Users\Marwan\Documents\Repos\SeleniumAutomation\webtesting\target\classes:C:\Users\Marwan\.m2\repository\org\testng\testng\6.14.3\testng-6.14.3.jar:C:\Users\Marwan\.m2\repository\com\beust\jcommander\1.72\jcommander-1.72.jar:C:\Users\Marwan\.m2\repository\org\apache-extras\beanshell\bsh\2.0b6\bsh-2.0b6.jar:C:\Users\Marwan\.m2\repository\org\seleniumhq\selenium\selenium-java\3.141.59\selenium-java-3.141.59.jar:C:\Users\Marwan\.m2\repository\org\seleniumhq\selenium\selenium-api\3.141.59\selenium-api-3.141.59.jar:C:\Users\Marwan\.m2\repository\org\seleniumhq\selenium\selenium-chrome-driver\3.141.59\selenium-chrome-driver-3.141.59.jar:C:\Users\Marwan\.m2\repository\org\seleniumhq\selenium\selenium-edge-driver\3.141.59\selenium-edge-driver-3.141.59.jar:C:\Users\Marwan\.m2\repository\org\seleniumhq\selenium\selenium-firefox-driver\3.141.59\selenium-firefox-driver-3.141.59.jar:C:\Users\Marwan\.m2\repository\org\seleniumhq\selenium\selenium-ie-driver\3.141.59\selenium-ie-driver-3.141.59.jar:C:\Users\Marwan\.m2\repository\org\seleniumhq\selenium\selenium-opera-driver\3.141.59\selenium-opera-driver-3.141.59.jar:C:\Users\Marwan\.m2\repository\org\seleniumhq\selenium\selenium-remote-driver\3.141.59\selenium-remote-driver-3.141.59.jar:C:\Users\Marwan\.m2\repository\org\seleniumhq\selenium\selenium-safari-driver\3.141.59\selenium-safari-driver-3.141.59.jar:C:\Users\Marwan\.m2\repository\org\seleniumhq\selenium\selenium-support\3.141.59\selenium-support-3.141.59.jar:C:\Users\Marwan\.m2\repository\net\bytebuddy\byte-buddy\1.8.15\byte-buddy-1.8.15.jar:C:\Users\Marwan\.m2\repository\org\apache\commons\commons-exec\1.3\commons-exec-1.3.jar:C:\Users\Marwan\.m2\repository\com\google\guava\guava\25.0-jre\guava-25.0-jre.jar:C:\Users\Marwan\.m2\repository\com\google\code\findbugs\jsr305\1.3.9\jsr305-1.3.9.jar:C:\Users\Marwan\.m2\repository\org\checkerframework\checker-compat-qual\2.0.0\checker-compat-qual-2.0.0.jar:C:\Users\Marwan\.m2\repository\com\google\errorprone\error_prone_annotations\2.1.3\error_prone_annotations-2.1.3.jar:C:\Users\Marwan\.m2\repository\com\google\j2objc\j2objc-annotations\1.1\j2objc-annotations-1.1.jar:C:\Users\Marwan\.m2\repository\org\codehaus\mojo\animal-sniffer-annotations\1.14\animal-sniffer-annotations-1.14.jar:C:\Users\Marwan\.m2\repository\com\squareup\okhttp3\okhttp\3.11.0\okhttp-3.11.0.jar:C:\Users\Marwan\.m2\repository\com\squareup\okio\okio\1.14.0\okio-1.14.0.jar org.testng.remote.RemoteTestNG -serport 65111 -d C:\Users\Marwan\Documents\Repos\SeleniumAutomation\webtesting\test-output C:\Users\Marwan\AppData\Local\Temp\testng-eclipse--1222021597\testng-customsuite.xml

!ENTRY org.testng.eclipse 1 0 2020-04-20 13:08:57.528
!MESSAGE [TestNGLaunchConfigurationDelegate] Launching:
  Classpath: C:\eclipse\plugins\org.testng.eclipse_6.9.10.201512240000\lib\snakeyaml.jar C:\eclipse\plugins\org.testng.eclipse_6.9.10.201512240000\lib\bsh-2.0b4.jar C:\eclipse\plugins\org.testng.eclipse_6.9.10.201512240000\lib\jcommander.jar C:\eclipse\plugins\org.testng.eclipse_6.9.10.201512240000\lib\testng.jar C:\Users\Marwan\Documents\Repos\SeleniumAutomation\webtesting\target\test-classes C:\Users\Marwan\Documents\Repos\SeleniumAutomation\webtesting\target\classes C:\Users\Marwan\.m2\repository\org\testng\testng\6.14.3\testng-6.14.3.jar C:\Users\Marwan\.m2\repository\com\beust\jcommander\1.72\jcommander-1.72.jar C:\Users\Marwan\.m2\repository\org\apache-extras\beanshell\bsh\2.0b6\bsh-2.0b6.jar C:\Users\Marwan\.m2\repository\org\seleniumhq\selenium\selenium-java\3.141.59\selenium-java-3.141.59.jar C:\Users\Marwan\.m2\repository\org\seleniumhq\selenium\selenium-api\3.141.59\selenium-api-3.141.59.jar C:\Users\Marwan\.m2\repository\org\seleniumhq\selenium\selenium-chrome-driver\3.141.59\selenium-chrome-driver-3.141.59.jar C:\Users\Marwan\.m2\repository\org\seleniumhq\selenium\selenium-edge-driver\3.141.59\selenium-edge-driver-3.141.59.jar C:\Users\Marwan\.m2\repository\org\seleniumhq\selenium\selenium-firefox-driver\3.141.59\selenium-firefox-driver-3.141.59.jar C:\Users\Marwan\.m2\repository\org\seleniumhq\selenium\selenium-ie-driver\3.141.59\selenium-ie-driver-3.141.59.jar C:\Users\Marwan\.m2\repository\org\seleniumhq\selenium\selenium-opera-driver\3.141.59\selenium-opera-driver-3.141.59.jar C:\Users\Marwan\.m2\repository\org\seleniumhq\selenium\selenium-remote-driver\3.141.59\selenium-remote-driver-3.141.59.jar C:\Users\Marwan\.m2\repository\org\seleniumhq\selenium\selenium-safari-driver\3.141.59\selenium-safari-driver-3.141.59.jar C:\Users\Marwan\.m2\repository\org\seleniumhq\selenium\selenium-support\3.141.59\selenium-support-3.141.59.jar C:\Users\Marwan\.m2\repository\net\bytebuddy\byte-buddy\1.8.15\byte-buddy-1.8.15.jar C:\Users\Marwan\.m2\repository\org\apache\commons\commons-exec\1.3\commons-exec-1.3.jar C:\Users\Marwan\.m2\repository\com\google\guava\guava\25.0-jre\guava-25.0-jre.jar C:\Users\Marwan\.m2\repository\com\google\code\findbugs\jsr305\1.3.9\jsr305-1.3.9.jar C:\Users\Marwan\.m2\repository\org\checkerframework\checker-compat-qual\2.0.0\checker-compat-qual-2.0.0.jar C:\Users\Marwan\.m2\repository\com\google\errorprone\error_prone_annotations\2.1.3\error_prone_annotations-2.1.3.jar C:\Users\Marwan\.m2\repository\com\google\j2objc\j2objc-annotations\1.1\j2objc-annotations-1.1.jar C:\Users\Marwan\.m2\repository\org\codehaus\mojo\animal-sniffer-annotations\1.14\animal-sniffer-annotations-1.14.jar C:\Users\Marwan\.m2\repository\com\squareup\okhttp3\okhttp\3.11.0\okhttp-3.11.0.jar C:\Users\Marwan\.m2\repository\com\squareup\okio\okio\1.14.0\okio-1.14.0.jar
  VMArgs:    -ea
  Class:     org.testng.remote.RemoteTestNG
  Args:      -serport 65174 -d C:\Users\Marwan\Documents\Repos\SeleniumAutomation\webtesting\test-output C:\Users\Marwan\AppData\Local\Temp\testng-eclipse--1940655921\testng-customsuite.xml
java -ea -classpath C:\eclipse\plugins\org.testng.eclipse_6.9.10.201512240000\lib\snakeyaml.jar:C:\eclipse\plugins\org.testng.eclipse_6.9.10.201512240000\lib\bsh-2.0b4.jar:C:\eclipse\plugins\org.testng.eclipse_6.9.10.201512240000\lib\jcommander.jar:C:\eclipse\plugins\org.testng.eclipse_6.9.10.201512240000\lib\testng.jar:C:\Users\Marwan\Documents\Repos\SeleniumAutomation\webtesting\target\test-classes:C:\Users\Marwan\Documents\Repos\SeleniumAutomation\webtesting\target\classes:C:\Users\Marwan\.m2\repository\org\testng\testng\6.14.3\testng-6.14.3.jar:C:\Users\Marwan\.m2\repository\com\beust\jcommander\1.72\jcommander-1.72.jar:C:\Users\Marwan\.m2\repository\org\apache-extras\beanshell\bsh\2.0b6\bsh-2.0b6.jar:C:\Users\Marwan\.m2\repository\org\seleniumhq\selenium\selenium-java\3.141.59\selenium-java-3.141.59.jar:C:\Users\Marwan\.m2\repository\org\seleniumhq\selenium\selenium-api\3.141.59\selenium-api-3.141.59.jar:C:\Users\Marwan\.m2\repository\org\seleniumhq\selenium\selenium-chrome-driver\3.141.59\selenium-chrome-driver-3.141.59.jar:C:\Users\Marwan\.m2\repository\org\seleniumhq\selenium\selenium-edge-driver\3.141.59\selenium-edge-driver-3.141.59.jar:C:\Users\Marwan\.m2\repository\org\seleniumhq\selenium\selenium-firefox-driver\3.141.59\selenium-firefox-driver-3.141.59.jar:C:\Users\Marwan\.m2\repository\org\seleniumhq\selenium\selenium-ie-driver\3.141.59\selenium-ie-driver-3.141.59.jar:C:\Users\Marwan\.m2\repository\org\seleniumhq\selenium\selenium-opera-driver\3.141.59\selenium-opera-driver-3.141.59.jar:C:\Users\Marwan\.m2\repository\org\seleniumhq\selenium\selenium-remote-driver\3.141.59\selenium-remote-driver-3.141.59.jar:C:\Users\Marwan\.m2\repository\org\seleniumhq\selenium\selenium-safari-driver\3.141.59\selenium-safari-driver-3.141.59.jar:C:\Users\Marwan\.m2\repository\org\seleniumhq\selenium\selenium-support\3.141.59\selenium-support-3.141.59.jar:C:\Users\Marwan\.m2\repository\net\bytebuddy\byte-buddy\1.8.15\byte-buddy-1.8.15.jar:C:\Users\Marwan\.m2\repository\org\apache\commons\commons-exec\1.3\commons-exec-1.3.jar:C:\Users\Marwan\.m2\repository\com\google\guava\guava\25.0-jre\guava-25.0-jre.jar:C:\Users\Marwan\.m2\repository\com\google\code\findbugs\jsr305\1.3.9\jsr305-1.3.9.jar:C:\Users\Marwan\.m2\repository\org\checkerframework\checker-compat-qual\2.0.0\checker-compat-qual-2.0.0.jar:C:\Users\Marwan\.m2\repository\com\google\errorprone\error_prone_annotations\2.1.3\error_prone_annotations-2.1.3.jar:C:\Users\Marwan\.m2\repository\com\google\j2objc\j2objc-annotations\1.1\j2objc-annotations-1.1.jar:C:\Users\Marwan\.m2\repository\org\codehaus\mojo\animal-sniffer-annotations\1.14\animal-sniffer-annotations-1.14.jar:C:\Users\Marwan\.m2\repository\com\squareup\okhttp3\okhttp\3.11.0\okhttp-3.11.0.jar:C:\Users\Marwan\.m2\repository\com\squareup\okio\okio\1.14.0\okio-1.14.0.jar org.testng.remote.RemoteTestNG -serport 65174 -d C:\Users\Marwan\Documents\Repos\SeleniumAutomation\webtesting\test-output C:\Users\Marwan\AppData\Local\Temp\testng-eclipse--1940655921\testng-customsuite.xml

!ENTRY org.testng.eclipse 1 0 2020-04-20 13:10:30.838
!MESSAGE [TestNGLaunchConfigurationDelegate] Launching:
  Classpath: C:\eclipse\plugins\org.testng.eclipse_6.9.10.201512240000\lib\snakeyaml.jar C:\eclipse\plugins\org.testng.eclipse_6.9.10.201512240000\lib\bsh-2.0b4.jar C:\eclipse\plugins\org.testng.eclipse_6.9.10.201512240000\lib\jcommander.jar C:\eclipse\plugins\org.testng.eclipse_6.9.10.201512240000\lib\testng.jar C:\Users\Marwan\Documents\Repos\SeleniumAutomation\webtesting\target\test-classes C:\Users\Marwan\Documents\Repos\SeleniumAutomation\webtesting\target\classes C:\Users\Marwan\.m2\repository\org\testng\testng\6.14.3\testng-6.14.3.jar C:\Users\Marwan\.m2\repository\com\beust\jcommander\1.72\jcommander-1.72.jar C:\Users\Marwan\.m2\repository\org\apache-extras\beanshell\bsh\2.0b6\bsh-2.0b6.jar C:\Users\Marwan\.m2\repository\org\seleniumhq\selenium\selenium-java\3.141.59\selenium-java-3.141.59.jar C:\Users\Marwan\.m2\repository\org\seleniumhq\selenium\selenium-api\3.141.59\selenium-api-3.141.59.jar C:\Users\Marwan\.m2\repository\org\seleniumhq\selenium\selenium-chrome-driver\3.141.59\selenium-chrome-driver-3.141.59.jar C:\Users\Marwan\.m2\repository\org\seleniumhq\selenium\selenium-edge-driver\3.141.59\selenium-edge-driver-3.141.59.jar C:\Users\Marwan\.m2\repository\org\seleniumhq\selenium\selenium-firefox-driver\3.141.59\selenium-firefox-driver-3.141.59.jar C:\Users\Marwan\.m2\repository\org\seleniumhq\selenium\selenium-ie-driver\3.141.59\selenium-ie-driver-3.141.59.jar C:\Users\Marwan\.m2\repository\org\seleniumhq\selenium\selenium-opera-driver\3.141.59\selenium-opera-driver-3.141.59.jar C:\Users\Marwan\.m2\repository\org\seleniumhq\selenium\selenium-remote-driver\3.141.59\selenium-remote-driver-3.141.59.jar C:\Users\Marwan\.m2\repository\org\seleniumhq\selenium\selenium-safari-driver\3.141.59\selenium-safari-driver-3.141.59.jar C:\Users\Marwan\.m2\repository\org\seleniumhq\selenium\selenium-support\3.141.59\selenium-support-3.141.59.jar C:\Users\Marwan\.m2\repository\net\bytebuddy\byte-buddy\1.8.15\byte-buddy-1.8.15.jar C:\Users\Marwan\.m2\repository\org\apache\commons\commons-exec\1.3\commons-exec-1.3.jar C:\Users\Marwan\.m2\repository\com\google\guava\guava\25.0-jre\guava-25.0-jre.jar C:\Users\Marwan\.m2\repository\com\google\code\findbugs\jsr305\1.3.9\jsr305-1.3.9.jar C:\Users\Marwan\.m2\repository\org\checkerframework\checker-compat-qual\2.0.0\checker-compat-qual-2.0.0.jar C:\Users\Marwan\.m2\repository\com\google\errorprone\error_prone_annotations\2.1.3\error_prone_annotations-2.1.3.jar C:\Users\Marwan\.m2\repository\com\google\j2objc\j2objc-annotations\1.1\j2objc-annotations-1.1.jar C:\Users\Marwan\.m2\repository\org\codehaus\mojo\animal-sniffer-annotations\1.14\animal-sniffer-annotations-1.14.jar C:\Users\Marwan\.m2\repository\com\squareup\okhttp3\okhttp\3.11.0\okhttp-3.11.0.jar C:\Users\Marwan\.m2\repository\com\squareup\okio\okio\1.14.0\okio-1.14.0.jar
  VMArgs:    -ea
  Class:     org.testng.remote.RemoteTestNG
  Args:      -serport 65254 -d C:\Users\Marwan\Documents\Repos\SeleniumAutomation\webtesting\test-output C:\Users\Marwan\AppData\Local\Temp\testng-eclipse-421038452\testng-customsuite.xml
java -ea -classpath C:\eclipse\plugins\org.testng.eclipse_6.9.10.201512240000\lib\snakeyaml.jar:C:\eclipse\plugins\org.testng.eclipse_6.9.10.201512240000\lib\bsh-2.0b4.jar:C:\eclipse\plugins\org.testng.eclipse_6.9.10.201512240000\lib\jcommander.jar:C:\eclipse\plugins\org.testng.eclipse_6.9.10.201512240000\lib\testng.jar:C:\Users\Marwan\Documents\Repos\SeleniumAutomation\webtesting\target\test-classes:C:\Users\Marwan\Documents\Repos\SeleniumAutomation\webtesting\target\classes:C:\Users\Marwan\.m2\repository\org\testng\testng\6.14.3\testng-6.14.3.jar:C:\Users\Marwan\.m2\repository\com\beust\jcommander\1.72\jcommander-1.72.jar:C:\Users\Marwan\.m2\repository\org\apache-extras\beanshell\bsh\2.0b6\bsh-2.0b6.jar:C:\Users\Marwan\.m2\repository\org\seleniumhq\selenium\selenium-java\3.141.59\selenium-java-3.141.59.jar:C:\Users\Marwan\.m2\repository\org\seleniumhq\selenium\selenium-api\3.141.59\selenium-api-3.141.59.jar:C:\Users\Marwan\.m2\repository\org\seleniumhq\selenium\selenium-chrome-driver\3.141.59\selenium-chrome-driver-3.141.59.jar:C:\Users\Marwan\.m2\repository\org\seleniumhq\selenium\selenium-edge-driver\3.141.59\selenium-edge-driver-3.141.59.jar:C:\Users\Marwan\.m2\repository\org\seleniumhq\selenium\selenium-firefox-driver\3.141.59\selenium-firefox-driver-3.141.59.jar:C:\Users\Marwan\.m2\repository\org\seleniumhq\selenium\selenium-ie-driver\3.141.59\selenium-ie-driver-3.141.59.jar:C:\Users\Marwan\.m2\repository\org\seleniumhq\selenium\selenium-opera-driver\3.141.59\selenium-opera-driver-3.141.59.jar:C:\Users\Marwan\.m2\repository\org\seleniumhq\selenium\selenium-remote-driver\3.141.59\selenium-remote-driver-3.141.59.jar:C:\Users\Marwan\.m2\repository\org\seleniumhq\selenium\selenium-safari-driver\3.141.59\selenium-safari-driver-3.141.59.jar:C:\Users\Marwan\.m2\repository\org\seleniumhq\selenium\selenium-support\3.141.59\selenium-support-3.141.59.jar:C:\Users\Marwan\.m2\repository\net\bytebuddy\byte-buddy\1.8.15\byte-buddy-1.8.15.jar:C:\Users\Marwan\.m2\repository\org\apache\commons\commons-exec\1.3\commons-exec-1.3.jar:C:\Users\Marwan\.m2\repository\com\google\guava\guava\25.0-jre\guava-25.0-jre.jar:C:\Users\Marwan\.m2\repository\com\google\code\findbugs\jsr305\1.3.9\jsr305-1.3.9.jar:C:\Users\Marwan\.m2\repository\org\checkerframework\checker-compat-qual\2.0.0\checker-compat-qual-2.0.0.jar:C:\Users\Marwan\.m2\repository\com\google\errorprone\error_prone_annotations\2.1.3\error_prone_annotations-2.1.3.jar:C:\Users\Marwan\.m2\repository\com\google\j2objc\j2objc-annotations\1.1\j2objc-annotations-1.1.jar:C:\Users\Marwan\.m2\repository\org\codehaus\mojo\animal-sniffer-annotations\1.14\animal-sniffer-annotations-1.14.jar:C:\Users\Marwan\.m2\repository\com\squareup\okhttp3\okhttp\3.11.0\okhttp-3.11.0.jar:C:\Users\Marwan\.m2\repository\com\squareup\okio\okio\1.14.0\okio-1.14.0.jar org.testng.remote.RemoteTestNG -serport 65254 -d C:\Users\Marwan\Documents\Repos\SeleniumAutomation\webtesting\test-output C:\Users\Marwan\AppData\Local\Temp\testng-eclipse-421038452\testng-customsuite.xml

!ENTRY org.testng.eclipse 1 0 2020-04-20 13:12:47.228
!MESSAGE [TestNGLaunchConfigurationDelegate] Launching:
  Classpath: C:\eclipse\plugins\org.testng.eclipse_6.9.10.201512240000\lib\snakeyaml.jar C:\eclipse\plugins\org.testng.eclipse_6.9.10.201512240000\lib\bsh-2.0b4.jar C:\eclipse\plugins\org.testng.eclipse_6.9.10.201512240000\lib\jcommander.jar C:\eclipse\plugins\org.testng.eclipse_6.9.10.201512240000\lib\testng.jar C:\Users\Marwan\Documents\Repos\SeleniumAutomation\webtesting\target\test-classes C:\Users\Marwan\Documents\Repos\SeleniumAutomation\webtesting\target\classes C:\Users\Marwan\.m2\repository\org\testng\testng\6.14.3\testng-6.14.3.jar C:\Users\Marwan\.m2\repository\com\beust\jcommander\1.72\jcommander-1.72.jar C:\Users\Marwan\.m2\repository\org\apache-extras\beanshell\bsh\2.0b6\bsh-2.0b6.jar C:\Users\Marwan\.m2\repository\org\seleniumhq\selenium\selenium-java\3.141.59\selenium-java-3.141.59.jar C:\Users\Marwan\.m2\repository\org\seleniumhq\selenium\selenium-api\3.141.59\selenium-api-3.141.59.jar C:\Users\Marwan\.m2\repository\org\seleniumhq\selenium\selenium-chrome-driver\3.141.59\selenium-chrome-driver-3.141.59.jar C:\Users\Marwan\.m2\repository\org\seleniumhq\selenium\selenium-edge-driver\3.141.59\selenium-edge-driver-3.141.59.jar C:\Users\Marwan\.m2\repository\org\seleniumhq\selenium\selenium-firefox-driver\3.141.59\selenium-firefox-driver-3.141.59.jar C:\Users\Marwan\.m2\repository\org\seleniumhq\selenium\selenium-ie-driver\3.141.59\selenium-ie-driver-3.141.59.jar C:\Users\Marwan\.m2\repository\org\seleniumhq\selenium\selenium-opera-driver\3.141.59\selenium-opera-driver-3.141.59.jar C:\Users\Marwan\.m2\repository\org\seleniumhq\selenium\selenium-remote-driver\3.141.59\selenium-remote-driver-3.141.59.jar C:\Users\Marwan\.m2\repository\org\seleniumhq\selenium\selenium-safari-driver\3.141.59\selenium-safari-driver-3.141.59.jar C:\Users\Marwan\.m2\repository\org\seleniumhq\selenium\selenium-support\3.141.59\selenium-support-3.141.59.jar C:\Users\Marwan\.m2\repository\net\bytebuddy\byte-buddy\1.8.15\byte-buddy-1.8.15.jar C:\Users\Marwan\.m2\repository\org\apache\commons\commons-exec\1.3\commons-exec-1.3.jar C:\Users\Marwan\.m2\repository\com\google\guava\guava\25.0-jre\guava-25.0-jre.jar C:\Users\Marwan\.m2\repository\com\google\code\findbugs\jsr305\1.3.9\jsr305-1.3.9.jar C:\Users\Marwan\.m2\repository\org\checkerframework\checker-compat-qual\2.0.0\checker-compat-qual-2.0.0.jar C:\Users\Marwan\.m2\repository\com\google\errorprone\error_prone_annotations\2.1.3\error_prone_annotations-2.1.3.jar C:\Users\Marwan\.m2\repository\com\google\j2objc\j2objc-annotations\1.1\j2objc-annotations-1.1.jar C:\Users\Marwan\.m2\repository\org\codehaus\mojo\animal-sniffer-annotations\1.14\animal-sniffer-annotations-1.14.jar C:\Users\Marwan\.m2\repository\com\squareup\okhttp3\okhttp\3.11.0\okhttp-3.11.0.jar C:\Users\Marwan\.m2\repository\com\squareup\okio\okio\1.14.0\okio-1.14.0.jar
  VMArgs:    -ea
  Class:     org.testng.remote.RemoteTestNG
  Args:      -serport 65424 -d C:\Users\Marwan\Documents\Repos\SeleniumAutomation\webtesting\test-output C:\Users\Marwan\AppData\Local\Temp\testng-eclipse--308614028\testng-customsuite.xml
java -ea -classpath C:\eclipse\plugins\org.testng.eclipse_6.9.10.201512240000\lib\snakeyaml.jar:C:\eclipse\plugins\org.testng.eclipse_6.9.10.201512240000\lib\bsh-2.0b4.jar:C:\eclipse\plugins\org.testng.eclipse_6.9.10.201512240000\lib\jcommander.jar:C:\eclipse\plugins\org.testng.eclipse_6.9.10.201512240000\lib\testng.jar:C:\Users\Marwan\Documents\Repos\SeleniumAutomation\webtesting\target\test-classes:C:\Users\Marwan\Documents\Repos\SeleniumAutomation\webtesting\target\classes:C:\Users\Marwan\.m2\repository\org\testng\testng\6.14.3\testng-6.14.3.jar:C:\Users\Marwan\.m2\repository\com\beust\jcommander\1.72\jcommander-1.72.jar:C:\Users\Marwan\.m2\repository\org\apache-extras\beanshell\bsh\2.0b6\bsh-2.0b6.jar:C:\Users\Marwan\.m2\repository\org\seleniumhq\selenium\selenium-java\3.141.59\selenium-java-3.141.59.jar:C:\Users\Marwan\.m2\repository\org\seleniumhq\selenium\selenium-api\3.141.59\selenium-api-3.141.59.jar:C:\Users\Marwan\.m2\repository\org\seleniumhq\selenium\selenium-chrome-driver\3.141.59\selenium-chrome-driver-3.141.59.jar:C:\Users\Marwan\.m2\repository\org\seleniumhq\selenium\selenium-edge-driver\3.141.59\selenium-edge-driver-3.141.59.jar:C:\Users\Marwan\.m2\repository\org\seleniumhq\selenium\selenium-firefox-driver\3.141.59\selenium-firefox-driver-3.141.59.jar:C:\Users\Marwan\.m2\repository\org\seleniumhq\selenium\selenium-ie-driver\3.141.59\selenium-ie-driver-3.141.59.jar:C:\Users\Marwan\.m2\repository\org\seleniumhq\selenium\selenium-opera-driver\3.141.59\selenium-opera-driver-3.141.59.jar:C:\Users\Marwan\.m2\repository\org\seleniumhq\selenium\selenium-remote-driver\3.141.59\selenium-remote-driver-3.141.59.jar:C:\Users\Marwan\.m2\repository\org\seleniumhq\selenium\selenium-safari-driver\3.141.59\selenium-safari-driver-3.141.59.jar:C:\Users\Marwan\.m2\repository\org\seleniumhq\selenium\selenium-support\3.141.59\selenium-support-3.141.59.jar:C:\Users\Marwan\.m2\repository\net\bytebuddy\byte-buddy\1.8.15\byte-buddy-1.8.15.jar:C:\Users\Marwan\.m2\repository\org\apache\commons\commons-exec\1.3\commons-exec-1.3.jar:C:\Users\Marwan\.m2\repository\com\google\guava\guava\25.0-jre\guava-25.0-jre.jar:C:\Users\Marwan\.m2\repository\com\google\code\findbugs\jsr305\1.3.9\jsr305-1.3.9.jar:C:\Users\Marwan\.m2\repository\org\checkerframework\checker-compat-qual\2.0.0\checker-compat-qual-2.0.0.jar:C:\Users\Marwan\.m2\repository\com\google\errorprone\error_prone_annotations\2.1.3\error_prone_annotations-2.1.3.jar:C:\Users\Marwan\.m2\repository\com\google\j2objc\j2objc-annotations\1.1\j2objc-annotations-1.1.jar:C:\Users\Marwan\.m2\repository\org\codehaus\mojo\animal-sniffer-annotations\1.14\animal-sniffer-annotations-1.14.jar:C:\Users\Marwan\.m2\repository\com\squareup\okhttp3\okhttp\3.11.0\okhttp-3.11.0.jar:C:\Users\Marwan\.m2\repository\com\squareup\okio\okio\1.14.0\okio-1.14.0.jar org.testng.remote.RemoteTestNG -serport 65424 -d C:\Users\Marwan\Documents\Repos\SeleniumAutomation\webtesting\test-output C:\Users\Marwan\AppData\Local\Temp\testng-eclipse--308614028\testng-customsuite.xml

!ENTRY org.testng.eclipse 1 0 2020-04-20 13:15:16.761
!MESSAGE [TestNGLaunchConfigurationDelegate] Launching:
  Classpath: C:\eclipse\plugins\org.testng.eclipse_6.9.10.201512240000\lib\snakeyaml.jar C:\eclipse\plugins\org.testng.eclipse_6.9.10.201512240000\lib\bsh-2.0b4.jar C:\eclipse\plugins\org.testng.eclipse_6.9.10.201512240000\lib\jcommander.jar C:\eclipse\plugins\org.testng.eclipse_6.9.10.201512240000\lib\testng.jar C:\Users\Marwan\Documents\Repos\SeleniumAutomation\webtesting\target\test-classes C:\Users\Marwan\Documents\Repos\SeleniumAutomation\webtesting\target\classes C:\Users\Marwan\.m2\repository\org\testng\testng\6.14.3\testng-6.14.3.jar C:\Users\Marwan\.m2\repository\com\beust\jcommander\1.72\jcommander-1.72.jar C:\Users\Marwan\.m2\repository\org\apache-extras\beanshell\bsh\2.0b6\bsh-2.0b6.jar C:\Users\Marwan\.m2\repository\org\seleniumhq\selenium\selenium-java\3.141.59\selenium-java-3.141.59.jar C:\Users\Marwan\.m2\repository\org\seleniumhq\selenium\selenium-api\3.141.59\selenium-api-3.141.59.jar C:\Users\Marwan\.m2\repository\org\seleniumhq\selenium\selenium-chrome-driver\3.141.59\selenium-chrome-driver-3.141.59.jar C:\Users\Marwan\.m2\repository\org\seleniumhq\selenium\selenium-edge-driver\3.141.59\selenium-edge-driver-3.141.59.jar C:\Users\Marwan\.m2\repository\org\seleniumhq\selenium\selenium-firefox-driver\3.141.59\selenium-firefox-driver-3.141.59.jar C:\Users\Marwan\.m2\repository\org\seleniumhq\selenium\selenium-ie-driver\3.141.59\selenium-ie-driver-3.141.59.jar C:\Users\Marwan\.m2\repository\org\seleniumhq\selenium\selenium-opera-driver\3.141.59\selenium-opera-driver-3.141.59.jar C:\Users\Marwan\.m2\repository\org\seleniumhq\selenium\selenium-remote-driver\3.141.59\selenium-remote-driver-3.141.59.jar C:\Users\Marwan\.m2\repository\org\seleniumhq\selenium\selenium-safari-driver\3.141.59\selenium-safari-driver-3.141.59.jar C:\Users\Marwan\.m2\repository\org\seleniumhq\selenium\selenium-support\3.141.59\selenium-support-3.141.59.jar C:\Users\Marwan\.m2\repository\net\bytebuddy\byte-buddy\1.8.15\byte-buddy-1.8.15.jar C:\Users\Marwan\.m2\repository\org\apache\commons\commons-exec\1.3\commons-exec-1.3.jar C:\Users\Marwan\.m2\repository\com\google\guava\guava\25.0-jre\guava-25.0-jre.jar C:\Users\Marwan\.m2\repository\com\google\code\findbugs\jsr305\1.3.9\jsr305-1.3.9.jar C:\Users\Marwan\.m2\repository\org\checkerframework\checker-compat-qual\2.0.0\checker-compat-qual-2.0.0.jar C:\Users\Marwan\.m2\repository\com\google\errorprone\error_prone_annotations\2.1.3\error_prone_annotations-2.1.3.jar C:\Users\Marwan\.m2\repository\com\google\j2objc\j2objc-annotations\1.1\j2objc-annotations-1.1.jar C:\Users\Marwan\.m2\repository\org\codehaus\mojo\animal-sniffer-annotations\1.14\animal-sniffer-annotations-1.14.jar C:\Users\Marwan\.m2\repository\com\squareup\okhttp3\okhttp\3.11.0\okhttp-3.11.0.jar C:\Users\Marwan\.m2\repository\com\squareup\okio\okio\1.14.0\okio-1.14.0.jar
  VMArgs:    -ea
  Class:     org.testng.remote.RemoteTestNG
  Args:      -serport 49157 -d C:\Users\Marwan\Documents\Repos\SeleniumAutomation\webtesting\test-output C:\Users\Marwan\AppData\Local\Temp\testng-eclipse-1884252199\testng-customsuite.xml
java -ea -classpath C:\eclipse\plugins\org.testng.eclipse_6.9.10.201512240000\lib\snakeyaml.jar:C:\eclipse\plugins\org.testng.eclipse_6.9.10.201512240000\lib\bsh-2.0b4.jar:C:\eclipse\plugins\org.testng.eclipse_6.9.10.201512240000\lib\jcommander.jar:C:\eclipse\plugins\org.testng.eclipse_6.9.10.201512240000\lib\testng.jar:C:\Users\Marwan\Documents\Repos\SeleniumAutomation\webtesting\target\test-classes:C:\Users\Marwan\Documents\Repos\SeleniumAutomation\webtesting\target\classes:C:\Users\Marwan\.m2\repository\org\testng\testng\6.14.3\testng-6.14.3.jar:C:\Users\Marwan\.m2\repository\com\beust\jcommander\1.72\jcommander-1.72.jar:C:\Users\Marwan\.m2\repository\org\apache-extras\beanshell\bsh\2.0b6\bsh-2.0b6.jar:C:\Users\Marwan\.m2\repository\org\seleniumhq\selenium\selenium-java\3.141.59\selenium-java-3.141.59.jar:C:\Users\Marwan\.m2\repository\org\seleniumhq\selenium\selenium-api\3.141.59\selenium-api-3.141.59.jar:C:\Users\Marwan\.m2\repository\org\seleniumhq\selenium\selenium-chrome-driver\3.141.59\selenium-chrome-driver-3.141.59.jar:C:\Users\Marwan\.m2\repository\org\seleniumhq\selenium\selenium-edge-driver\3.141.59\selenium-edge-driver-3.141.59.jar:C:\Users\Marwan\.m2\repository\org\seleniumhq\selenium\selenium-firefox-driver\3.141.59\selenium-firefox-driver-3.141.59.jar:C:\Users\Marwan\.m2\repository\org\seleniumhq\selenium\selenium-ie-driver\3.141.59\selenium-ie-driver-3.141.59.jar:C:\Users\Marwan\.m2\repository\org\seleniumhq\selenium\selenium-opera-driver\3.141.59\selenium-opera-driver-3.141.59.jar:C:\Users\Marwan\.m2\repository\org\seleniumhq\selenium\selenium-remote-driver\3.141.59\selenium-remote-driver-3.141.59.jar:C:\Users\Marwan\.m2\repository\org\seleniumhq\selenium\selenium-safari-driver\3.141.59\selenium-safari-driver-3.141.59.jar:C:\Users\Marwan\.m2\repository\org\seleniumhq\selenium\selenium-support\3.141.59\selenium-support-3.141.59.jar:C:\Users\Marwan\.m2\repository\net\bytebuddy\byte-buddy\1.8.15\byte-buddy-1.8.15.jar:C:\Users\Marwan\.m2\repository\org\apache\commons\commons-exec\1.3\commons-exec-1.3.jar:C:\Users\Marwan\.m2\repository\com\google\guava\guava\25.0-jre\guava-25.0-jre.jar:C:\Users\Marwan\.m2\repository\com\google\code\findbugs\jsr305\1.3.9\jsr305-1.3.9.jar:C:\Users\Marwan\.m2\repository\org\checkerframework\checker-compat-qual\2.0.0\checker-compat-qual-2.0.0.jar:C:\Users\Marwan\.m2\repository\com\google\errorprone\error_prone_annotations\2.1.3\error_prone_annotations-2.1.3.jar:C:\Users\Marwan\.m2\repository\com\google\j2objc\j2objc-annotations\1.1\j2objc-annotations-1.1.jar:C:\Users\Marwan\.m2\repository\org\codehaus\mojo\animal-sniffer-annotations\1.14\animal-sniffer-annotations-1.14.jar:C:\Users\Marwan\.m2\repository\com\squareup\okhttp3\okhttp\3.11.0\okhttp-3.11.0.jar:C:\Users\Marwan\.m2\repository\com\squareup\okio\okio\1.14.0\okio-1.14.0.jar org.testng.remote.RemoteTestNG -serport 49157 -d C:\Users\Marwan\Documents\Repos\SeleniumAutomation\webtesting\test-output C:\Users\Marwan\AppData\Local\Temp\testng-eclipse-1884252199\testng-customsuite.xml

!ENTRY org.testng.eclipse 1 0 2020-04-20 13:21:02.151
!MESSAGE [TestNGLaunchConfigurationDelegate] Launching:
  Classpath: C:\eclipse\plugins\org.testng.eclipse_6.9.10.201512240000\lib\snakeyaml.jar C:\eclipse\plugins\org.testng.eclipse_6.9.10.201512240000\lib\bsh-2.0b4.jar C:\eclipse\plugins\org.testng.eclipse_6.9.10.201512240000\lib\jcommander.jar C:\eclipse\plugins\org.testng.eclipse_6.9.10.201512240000\lib\testng.jar C:\Users\Marwan\Documents\Repos\SeleniumAutomation\webtesting\target\test-classes C:\Users\Marwan\Documents\Repos\SeleniumAutomation\webtesting\target\classes C:\Users\Marwan\.m2\repository\org\testng\testng\6.14.3\testng-6.14.3.jar C:\Users\Marwan\.m2\repository\com\beust\jcommander\1.72\jcommander-1.72.jar C:\Users\Marwan\.m2\repository\org\apache-extras\beanshell\bsh\2.0b6\bsh-2.0b6.jar C:\Users\Marwan\.m2\repository\org\seleniumhq\selenium\selenium-java\3.141.59\selenium-java-3.141.59.jar C:\Users\Marwan\.m2\repository\org\seleniumhq\selenium\selenium-api\3.141.59\selenium-api-3.141.59.jar C:\Users\Marwan\.m2\repository\org\seleniumhq\selenium\selenium-chrome-driver\3.141.59\selenium-chrome-driver-3.141.59.jar C:\Users\Marwan\.m2\repository\org\seleniumhq\selenium\selenium-edge-driver\3.141.59\selenium-edge-driver-3.141.59.jar C:\Users\Marwan\.m2\repository\org\seleniumhq\selenium\selenium-firefox-driver\3.141.59\selenium-firefox-driver-3.141.59.jar C:\Users\Marwan\.m2\repository\org\seleniumhq\selenium\selenium-ie-driver\3.141.59\selenium-ie-driver-3.141.59.jar C:\Users\Marwan\.m2\repository\org\seleniumhq\selenium\selenium-opera-driver\3.141.59\selenium-opera-driver-3.141.59.jar C:\Users\Marwan\.m2\repository\org\seleniumhq\selenium\selenium-remote-driver\3.141.59\selenium-remote-driver-3.141.59.jar C:\Users\Marwan\.m2\repository\org\seleniumhq\selenium\selenium-safari-driver\3.141.59\selenium-safari-driver-3.141.59.jar C:\Users\Marwan\.m2\repository\org\seleniumhq\selenium\selenium-support\3.141.59\selenium-support-3.141.59.jar C:\Users\Marwan\.m2\repository\net\bytebuddy\byte-buddy\1.8.15\byte-buddy-1.8.15.jar C:\Users\Marwan\.m2\repository\org\apache\commons\commons-exec\1.3\commons-exec-1.3.jar C:\Users\Marwan\.m2\repository\com\google\guava\guava\25.0-jre\guava-25.0-jre.jar C:\Users\Marwan\.m2\repository\com\google\code\findbugs\jsr305\1.3.9\jsr305-1.3.9.jar C:\Users\Marwan\.m2\repository\org\checkerframework\checker-compat-qual\2.0.0\checker-compat-qual-2.0.0.jar C:\Users\Marwan\.m2\repository\com\google\errorprone\error_prone_annotations\2.1.3\error_prone_annotations-2.1.3.jar C:\Users\Marwan\.m2\repository\com\google\j2objc\j2objc-annotations\1.1\j2objc-annotations-1.1.jar C:\Users\Marwan\.m2\repository\org\codehaus\mojo\animal-sniffer-annotations\1.14\animal-sniffer-annotations-1.14.jar C:\Users\Marwan\.m2\repository\com\squareup\okhttp3\okhttp\3.11.0\okhttp-3.11.0.jar C:\Users\Marwan\.m2\repository\com\squareup\okio\okio\1.14.0\okio-1.14.0.jar
  VMArgs:    -ea
  Class:     org.testng.remote.RemoteTestNG
  Args:      -serport 49376 -d C:\Users\Marwan\Documents\Repos\SeleniumAutomation\webtesting\test-output C:\Users\Marwan\AppData\Local\Temp\testng-eclipse--2081651331\testng-customsuite.xml
java -ea -classpath C:\eclipse\plugins\org.testng.eclipse_6.9.10.201512240000\lib\snakeyaml.jar:C:\eclipse\plugins\org.testng.eclipse_6.9.10.201512240000\lib\bsh-2.0b4.jar:C:\eclipse\plugins\org.testng.eclipse_6.9.10.201512240000\lib\jcommander.jar:C:\eclipse\plugins\org.testng.eclipse_6.9.10.201512240000\lib\testng.jar:C:\Users\Marwan\Documents\Repos\SeleniumAutomation\webtesting\target\test-classes:C:\Users\Marwan\Documents\Repos\SeleniumAutomation\webtesting\target\classes:C:\Users\Marwan\.m2\repository\org\testng\testng\6.14.3\testng-6.14.3.jar:C:\Users\Marwan\.m2\repository\com\beust\jcommander\1.72\jcommander-1.72.jar:C:\Users\Marwan\.m2\repository\org\apache-extras\beanshell\bsh\2.0b6\bsh-2.0b6.jar:C:\Users\Marwan\.m2\repository\org\seleniumhq\selenium\selenium-java\3.141.59\selenium-java-3.141.59.jar:C:\Users\Marwan\.m2\repository\org\seleniumhq\selenium\selenium-api\3.141.59\selenium-api-3.141.59.jar:C:\Users\Marwan\.m2\repository\org\seleniumhq\selenium\selenium-chrome-driver\3.141.59\selenium-chrome-driver-3.141.59.jar:C:\Users\Marwan\.m2\repository\org\seleniumhq\selenium\selenium-edge-driver\3.141.59\selenium-edge-driver-3.141.59.jar:C:\Users\Marwan\.m2\repository\org\seleniumhq\selenium\selenium-firefox-driver\3.141.59\selenium-firefox-driver-3.141.59.jar:C:\Users\Marwan\.m2\repository\org\seleniumhq\selenium\selenium-ie-driver\3.141.59\selenium-ie-driver-3.141.59.jar:C:\Users\Marwan\.m2\repository\org\seleniumhq\selenium\selenium-opera-driver\3.141.59\selenium-opera-driver-3.141.59.jar:C:\Users\Marwan\.m2\repository\org\seleniumhq\selenium\selenium-remote-driver\3.141.59\selenium-remote-driver-3.141.59.jar:C:\Users\Marwan\.m2\repository\org\seleniumhq\selenium\selenium-safari-driver\3.141.59\selenium-safari-driver-3.141.59.jar:C:\Users\Marwan\.m2\repository\org\seleniumhq\selenium\selenium-support\3.141.59\selenium-support-3.141.59.jar:C:\Users\Marwan\.m2\repository\net\bytebuddy\byte-buddy\1.8.15\byte-buddy-1.8.15.jar:C:\Users\Marwan\.m2\repository\org\apache\commons\commons-exec\1.3\commons-exec-1.3.jar:C:\Users\Marwan\.m2\repository\com\google\guava\guava\25.0-jre\guava-25.0-jre.jar:C:\Users\Marwan\.m2\repository\com\google\code\findbugs\jsr305\1.3.9\jsr305-1.3.9.jar:C:\Users\Marwan\.m2\repository\org\checkerframework\checker-compat-qual\2.0.0\checker-compat-qual-2.0.0.jar:C:\Users\Marwan\.m2\repository\com\google\errorprone\error_prone_annotations\2.1.3\error_prone_annotations-2.1.3.jar:C:\Users\Marwan\.m2\repository\com\google\j2objc\j2objc-annotations\1.1\j2objc-annotations-1.1.jar:C:\Users\Marwan\.m2\repository\org\codehaus\mojo\animal-sniffer-annotations\1.14\animal-sniffer-annotations-1.14.jar:C:\Users\Marwan\.m2\repository\com\squareup\okhttp3\okhttp\3.11.0\okhttp-3.11.0.jar:C:\Users\Marwan\.m2\repository\com\squareup\okio\okio\1.14.0\okio-1.14.0.jar org.testng.remote.RemoteTestNG -serport 49376 -d C:\Users\Marwan\Documents\Repos\SeleniumAutomation\webtesting\test-output C:\Users\Marwan\AppData\Local\Temp\testng-eclipse--2081651331\testng-customsuite.xml

!ENTRY org.testng.eclipse 1 0 2020-04-20 13:30:09.325
!MESSAGE [TestNGLaunchConfigurationDelegate] Launching:
  Classpath: C:\eclipse\plugins\org.testng.eclipse_6.9.10.201512240000\lib\snakeyaml.jar C:\eclipse\plugins\org.testng.eclipse_6.9.10.201512240000\lib\bsh-2.0b4.jar C:\eclipse\plugins\org.testng.eclipse_6.9.10.201512240000\lib\jcommander.jar C:\eclipse\plugins\org.testng.eclipse_6.9.10.201512240000\lib\testng.jar C:\Users\Marwan\Documents\Repos\SeleniumAutomation\webtesting\target\test-classes C:\Users\Marwan\Documents\Repos\SeleniumAutomation\webtesting\target\classes C:\Users\Marwan\.m2\repository\org\testng\testng\6.14.3\testng-6.14.3.jar C:\Users\Marwan\.m2\repository\com\beust\jcommander\1.72\jcommander-1.72.jar C:\Users\Marwan\.m2\repository\org\apache-extras\beanshell\bsh\2.0b6\bsh-2.0b6.jar C:\Users\Marwan\.m2\repository\org\seleniumhq\selenium\selenium-java\3.141.59\selenium-java-3.141.59.jar C:\Users\Marwan\.m2\repository\org\seleniumhq\selenium\selenium-api\3.141.59\selenium-api-3.141.59.jar C:\Users\Marwan\.m2\repository\org\seleniumhq\selenium\selenium-chrome-driver\3.141.59\selenium-chrome-driver-3.141.59.jar C:\Users\Marwan\.m2\repository\org\seleniumhq\selenium\selenium-edge-driver\3.141.59\selenium-edge-driver-3.141.59.jar C:\Users\Marwan\.m2\repository\org\seleniumhq\selenium\selenium-firefox-driver\3.141.59\selenium-firefox-driver-3.141.59.jar C:\Users\Marwan\.m2\repository\org\seleniumhq\selenium\selenium-ie-driver\3.141.59\selenium-ie-driver-3.141.59.jar C:\Users\Marwan\.m2\repository\org\seleniumhq\selenium\selenium-opera-driver\3.141.59\selenium-opera-driver-3.141.59.jar C:\Users\Marwan\.m2\repository\org\seleniumhq\selenium\selenium-remote-driver\3.141.59\selenium-remote-driver-3.141.59.jar C:\Users\Marwan\.m2\repository\org\seleniumhq\selenium\selenium-safari-driver\3.141.59\selenium-safari-driver-3.141.59.jar C:\Users\Marwan\.m2\repository\org\seleniumhq\selenium\selenium-support\3.141.59\selenium-support-3.141.59.jar C:\Users\Marwan\.m2\repository\net\bytebuddy\byte-buddy\1.8.15\byte-buddy-1.8.15.jar C:\Users\Marwan\.m2\repository\org\apache\commons\commons-exec\1.3\commons-exec-1.3.jar C:\Users\Marwan\.m2\repository\com\google\guava\guava\25.0-jre\guava-25.0-jre.jar C:\Users\Marwan\.m2\repository\com\google\code\findbugs\jsr305\1.3.9\jsr305-1.3.9.jar C:\Users\Marwan\.m2\repository\org\checkerframework\checker-compat-qual\2.0.0\checker-compat-qual-2.0.0.jar C:\Users\Marwan\.m2\repository\com\google\errorprone\error_prone_annotations\2.1.3\error_prone_annotations-2.1.3.jar C:\Users\Marwan\.m2\repository\com\google\j2objc\j2objc-annotations\1.1\j2objc-annotations-1.1.jar C:\Users\Marwan\.m2\repository\org\codehaus\mojo\animal-sniffer-annotations\1.14\animal-sniffer-annotations-1.14.jar C:\Users\Marwan\.m2\repository\com\squareup\okhttp3\okhttp\3.11.0\okhttp-3.11.0.jar C:\Users\Marwan\.m2\repository\com\squareup\okio\okio\1.14.0\okio-1.14.0.jar
  VMArgs:    -ea
  Class:     org.testng.remote.RemoteTestNG
  Args:      -serport 49700 -d C:\Users\Marwan\Documents\Repos\SeleniumAutomation\webtesting\test-output C:\Users\Marwan\Documents\Repos\SeleniumAutomation\webtesting\RegTest.xml
java -ea -classpath C:\eclipse\plugins\org.testng.eclipse_6.9.10.201512240000\lib\snakeyaml.jar:C:\eclipse\plugins\org.testng.eclipse_6.9.10.201512240000\lib\bsh-2.0b4.jar:C:\eclipse\plugins\org.testng.eclipse_6.9.10.201512240000\lib\jcommander.jar:C:\eclipse\plugins\org.testng.eclipse_6.9.10.201512240000\lib\testng.jar:C:\Users\Marwan\Documents\Repos\SeleniumAutomation\webtesting\target\test-classes:C:\Users\Marwan\Documents\Repos\SeleniumAutomation\webtesting\target\classes:C:\Users\Marwan\.m2\repository\org\testng\testng\6.14.3\testng-6.14.3.jar:C:\Users\Marwan\.m2\repository\com\beust\jcommander\1.72\jcommander-1.72.jar:C:\Users\Marwan\.m2\repository\org\apache-extras\beanshell\bsh\2.0b6\bsh-2.0b6.jar:C:\Users\Marwan\.m2\repository\org\seleniumhq\selenium\selenium-java\3.141.59\selenium-java-3.141.59.jar:C:\Users\Marwan\.m2\repository\org\seleniumhq\selenium\selenium-api\3.141.59\selenium-api-3.141.59.jar:C:\Users\Marwan\.m2\repository\org\seleniumhq\selenium\selenium-chrome-driver\3.141.59\selenium-chrome-driver-3.141.59.jar:C:\Users\Marwan\.m2\repository\org\seleniumhq\selenium\selenium-edge-driver\3.141.59\selenium-edge-driver-3.141.59.jar:C:\Users\Marwan\.m2\repository\org\seleniumhq\selenium\selenium-firefox-driver\3.141.59\selenium-firefox-driver-3.141.59.jar:C:\Users\Marwan\.m2\repository\org\seleniumhq\selenium\selenium-ie-driver\3.141.59\selenium-ie-driver-3.141.59.jar:C:\Users\Marwan\.m2\repository\org\seleniumhq\selenium\selenium-opera-driver\3.141.59\selenium-opera-driver-3.141.59.jar:C:\Users\Marwan\.m2\repository\org\seleniumhq\selenium\selenium-remote-driver\3.141.59\selenium-remote-driver-3.141.59.jar:C:\Users\Marwan\.m2\repository\org\seleniumhq\selenium\selenium-safari-driver\3.141.59\selenium-safari-driver-3.141.59.jar:C:\Users\Marwan\.m2\repository\org\seleniumhq\selenium\selenium-support\3.141.59\selenium-support-3.141.59.jar:C:\Users\Marwan\.m2\repository\net\bytebuddy\byte-buddy\1.8.15\byte-buddy-1.8.15.jar:C:\Users\Marwan\.m2\repository\org\apache\commons\commons-exec\1.3\commons-exec-1.3.jar:C:\Users\Marwan\.m2\repository\com\google\guava\guava\25.0-jre\guava-25.0-jre.jar:C:\Users\Marwan\.m2\repository\com\google\code\findbugs\jsr305\1.3.9\jsr305-1.3.9.jar:C:\Users\Marwan\.m2\repository\org\checkerframework\checker-compat-qual\2.0.0\checker-compat-qual-2.0.0.jar:C:\Users\Marwan\.m2\repository\com\google\errorprone\error_prone_annotations\2.1.3\error_prone_annotations-2.1.3.jar:C:\Users\Marwan\.m2\repository\com\google\j2objc\j2objc-annotations\1.1\j2objc-annotations-1.1.jar:C:\Users\Marwan\.m2\repository\org\codehaus\mojo\animal-sniffer-annotations\1.14\animal-sniffer-annotations-1.14.jar:C:\Users\Marwan\.m2\repository\com\squareup\okhttp3\okhttp\3.11.0\okhttp-3.11.0.jar:C:\Users\Marwan\.m2\repository\com\squareup\okio\okio\1.14.0\okio-1.14.0.jar org.testng.remote.RemoteTestNG -serport 49700 -d C:\Users\Marwan\Documents\Repos\SeleniumAutomation\webtesting\test-output C:\Users\Marwan\Documents\Repos\SeleniumAutomation\webtesting\RegTest.xml

!ENTRY org.testng.eclipse 1 0 2020-04-20 13:32:05.153
!MESSAGE [TestNGLaunchConfigurationDelegate] Launching:
  Classpath: C:\eclipse\plugins\org.testng.eclipse_6.9.10.201512240000\lib\snakeyaml.jar C:\eclipse\plugins\org.testng.eclipse_6.9.10.201512240000\lib\bsh-2.0b4.jar C:\eclipse\plugins\org.testng.eclipse_6.9.10.201512240000\lib\jcommander.jar C:\eclipse\plugins\org.testng.eclipse_6.9.10.201512240000\lib\testng.jar C:\Users\Marwan\Documents\Repos\SeleniumAutomation\webtesting\target\test-classes C:\Users\Marwan\Documents\Repos\SeleniumAutomation\webtesting\target\classes C:\Users\Marwan\.m2\repository\org\testng\testng\6.14.3\testng-6.14.3.jar C:\Users\Marwan\.m2\repository\com\beust\jcommander\1.72\jcommander-1.72.jar C:\Users\Marwan\.m2\repository\org\apache-extras\beanshell\bsh\2.0b6\bsh-2.0b6.jar C:\Users\Marwan\.m2\repository\org\seleniumhq\selenium\selenium-java\3.141.59\selenium-java-3.141.59.jar C:\Users\Marwan\.m2\repository\org\seleniumhq\selenium\selenium-api\3.141.59\selenium-api-3.141.59.jar C:\Users\Marwan\.m2\repository\org\seleniumhq\selenium\selenium-chrome-driver\3.141.59\selenium-chrome-driver-3.141.59.jar C:\Users\Marwan\.m2\repository\org\seleniumhq\selenium\selenium-edge-driver\3.141.59\selenium-edge-driver-3.141.59.jar C:\Users\Marwan\.m2\repository\org\seleniumhq\selenium\selenium-firefox-driver\3.141.59\selenium-firefox-driver-3.141.59.jar C:\Users\Marwan\.m2\repository\org\seleniumhq\selenium\selenium-ie-driver\3.141.59\selenium-ie-driver-3.141.59.jar C:\Users\Marwan\.m2\repository\org\seleniumhq\selenium\selenium-opera-driver\3.141.59\selenium-opera-driver-3.141.59.jar C:\Users\Marwan\.m2\repository\org\seleniumhq\selenium\selenium-remote-driver\3.141.59\selenium-remote-driver-3.141.59.jar C:\Users\Marwan\.m2\repository\org\seleniumhq\selenium\selenium-safari-driver\3.141.59\selenium-safari-driver-3.141.59.jar C:\Users\Marwan\.m2\repository\org\seleniumhq\selenium\selenium-support\3.141.59\selenium-support-3.141.59.jar C:\Users\Marwan\.m2\repository\net\bytebuddy\byte-buddy\1.8.15\byte-buddy-1.8.15.jar C:\Users\Marwan\.m2\repository\org\apache\commons\commons-exec\1.3\commons-exec-1.3.jar C:\Users\Marwan\.m2\repository\com\google\guava\guava\25.0-jre\guava-25.0-jre.jar C:\Users\Marwan\.m2\repository\com\google\code\findbugs\jsr305\1.3.9\jsr305-1.3.9.jar C:\Users\Marwan\.m2\repository\org\checkerframework\checker-compat-qual\2.0.0\checker-compat-qual-2.0.0.jar C:\Users\Marwan\.m2\repository\com\google\errorprone\error_prone_annotations\2.1.3\error_prone_annotations-2.1.3.jar C:\Users\Marwan\.m2\repository\com\google\j2objc\j2objc-annotations\1.1\j2objc-annotations-1.1.jar C:\Users\Marwan\.m2\repository\org\codehaus\mojo\animal-sniffer-annotations\1.14\animal-sniffer-annotations-1.14.jar C:\Users\Marwan\.m2\repository\com\squareup\okhttp3\okhttp\3.11.0\okhttp-3.11.0.jar C:\Users\Marwan\.m2\repository\com\squareup\okio\okio\1.14.0\okio-1.14.0.jar
  VMArgs:    -ea
  Class:     org.testng.remote.RemoteTestNG
  Args:      -serport 49854 -d C:\Users\Marwan\Documents\Repos\SeleniumAutomation\webtesting\test-output C:\Users\Marwan\Documents\Repos\SeleniumAutomation\webtesting\SanityTest.xml
java -ea -classpath C:\eclipse\plugins\org.testng.eclipse_6.9.10.201512240000\lib\snakeyaml.jar:C:\eclipse\plugins\org.testng.eclipse_6.9.10.201512240000\lib\bsh-2.0b4.jar:C:\eclipse\plugins\org.testng.eclipse_6.9.10.201512240000\lib\jcommander.jar:C:\eclipse\plugins\org.testng.eclipse_6.9.10.201512240000\lib\testng.jar:C:\Users\Marwan\Documents\Repos\SeleniumAutomation\webtesting\target\test-classes:C:\Users\Marwan\Documents\Repos\SeleniumAutomation\webtesting\target\classes:C:\Users\Marwan\.m2\repository\org\testng\testng\6.14.3\testng-6.14.3.jar:C:\Users\Marwan\.m2\repository\com\beust\jcommander\1.72\jcommander-1.72.jar:C:\Users\Marwan\.m2\repository\org\apache-extras\beanshell\bsh\2.0b6\bsh-2.0b6.jar:C:\Users\Marwan\.m2\repository\org\seleniumhq\selenium\selenium-java\3.141.59\selenium-java-3.141.59.jar:C:\Users\Marwan\.m2\repository\org\seleniumhq\selenium\selenium-api\3.141.59\selenium-api-3.141.59.jar:C:\Users\Marwan\.m2\repository\org\seleniumhq\selenium\selenium-chrome-driver\3.141.59\selenium-chrome-driver-3.141.59.jar:C:\Users\Marwan\.m2\repository\org\seleniumhq\selenium\selenium-edge-driver\3.141.59\selenium-edge-driver-3.141.59.jar:C:\Users\Marwan\.m2\repository\org\seleniumhq\selenium\selenium-firefox-driver\3.141.59\selenium-firefox-driver-3.141.59.jar:C:\Users\Marwan\.m2\repository\org\seleniumhq\selenium\selenium-ie-driver\3.141.59\selenium-ie-driver-3.141.59.jar:C:\Users\Marwan\.m2\repository\org\seleniumhq\selenium\selenium-opera-driver\3.141.59\selenium-opera-driver-3.141.59.jar:C:\Users\Marwan\.m2\repository\org\seleniumhq\selenium\selenium-remote-driver\3.141.59\selenium-remote-driver-3.141.59.jar:C:\Users\Marwan\.m2\repository\org\seleniumhq\selenium\selenium-safari-driver\3.141.59\selenium-safari-driver-3.141.59.jar:C:\Users\Marwan\.m2\repository\org\seleniumhq\selenium\selenium-support\3.141.59\selenium-support-3.141.59.jar:C:\Users\Marwan\.m2\repository\net\bytebuddy\byte-buddy\1.8.15\byte-buddy-1.8.15.jar:C:\Users\Marwan\.m2\repository\org\apache\commons\commons-exec\1.3\commons-exec-1.3.jar:C:\Users\Marwan\.m2\repository\com\google\guava\guava\25.0-jre\guava-25.0-jre.jar:C:\Users\Marwan\.m2\repository\com\google\code\findbugs\jsr305\1.3.9\jsr305-1.3.9.jar:C:\Users\Marwan\.m2\repository\org\checkerframework\checker-compat-qual\2.0.0\checker-compat-qual-2.0.0.jar:C:\Users\Marwan\.m2\repository\com\google\errorprone\error_prone_annotations\2.1.3\error_prone_annotations-2.1.3.jar:C:\Users\Marwan\.m2\repository\com\google\j2objc\j2objc-annotations\1.1\j2objc-annotations-1.1.jar:C:\Users\Marwan\.m2\repository\org\codehaus\mojo\animal-sniffer-annotations\1.14\animal-sniffer-annotations-1.14.jar:C:\Users\Marwan\.m2\repository\com\squareup\okhttp3\okhttp\3.11.0\okhttp-3.11.0.jar:C:\Users\Marwan\.m2\repository\com\squareup\okio\okio\1.14.0\okio-1.14.0.jar org.testng.remote.RemoteTestNG -serport 49854 -d C:\Users\Marwan\Documents\Repos\SeleniumAutomation\webtesting\test-output C:\Users\Marwan\Documents\Repos\SeleniumAutomation\webtesting\SanityTest.xml

!ENTRY org.testng.eclipse 1 0 2020-04-20 13:32:24.804
!MESSAGE [TestNGLaunchConfigurationDelegate] Launching:
  Classpath: C:\eclipse\plugins\org.testng.eclipse_6.9.10.201512240000\lib\snakeyaml.jar C:\eclipse\plugins\org.testng.eclipse_6.9.10.201512240000\lib\bsh-2.0b4.jar C:\eclipse\plugins\org.testng.eclipse_6.9.10.201512240000\lib\jcommander.jar C:\eclipse\plugins\org.testng.eclipse_6.9.10.201512240000\lib\testng.jar C:\Users\Marwan\Documents\Repos\SeleniumAutomation\webtesting\target\test-classes C:\Users\Marwan\Documents\Repos\SeleniumAutomation\webtesting\target\classes C:\Users\Marwan\.m2\repository\org\testng\testng\6.14.3\testng-6.14.3.jar C:\Users\Marwan\.m2\repository\com\beust\jcommander\1.72\jcommander-1.72.jar C:\Users\Marwan\.m2\repository\org\apache-extras\beanshell\bsh\2.0b6\bsh-2.0b6.jar C:\Users\Marwan\.m2\repository\org\seleniumhq\selenium\selenium-java\3.141.59\selenium-java-3.141.59.jar C:\Users\Marwan\.m2\repository\org\seleniumhq\selenium\selenium-api\3.141.59\selenium-api-3.141.59.jar C:\Users\Marwan\.m2\repository\org\seleniumhq\selenium\selenium-chrome-driver\3.141.59\selenium-chrome-driver-3.141.59.jar C:\Users\Marwan\.m2\repository\org\seleniumhq\selenium\selenium-edge-driver\3.141.59\selenium-edge-driver-3.141.59.jar C:\Users\Marwan\.m2\repository\org\seleniumhq\selenium\selenium-firefox-driver\3.141.59\selenium-firefox-driver-3.141.59.jar C:\Users\Marwan\.m2\repository\org\seleniumhq\selenium\selenium-ie-driver\3.141.59\selenium-ie-driver-3.141.59.jar C:\Users\Marwan\.m2\repository\org\seleniumhq\selenium\selenium-opera-driver\3.141.59\selenium-opera-driver-3.141.59.jar C:\Users\Marwan\.m2\repository\org\seleniumhq\selenium\selenium-remote-driver\3.141.59\selenium-remote-driver-3.141.59.jar C:\Users\Marwan\.m2\repository\org\seleniumhq\selenium\selenium-safari-driver\3.141.59\selenium-safari-driver-3.141.59.jar C:\Users\Marwan\.m2\repository\org\seleniumhq\selenium\selenium-support\3.141.59\selenium-support-3.141.59.jar C:\Users\Marwan\.m2\repository\net\bytebuddy\byte-buddy\1.8.15\byte-buddy-1.8.15.jar C:\Users\Marwan\.m2\repository\org\apache\commons\commons-exec\1.3\commons-exec-1.3.jar C:\Users\Marwan\.m2\repository\com\google\guava\guava\25.0-jre\guava-25.0-jre.jar C:\Users\Marwan\.m2\repository\com\google\code\findbugs\jsr305\1.3.9\jsr305-1.3.9.jar C:\Users\Marwan\.m2\repository\org\checkerframework\checker-compat-qual\2.0.0\checker-compat-qual-2.0.0.jar C:\Users\Marwan\.m2\repository\com\google\errorprone\error_prone_annotations\2.1.3\error_prone_annotations-2.1.3.jar C:\Users\Marwan\.m2\repository\com\google\j2objc\j2objc-annotations\1.1\j2objc-annotations-1.1.jar C:\Users\Marwan\.m2\repository\org\codehaus\mojo\animal-sniffer-annotations\1.14\animal-sniffer-annotations-1.14.jar C:\Users\Marwan\.m2\repository\com\squareup\okhttp3\okhttp\3.11.0\okhttp-3.11.0.jar C:\Users\Marwan\.m2\repository\com\squareup\okio\okio\1.14.0\okio-1.14.0.jar
  VMArgs:    -ea
  Class:     org.testng.remote.RemoteTestNG
  Args:      -serport 49866 -d C:\Users\Marwan\Documents\Repos\SeleniumAutomation\webtesting\test-output C:\Users\Marwan\Documents\Repos\SeleniumAutomation\webtesting\RegTest.xml
java -ea -classpath C:\eclipse\plugins\org.testng.eclipse_6.9.10.201512240000\lib\snakeyaml.jar:C:\eclipse\plugins\org.testng.eclipse_6.9.10.201512240000\lib\bsh-2.0b4.jar:C:\eclipse\plugins\org.testng.eclipse_6.9.10.201512240000\lib\jcommander.jar:C:\eclipse\plugins\org.testng.eclipse_6.9.10.201512240000\lib\testng.jar:C:\Users\Marwan\Documents\Repos\SeleniumAutomation\webtesting\target\test-classes:C:\Users\Marwan\Documents\Repos\SeleniumAutomation\webtesting\target\classes:C:\Users\Marwan\.m2\repository\org\testng\testng\6.14.3\testng-6.14.3.jar:C:\Users\Marwan\.m2\repository\com\beust\jcommander\1.72\jcommander-1.72.jar:C:\Users\Marwan\.m2\repository\org\apache-extras\beanshell\bsh\2.0b6\bsh-2.0b6.jar:C:\Users\Marwan\.m2\repository\org\seleniumhq\selenium\selenium-java\3.141.59\selenium-java-3.141.59.jar:C:\Users\Marwan\.m2\repository\org\seleniumhq\selenium\selenium-api\3.141.59\selenium-api-3.141.59.jar:C:\Users\Marwan\.m2\repository\org\seleniumhq\selenium\selenium-chrome-driver\3.141.59\selenium-chrome-driver-3.141.59.jar:C:\Users\Marwan\.m2\repository\org\seleniumhq\selenium\selenium-edge-driver\3.141.59\selenium-edge-driver-3.141.59.jar:C:\Users\Marwan\.m2\repository\org\seleniumhq\selenium\selenium-firefox-driver\3.141.59\selenium-firefox-driver-3.141.59.jar:C:\Users\Marwan\.m2\repository\org\seleniumhq\selenium\selenium-ie-driver\3.141.59\selenium-ie-driver-3.141.59.jar:C:\Users\Marwan\.m2\repository\org\seleniumhq\selenium\selenium-opera-driver\3.141.59\selenium-opera-driver-3.141.59.jar:C:\Users\Marwan\.m2\repository\org\seleniumhq\selenium\selenium-remote-driver\3.141.59\selenium-remote-driver-3.141.59.jar:C:\Users\Marwan\.m2\repository\org\seleniumhq\selenium\selenium-safari-driver\3.141.59\selenium-safari-driver-3.141.59.jar:C:\Users\Marwan\.m2\repository\org\seleniumhq\selenium\selenium-support\3.141.59\selenium-support-3.141.59.jar:C:\Users\Marwan\.m2\repository\net\bytebuddy\byte-buddy\1.8.15\byte-buddy-1.8.15.jar:C:\Users\Marwan\.m2\repository\org\apache\commons\commons-exec\1.3\commons-exec-1.3.jar:C:\Users\Marwan\.m2\repository\com\google\guava\guava\25.0-jre\guava-25.0-jre.jar:C:\Users\Marwan\.m2\repository\com\google\code\findbugs\jsr305\1.3.9\jsr305-1.3.9.jar:C:\Users\Marwan\.m2\repository\org\checkerframework\checker-compat-qual\2.0.0\checker-compat-qual-2.0.0.jar:C:\Users\Marwan\.m2\repository\com\google\errorprone\error_prone_annotations\2.1.3\error_prone_annotations-2.1.3.jar:C:\Users\Marwan\.m2\repository\com\google\j2objc\j2objc-annotations\1.1\j2objc-annotations-1.1.jar:C:\Users\Marwan\.m2\repository\org\codehaus\mojo\animal-sniffer-annotations\1.14\animal-sniffer-annotations-1.14.jar:C:\Users\Marwan\.m2\repository\com\squareup\okhttp3\okhttp\3.11.0\okhttp-3.11.0.jar:C:\Users\Marwan\.m2\repository\com\squareup\okio\okio\1.14.0\okio-1.14.0.jar org.testng.remote.RemoteTestNG -serport 49866 -d C:\Users\Marwan\Documents\Repos\SeleniumAutomation\webtesting\test-output C:\Users\Marwan\Documents\Repos\SeleniumAutomation\webtesting\RegTest.xml

!ENTRY org.testng.eclipse 1 0 2020-04-20 13:32:50.383
!MESSAGE [TestNGLaunchConfigurationDelegate] Launching:
  Classpath: C:\eclipse\plugins\org.testng.eclipse_6.9.10.201512240000\lib\snakeyaml.jar C:\eclipse\plugins\org.testng.eclipse_6.9.10.201512240000\lib\bsh-2.0b4.jar C:\eclipse\plugins\org.testng.eclipse_6.9.10.201512240000\lib\jcommander.jar C:\eclipse\plugins\org.testng.eclipse_6.9.10.201512240000\lib\testng.jar C:\Users\Marwan\Documents\Repos\SeleniumAutomation\webtesting\target\test-classes C:\Users\Marwan\Documents\Repos\SeleniumAutomation\webtesting\target\classes C:\Users\Marwan\.m2\repository\org\testng\testng\6.14.3\testng-6.14.3.jar C:\Users\Marwan\.m2\repository\com\beust\jcommander\1.72\jcommander-1.72.jar C:\Users\Marwan\.m2\repository\org\apache-extras\beanshell\bsh\2.0b6\bsh-2.0b6.jar C:\Users\Marwan\.m2\repository\org\seleniumhq\selenium\selenium-java\3.141.59\selenium-java-3.141.59.jar C:\Users\Marwan\.m2\repository\org\seleniumhq\selenium\selenium-api\3.141.59\selenium-api-3.141.59.jar C:\Users\Marwan\.m2\repository\org\seleniumhq\selenium\selenium-chrome-driver\3.141.59\selenium-chrome-driver-3.141.59.jar C:\Users\Marwan\.m2\repository\org\seleniumhq\selenium\selenium-edge-driver\3.141.59\selenium-edge-driver-3.141.59.jar C:\Users\Marwan\.m2\repository\org\seleniumhq\selenium\selenium-firefox-driver\3.141.59\selenium-firefox-driver-3.141.59.jar C:\Users\Marwan\.m2\repository\org\seleniumhq\selenium\selenium-ie-driver\3.141.59\selenium-ie-driver-3.141.59.jar C:\Users\Marwan\.m2\repository\org\seleniumhq\selenium\selenium-opera-driver\3.141.59\selenium-opera-driver-3.141.59.jar C:\Users\Marwan\.m2\repository\org\seleniumhq\selenium\selenium-remote-driver\3.141.59\selenium-remote-driver-3.141.59.jar C:\Users\Marwan\.m2\repository\org\seleniumhq\selenium\selenium-safari-driver\3.141.59\selenium-safari-driver-3.141.59.jar C:\Users\Marwan\.m2\repository\org\seleniumhq\selenium\selenium-support\3.141.59\selenium-support-3.141.59.jar C:\Users\Marwan\.m2\repository\net\bytebuddy\byte-buddy\1.8.15\byte-buddy-1.8.15.jar C:\Users\Marwan\.m2\repository\org\apache\commons\commons-exec\1.3\commons-exec-1.3.jar C:\Users\Marwan\.m2\repository\com\google\guava\guava\25.0-jre\guava-25.0-jre.jar C:\Users\Marwan\.m2\repository\com\google\code\findbugs\jsr305\1.3.9\jsr305-1.3.9.jar C:\Users\Marwan\.m2\repository\org\checkerframework\checker-compat-qual\2.0.0\checker-compat-qual-2.0.0.jar C:\Users\Marwan\.m2\repository\com\google\errorprone\error_prone_annotations\2.1.3\error_prone_annotations-2.1.3.jar C:\Users\Marwan\.m2\repository\com\google\j2objc\j2objc-annotations\1.1\j2objc-annotations-1.1.jar C:\Users\Marwan\.m2\repository\org\codehaus\mojo\animal-sniffer-annotations\1.14\animal-sniffer-annotations-1.14.jar C:\Users\Marwan\.m2\repository\com\squareup\okhttp3\okhttp\3.11.0\okhttp-3.11.0.jar C:\Users\Marwan\.m2\repository\com\squareup\okio\okio\1.14.0\okio-1.14.0.jar
  VMArgs:    -ea
  Class:     org.testng.remote.RemoteTestNG
  Args:      -serport 49882 -d C:\Users\Marwan\Documents\Repos\SeleniumAutomation\webtesting\test-output C:\Users\Marwan\Documents\Repos\SeleniumAutomation\webtesting\RegTest.xml
java -ea -classpath C:\eclipse\plugins\org.testng.eclipse_6.9.10.201512240000\lib\snakeyaml.jar:C:\eclipse\plugins\org.testng.eclipse_6.9.10.201512240000\lib\bsh-2.0b4.jar:C:\eclipse\plugins\org.testng.eclipse_6.9.10.201512240000\lib\jcommander.jar:C:\eclipse\plugins\org.testng.eclipse_6.9.10.201512240000\lib\testng.jar:C:\Users\Marwan\Documents\Repos\SeleniumAutomation\webtesting\target\test-classes:C:\Users\Marwan\Documents\Repos\SeleniumAutomation\webtesting\target\classes:C:\Users\Marwan\.m2\repository\org\testng\testng\6.14.3\testng-6.14.3.jar:C:\Users\Marwan\.m2\repository\com\beust\jcommander\1.72\jcommander-1.72.jar:C:\Users\Marwan\.m2\repository\org\apache-extras\beanshell\bsh\2.0b6\bsh-2.0b6.jar:C:\Users\Marwan\.m2\repository\org\seleniumhq\selenium\selenium-java\3.141.59\selenium-java-3.141.59.jar:C:\Users\Marwan\.m2\repository\org\seleniumhq\selenium\selenium-api\3.141.59\selenium-api-3.141.59.jar:C:\Users\Marwan\.m2\repository\org\seleniumhq\selenium\selenium-chrome-driver\3.141.59\selenium-chrome-driver-3.141.59.jar:C:\Users\Marwan\.m2\repository\org\seleniumhq\selenium\selenium-edge-driver\3.141.59\selenium-edge-driver-3.141.59.jar:C:\Users\Marwan\.m2\repository\org\seleniumhq\selenium\selenium-firefox-driver\3.141.59\selenium-firefox-driver-3.141.59.jar:C:\Users\Marwan\.m2\repository\org\seleniumhq\selenium\selenium-ie-driver\3.141.59\selenium-ie-driver-3.141.59.jar:C:\Users\Marwan\.m2\repository\org\seleniumhq\selenium\selenium-opera-driver\3.141.59\selenium-opera-driver-3.141.59.jar:C:\Users\Marwan\.m2\repository\org\seleniumhq\selenium\selenium-remote-driver\3.141.59\selenium-remote-driver-3.141.59.jar:C:\Users\Marwan\.m2\repository\org\seleniumhq\selenium\selenium-safari-driver\3.141.59\selenium-safari-driver-3.141.59.jar:C:\Users\Marwan\.m2\repository\org\seleniumhq\selenium\selenium-support\3.141.59\selenium-support-3.141.59.jar:C:\Users\Marwan\.m2\repository\net\bytebuddy\byte-buddy\1.8.15\byte-buddy-1.8.15.jar:C:\Users\Marwan\.m2\repository\org\apache\commons\commons-exec\1.3\commons-exec-1.3.jar:C:\Users\Marwan\.m2\repository\com\google\guava\guava\25.0-jre\guava-25.0-jre.jar:C:\Users\Marwan\.m2\repository\com\google\code\findbugs\jsr305\1.3.9\jsr305-1.3.9.jar:C:\Users\Marwan\.m2\repository\org\checkerframework\checker-compat-qual\2.0.0\checker-compat-qual-2.0.0.jar:C:\Users\Marwan\.m2\repository\com\google\errorprone\error_prone_annotations\2.1.3\error_prone_annotations-2.1.3.jar:C:\Users\Marwan\.m2\repository\com\google\j2objc\j2objc-annotations\1.1\j2objc-annotations-1.1.jar:C:\Users\Marwan\.m2\repository\org\codehaus\mojo\animal-sniffer-annotations\1.14\animal-sniffer-annotations-1.14.jar:C:\Users\Marwan\.m2\repository\com\squareup\okhttp3\okhttp\3.11.0\okhttp-3.11.0.jar:C:\Users\Marwan\.m2\repository\com\squareup\okio\okio\1.14.0\okio-1.14.0.jar org.testng.remote.RemoteTestNG -serport 49882 -d C:\Users\Marwan\Documents\Repos\SeleniumAutomation\webtesting\test-output C:\Users\Marwan\Documents\Repos\SeleniumAutomation\webtesting\RegTest.xml

!ENTRY org.testng.eclipse 1 0 2020-04-20 13:32:57.610
!MESSAGE [TestNGLaunchConfigurationDelegate] Launching:
  Classpath: C:\eclipse\plugins\org.testng.eclipse_6.9.10.201512240000\lib\snakeyaml.jar C:\eclipse\plugins\org.testng.eclipse_6.9.10.201512240000\lib\bsh-2.0b4.jar C:\eclipse\plugins\org.testng.eclipse_6.9.10.201512240000\lib\jcommander.jar C:\eclipse\plugins\org.testng.eclipse_6.9.10.201512240000\lib\testng.jar C:\Users\Marwan\Documents\Repos\SeleniumAutomation\webtesting\target\test-classes C:\Users\Marwan\Documents\Repos\SeleniumAutomation\webtesting\target\classes C:\Users\Marwan\.m2\repository\org\testng\testng\6.14.3\testng-6.14.3.jar C:\Users\Marwan\.m2\repository\com\beust\jcommander\1.72\jcommander-1.72.jar C:\Users\Marwan\.m2\repository\org\apache-extras\beanshell\bsh\2.0b6\bsh-2.0b6.jar C:\Users\Marwan\.m2\repository\org\seleniumhq\selenium\selenium-java\3.141.59\selenium-java-3.141.59.jar C:\Users\Marwan\.m2\repository\org\seleniumhq\selenium\selenium-api\3.141.59\selenium-api-3.141.59.jar C:\Users\Marwan\.m2\repository\org\seleniumhq\selenium\selenium-chrome-driver\3.141.59\selenium-chrome-driver-3.141.59.jar C:\Users\Marwan\.m2\repository\org\seleniumhq\selenium\selenium-edge-driver\3.141.59\selenium-edge-driver-3.141.59.jar C:\Users\Marwan\.m2\repository\org\seleniumhq\selenium\selenium-firefox-driver\3.141.59\selenium-firefox-driver-3.141.59.jar C:\Users\Marwan\.m2\repository\org\seleniumhq\selenium\selenium-ie-driver\3.141.59\selenium-ie-driver-3.141.59.jar C:\Users\Marwan\.m2\repository\org\seleniumhq\selenium\selenium-opera-driver\3.141.59\selenium-opera-driver-3.141.59.jar C:\Users\Marwan\.m2\repository\org\seleniumhq\selenium\selenium-remote-driver\3.141.59\selenium-remote-driver-3.141.59.jar C:\Users\Marwan\.m2\repository\org\seleniumhq\selenium\selenium-safari-driver\3.141.59\selenium-safari-driver-3.141.59.jar C:\Users\Marwan\.m2\repository\org\seleniumhq\selenium\selenium-support\3.141.59\selenium-support-3.141.59.jar C:\Users\Marwan\.m2\repository\net\bytebuddy\byte-buddy\1.8.15\byte-buddy-1.8.15.jar C:\Users\Marwan\.m2\repository\org\apache\commons\commons-exec\1.3\commons-exec-1.3.jar C:\Users\Marwan\.m2\repository\com\google\guava\guava\25.0-jre\guava-25.0-jre.jar C:\Users\Marwan\.m2\repository\com\google\code\findbugs\jsr305\1.3.9\jsr305-1.3.9.jar C:\Users\Marwan\.m2\repository\org\checkerframework\checker-compat-qual\2.0.0\checker-compat-qual-2.0.0.jar C:\Users\Marwan\.m2\repository\com\google\errorprone\error_prone_annotations\2.1.3\error_prone_annotations-2.1.3.jar C:\Users\Marwan\.m2\repository\com\google\j2objc\j2objc-annotations\1.1\j2objc-annotations-1.1.jar C:\Users\Marwan\.m2\repository\org\codehaus\mojo\animal-sniffer-annotations\1.14\animal-sniffer-annotations-1.14.jar C:\Users\Marwan\.m2\repository\com\squareup\okhttp3\okhttp\3.11.0\okhttp-3.11.0.jar C:\Users\Marwan\.m2\repository\com\squareup\okio\okio\1.14.0\okio-1.14.0.jar
  VMArgs:    -ea
  Class:     org.testng.remote.RemoteTestNG
  Args:      -serport 49888 -d C:\Users\Marwan\Documents\Repos\SeleniumAutomation\webtesting\test-output C:\Users\Marwan\Documents\Repos\SeleniumAutomation\webtesting\RegTest.xml
java -ea -classpath C:\eclipse\plugins\org.testng.eclipse_6.9.10.201512240000\lib\snakeyaml.jar:C:\eclipse\plugins\org.testng.eclipse_6.9.10.201512240000\lib\bsh-2.0b4.jar:C:\eclipse\plugins\org.testng.eclipse_6.9.10.201512240000\lib\jcommander.jar:C:\eclipse\plugins\org.testng.eclipse_6.9.10.201512240000\lib\testng.jar:C:\Users\Marwan\Documents\Repos\SeleniumAutomation\webtesting\target\test-classes:C:\Users\Marwan\Documents\Repos\SeleniumAutomation\webtesting\target\classes:C:\Users\Marwan\.m2\repository\org\testng\testng\6.14.3\testng-6.14.3.jar:C:\Users\Marwan\.m2\repository\com\beust\jcommander\1.72\jcommander-1.72.jar:C:\Users\Marwan\.m2\repository\org\apache-extras\beanshell\bsh\2.0b6\bsh-2.0b6.jar:C:\Users\Marwan\.m2\repository\org\seleniumhq\selenium\selenium-java\3.141.59\selenium-java-3.141.59.jar:C:\Users\Marwan\.m2\repository\org\seleniumhq\selenium\selenium-api\3.141.59\selenium-api-3.141.59.jar:C:\Users\Marwan\.m2\repository\org\seleniumhq\selenium\selenium-chrome-driver\3.141.59\selenium-chrome-driver-3.141.59.jar:C:\Users\Marwan\.m2\repository\org\seleniumhq\selenium\selenium-edge-driver\3.141.59\selenium-edge-driver-3.141.59.jar:C:\Users\Marwan\.m2\repository\org\seleniumhq\selenium\selenium-firefox-driver\3.141.59\selenium-firefox-driver-3.141.59.jar:C:\Users\Marwan\.m2\repository\org\seleniumhq\selenium\selenium-ie-driver\3.141.59\selenium-ie-driver-3.141.59.jar:C:\Users\Marwan\.m2\repository\org\seleniumhq\selenium\selenium-opera-driver\3.141.59\selenium-opera-driver-3.141.59.jar:C:\Users\Marwan\.m2\repository\org\seleniumhq\selenium\selenium-remote-driver\3.141.59\selenium-remote-driver-3.141.59.jar:C:\Users\Marwan\.m2\repository\org\seleniumhq\selenium\selenium-safari-driver\3.141.59\selenium-safari-driver-3.141.59.jar:C:\Users\Marwan\.m2\repository\org\seleniumhq\selenium\selenium-support\3.141.59\selenium-support-3.141.59.jar:C:\Users\Marwan\.m2\repository\net\bytebuddy\byte-buddy\1.8.15\byte-buddy-1.8.15.jar:C:\Users\Marwan\.m2\repository\org\apache\commons\commons-exec\1.3\commons-exec-1.3.jar:C:\Users\Marwan\.m2\repository\com\google\guava\guava\25.0-jre\guava-25.0-jre.jar:C:\Users\Marwan\.m2\repository\com\google\code\findbugs\jsr305\1.3.9\jsr305-1.3.9.jar:C:\Users\Marwan\.m2\repository\org\checkerframework\checker-compat-qual\2.0.0\checker-compat-qual-2.0.0.jar:C:\Users\Marwan\.m2\repository\com\google\errorprone\error_prone_annotations\2.1.3\error_prone_annotations-2.1.3.jar:C:\Users\Marwan\.m2\repository\com\google\j2objc\j2objc-annotations\1.1\j2objc-annotations-1.1.jar:C:\Users\Marwan\.m2\repository\org\codehaus\mojo\animal-sniffer-annotations\1.14\animal-sniffer-annotations-1.14.jar:C:\Users\Marwan\.m2\repository\com\squareup\okhttp3\okhttp\3.11.0\okhttp-3.11.0.jar:C:\Users\Marwan\.m2\repository\com\squareup\okio\okio\1.14.0\okio-1.14.0.jar org.testng.remote.RemoteTestNG -serport 49888 -d C:\Users\Marwan\Documents\Repos\SeleniumAutomation\webtesting\test-output C:\Users\Marwan\Documents\Repos\SeleniumAutomation\webtesting\RegTest.xml

!ENTRY org.testng.eclipse 1 0 2020-04-20 14:03:43.627
!MESSAGE [TestNGLaunchConfigurationDelegate] Launching:
  Classpath: C:\eclipse\plugins\org.testng.eclipse_6.9.10.201512240000\lib\snakeyaml.jar C:\eclipse\plugins\org.testng.eclipse_6.9.10.201512240000\lib\bsh-2.0b4.jar C:\eclipse\plugins\org.testng.eclipse_6.9.10.201512240000\lib\jcommander.jar C:\eclipse\plugins\org.testng.eclipse_6.9.10.201512240000\lib\testng.jar C:\Users\Marwan\Documents\Repos\SeleniumAutomation\webtesting\target\test-classes C:\Users\Marwan\Documents\Repos\SeleniumAutomation\webtesting\target\classes C:\Users\Marwan\.m2\repository\org\testng\testng\6.14.3\testng-6.14.3.jar C:\Users\Marwan\.m2\repository\com\beust\jcommander\1.72\jcommander-1.72.jar C:\Users\Marwan\.m2\repository\org\apache-extras\beanshell\bsh\2.0b6\bsh-2.0b6.jar C:\Users\Marwan\.m2\repository\org\seleniumhq\selenium\selenium-java\3.141.59\selenium-java-3.141.59.jar C:\Users\Marwan\.m2\repository\org\seleniumhq\selenium\selenium-api\3.141.59\selenium-api-3.141.59.jar C:\Users\Marwan\.m2\repository\org\seleniumhq\selenium\selenium-chrome-driver\3.141.59\selenium-chrome-driver-3.141.59.jar C:\Users\Marwan\.m2\repository\org\seleniumhq\selenium\selenium-edge-driver\3.141.59\selenium-edge-driver-3.141.59.jar C:\Users\Marwan\.m2\repository\org\seleniumhq\selenium\selenium-firefox-driver\3.141.59\selenium-firefox-driver-3.141.59.jar C:\Users\Marwan\.m2\repository\org\seleniumhq\selenium\selenium-ie-driver\3.141.59\selenium-ie-driver-3.141.59.jar C:\Users\Marwan\.m2\repository\org\seleniumhq\selenium\selenium-opera-driver\3.141.59\selenium-opera-driver-3.141.59.jar C:\Users\Marwan\.m2\repository\org\seleniumhq\selenium\selenium-remote-driver\3.141.59\selenium-remote-driver-3.141.59.jar C:\Users\Marwan\.m2\repository\org\seleniumhq\selenium\selenium-safari-driver\3.141.59\selenium-safari-driver-3.141.59.jar C:\Users\Marwan\.m2\repository\org\seleniumhq\selenium\selenium-support\3.141.59\selenium-support-3.141.59.jar C:\Users\Marwan\.m2\repository\net\bytebuddy\byte-buddy\1.8.15\byte-buddy-1.8.15.jar C:\Users\Marwan\.m2\repository\org\apache\commons\commons-exec\1.3\commons-exec-1.3.jar C:\Users\Marwan\.m2\repository\com\google\guava\guava\25.0-jre\guava-25.0-jre.jar C:\Users\Marwan\.m2\repository\com\google\code\findbugs\jsr305\1.3.9\jsr305-1.3.9.jar C:\Users\Marwan\.m2\repository\org\checkerframework\checker-compat-qual\2.0.0\checker-compat-qual-2.0.0.jar C:\Users\Marwan\.m2\repository\com\google\errorprone\error_prone_annotations\2.1.3\error_prone_annotations-2.1.3.jar C:\Users\Marwan\.m2\repository\com\google\j2objc\j2objc-annotations\1.1\j2objc-annotations-1.1.jar C:\Users\Marwan\.m2\repository\org\codehaus\mojo\animal-sniffer-annotations\1.14\animal-sniffer-annotations-1.14.jar C:\Users\Marwan\.m2\repository\com\squareup\okhttp3\okhttp\3.11.0\okhttp-3.11.0.jar C:\Users\Marwan\.m2\repository\com\squareup\okio\okio\1.14.0\okio-1.14.0.jar
  VMArgs:    -ea
  Class:     org.testng.remote.RemoteTestNG
  Args:      -serport 50959 -d C:\Users\Marwan\Documents\Repos\SeleniumAutomation\webtesting\test-output C:\Users\Marwan\Documents\Repos\SeleniumAutomation\webtesting\RegTest.xml
java -ea -classpath C:\eclipse\plugins\org.testng.eclipse_6.9.10.201512240000\lib\snakeyaml.jar:C:\eclipse\plugins\org.testng.eclipse_6.9.10.201512240000\lib\bsh-2.0b4.jar:C:\eclipse\plugins\org.testng.eclipse_6.9.10.201512240000\lib\jcommander.jar:C:\eclipse\plugins\org.testng.eclipse_6.9.10.201512240000\lib\testng.jar:C:\Users\Marwan\Documents\Repos\SeleniumAutomation\webtesting\target\test-classes:C:\Users\Marwan\Documents\Repos\SeleniumAutomation\webtesting\target\classes:C:\Users\Marwan\.m2\repository\org\testng\testng\6.14.3\testng-6.14.3.jar:C:\Users\Marwan\.m2\repository\com\beust\jcommander\1.72\jcommander-1.72.jar:C:\Users\Marwan\.m2\repository\org\apache-extras\beanshell\bsh\2.0b6\bsh-2.0b6.jar:C:\Users\Marwan\.m2\repository\org\seleniumhq\selenium\selenium-java\3.141.59\selenium-java-3.141.59.jar:C:\Users\Marwan\.m2\repository\org\seleniumhq\selenium\selenium-api\3.141.59\selenium-api-3.141.59.jar:C:\Users\Marwan\.m2\repository\org\seleniumhq\selenium\selenium-chrome-driver\3.141.59\selenium-chrome-driver-3.141.59.jar:C:\Users\Marwan\.m2\repository\org\seleniumhq\selenium\selenium-edge-driver\3.141.59\selenium-edge-driver-3.141.59.jar:C:\Users\Marwan\.m2\repository\org\seleniumhq\selenium\selenium-firefox-driver\3.141.59\selenium-firefox-driver-3.141.59.jar:C:\Users\Marwan\.m2\repository\org\seleniumhq\selenium\selenium-ie-driver\3.141.59\selenium-ie-driver-3.141.59.jar:C:\Users\Marwan\.m2\repository\org\seleniumhq\selenium\selenium-opera-driver\3.141.59\selenium-opera-driver-3.141.59.jar:C:\Users\Marwan\.m2\repository\org\seleniumhq\selenium\selenium-remote-driver\3.141.59\selenium-remote-driver-3.141.59.jar:C:\Users\Marwan\.m2\repository\org\seleniumhq\selenium\selenium-safari-driver\3.141.59\selenium-safari-driver-3.141.59.jar:C:\Users\Marwan\.m2\repository\org\seleniumhq\selenium\selenium-support\3.141.59\selenium-support-3.141.59.jar:C:\Users\Marwan\.m2\repository\net\bytebuddy\byte-buddy\1.8.15\byte-buddy-1.8.15.jar:C:\Users\Marwan\.m2\repository\org\apache\commons\commons-exec\1.3\commons-exec-1.3.jar:C:\Users\Marwan\.m2\repository\com\google\guava\guava\25.0-jre\guava-25.0-jre.jar:C:\Users\Marwan\.m2\repository\com\google\code\findbugs\jsr305\1.3.9\jsr305-1.3.9.jar:C:\Users\Marwan\.m2\repository\org\checkerframework\checker-compat-qual\2.0.0\checker-compat-qual-2.0.0.jar:C:\Users\Marwan\.m2\repository\com\google\errorprone\error_prone_annotations\2.1.3\error_prone_annotations-2.1.3.jar:C:\Users\Marwan\.m2\repository\com\google\j2objc\j2objc-annotations\1.1\j2objc-annotations-1.1.jar:C:\Users\Marwan\.m2\repository\org\codehaus\mojo\animal-sniffer-annotations\1.14\animal-sniffer-annotations-1.14.jar:C:\Users\Marwan\.m2\repository\com\squareup\okhttp3\okhttp\3.11.0\okhttp-3.11.0.jar:C:\Users\Marwan\.m2\repository\com\squareup\okio\okio\1.14.0\okio-1.14.0.jar org.testng.remote.RemoteTestNG -serport 50959 -d C:\Users\Marwan\Documents\Repos\SeleniumAutomation\webtesting\test-output C:\Users\Marwan\Documents\Repos\SeleniumAutomation\webtesting\RegTest.xml

!ENTRY org.testng.eclipse 1 0 2020-04-20 14:41:46.506
!MESSAGE [TestNGLaunchConfigurationDelegate] Launching:
  Classpath: C:\eclipse\plugins\org.testng.eclipse_6.9.10.201512240000\lib\snakeyaml.jar C:\eclipse\plugins\org.testng.eclipse_6.9.10.201512240000\lib\bsh-2.0b4.jar C:\eclipse\plugins\org.testng.eclipse_6.9.10.201512240000\lib\jcommander.jar C:\eclipse\plugins\org.testng.eclipse_6.9.10.201512240000\lib\testng.jar C:\Users\Marwan\Documents\Repos\SeleniumAutomation\webtesting\target\test-classes C:\Users\Marwan\Documents\Repos\SeleniumAutomation\webtesting\target\classes C:\Users\Marwan\.m2\repository\org\testng\testng\6.14.3\testng-6.14.3.jar C:\Users\Marwan\.m2\repository\com\beust\jcommander\1.72\jcommander-1.72.jar C:\Users\Marwan\.m2\repository\org\apache-extras\beanshell\bsh\2.0b6\bsh-2.0b6.jar C:\Users\Marwan\.m2\repository\org\seleniumhq\selenium\selenium-java\3.141.59\selenium-java-3.141.59.jar C:\Users\Marwan\.m2\repository\org\seleniumhq\selenium\selenium-api\3.141.59\selenium-api-3.141.59.jar C:\Users\Marwan\.m2\repository\org\seleniumhq\selenium\selenium-chrome-driver\3.141.59\selenium-chrome-driver-3.141.59.jar C:\Users\Marwan\.m2\repository\org\seleniumhq\selenium\selenium-edge-driver\3.141.59\selenium-edge-driver-3.141.59.jar C:\Users\Marwan\.m2\repository\org\seleniumhq\selenium\selenium-firefox-driver\3.141.59\selenium-firefox-driver-3.141.59.jar C:\Users\Marwan\.m2\repository\org\seleniumhq\selenium\selenium-ie-driver\3.141.59\selenium-ie-driver-3.141.59.jar C:\Users\Marwan\.m2\repository\org\seleniumhq\selenium\selenium-opera-driver\3.141.59\selenium-opera-driver-3.141.59.jar C:\Users\Marwan\.m2\repository\org\seleniumhq\selenium\selenium-remote-driver\3.141.59\selenium-remote-driver-3.141.59.jar C:\Users\Marwan\.m2\repository\org\seleniumhq\selenium\selenium-safari-driver\3.141.59\selenium-safari-driver-3.141.59.jar C:\Users\Marwan\.m2\repository\org\seleniumhq\selenium\selenium-support\3.141.59\selenium-support-3.141.59.jar C:\Users\Marwan\.m2\repository\net\bytebuddy\byte-buddy\1.8.15\byte-buddy-1.8.15.jar C:\Users\Marwan\.m2\repository\org\apache\commons\commons-exec\1.3\commons-exec-1.3.jar C:\Users\Marwan\.m2\repository\com\google\guava\guava\25.0-jre\guava-25.0-jre.jar C:\Users\Marwan\.m2\repository\com\google\code\findbugs\jsr305\1.3.9\jsr305-1.3.9.jar C:\Users\Marwan\.m2\repository\org\checkerframework\checker-compat-qual\2.0.0\checker-compat-qual-2.0.0.jar C:\Users\Marwan\.m2\repository\com\google\errorprone\error_prone_annotations\2.1.3\error_prone_annotations-2.1.3.jar C:\Users\Marwan\.m2\repository\com\google\j2objc\j2objc-annotations\1.1\j2objc-annotations-1.1.jar C:\Users\Marwan\.m2\repository\org\codehaus\mojo\animal-sniffer-annotations\1.14\animal-sniffer-annotations-1.14.jar C:\Users\Marwan\.m2\repository\com\squareup\okhttp3\okhttp\3.11.0\okhttp-3.11.0.jar C:\Users\Marwan\.m2\repository\com\squareup\okio\okio\1.14.0\okio-1.14.0.jar
  VMArgs:    -ea
  Class:     org.testng.remote.RemoteTestNG
  Args:      -serport 52336 -d C:\Users\Marwan\Documents\Repos\SeleniumAutomation\webtesting\test-output C:\Users\Marwan\Documents\Repos\SeleniumAutomation\webtesting\SanityTest.xml
java -ea -classpath C:\eclipse\plugins\org.testng.eclipse_6.9.10.201512240000\lib\snakeyaml.jar:C:\eclipse\plugins\org.testng.eclipse_6.9.10.201512240000\lib\bsh-2.0b4.jar:C:\eclipse\plugins\org.testng.eclipse_6.9.10.201512240000\lib\jcommander.jar:C:\eclipse\plugins\org.testng.eclipse_6.9.10.201512240000\lib\testng.jar:C:\Users\Marwan\Documents\Repos\SeleniumAutomation\webtesting\target\test-classes:C:\Users\Marwan\Documents\Repos\SeleniumAutomation\webtesting\target\classes:C:\Users\Marwan\.m2\repository\org\testng\testng\6.14.3\testng-6.14.3.jar:C:\Users\Marwan\.m2\repository\com\beust\jcommander\1.72\jcommander-1.72.jar:C:\Users\Marwan\.m2\repository\org\apache-extras\beanshell\bsh\2.0b6\bsh-2.0b6.jar:C:\Users\Marwan\.m2\repository\org\seleniumhq\selenium\selenium-java\3.141.59\selenium-java-3.141.59.jar:C:\Users\Marwan\.m2\repository\org\seleniumhq\selenium\selenium-api\3.141.59\selenium-api-3.141.59.jar:C:\Users\Marwan\.m2\repository\org\seleniumhq\selenium\selenium-chrome-driver\3.141.59\selenium-chrome-driver-3.141.59.jar:C:\Users\Marwan\.m2\repository\org\seleniumhq\selenium\selenium-edge-driver\3.141.59\selenium-edge-driver-3.141.59.jar:C:\Users\Marwan\.m2\repository\org\seleniumhq\selenium\selenium-firefox-driver\3.141.59\selenium-firefox-driver-3.141.59.jar:C:\Users\Marwan\.m2\repository\org\seleniumhq\selenium\selenium-ie-driver\3.141.59\selenium-ie-driver-3.141.59.jar:C:\Users\Marwan\.m2\repository\org\seleniumhq\selenium\selenium-opera-driver\3.141.59\selenium-opera-driver-3.141.59.jar:C:\Users\Marwan\.m2\repository\org\seleniumhq\selenium\selenium-remote-driver\3.141.59\selenium-remote-driver-3.141.59.jar:C:\Users\Marwan\.m2\repository\org\seleniumhq\selenium\selenium-safari-driver\3.141.59\selenium-safari-driver-3.141.59.jar:C:\Users\Marwan\.m2\repository\org\seleniumhq\selenium\selenium-support\3.141.59\selenium-support-3.141.59.jar:C:\Users\Marwan\.m2\repository\net\bytebuddy\byte-buddy\1.8.15\byte-buddy-1.8.15.jar:C:\Users\Marwan\.m2\repository\org\apache\commons\commons-exec\1.3\commons-exec-1.3.jar:C:\Users\Marwan\.m2\repository\com\google\guava\guava\25.0-jre\guava-25.0-jre.jar:C:\Users\Marwan\.m2\repository\com\google\code\findbugs\jsr305\1.3.9\jsr305-1.3.9.jar:C:\Users\Marwan\.m2\repository\org\checkerframework\checker-compat-qual\2.0.0\checker-compat-qual-2.0.0.jar:C:\Users\Marwan\.m2\repository\com\google\errorprone\error_prone_annotations\2.1.3\error_prone_annotations-2.1.3.jar:C:\Users\Marwan\.m2\repository\com\google\j2objc\j2objc-annotations\1.1\j2objc-annotations-1.1.jar:C:\Users\Marwan\.m2\repository\org\codehaus\mojo\animal-sniffer-annotations\1.14\animal-sniffer-annotations-1.14.jar:C:\Users\Marwan\.m2\repository\com\squareup\okhttp3\okhttp\3.11.0\okhttp-3.11.0.jar:C:\Users\Marwan\.m2\repository\com\squareup\okio\okio\1.14.0\okio-1.14.0.jar org.testng.remote.RemoteTestNG -serport 52336 -d C:\Users\Marwan\Documents\Repos\SeleniumAutomation\webtesting\test-output C:\Users\Marwan\Documents\Repos\SeleniumAutomation\webtesting\SanityTest.xml

!ENTRY org.testng.eclipse 1 0 2020-04-20 14:42:13.994
!MESSAGE [TestNGLaunchConfigurationDelegate] Launching:
  Classpath: C:\eclipse\plugins\org.testng.eclipse_6.9.10.201512240000\lib\snakeyaml.jar C:\eclipse\plugins\org.testng.eclipse_6.9.10.201512240000\lib\bsh-2.0b4.jar C:\eclipse\plugins\org.testng.eclipse_6.9.10.201512240000\lib\jcommander.jar C:\eclipse\plugins\org.testng.eclipse_6.9.10.201512240000\lib\testng.jar C:\Users\Marwan\Documents\Repos\SeleniumAutomation\webtesting\target\test-classes C:\Users\Marwan\Documents\Repos\SeleniumAutomation\webtesting\target\classes C:\Users\Marwan\.m2\repository\org\testng\testng\6.14.3\testng-6.14.3.jar C:\Users\Marwan\.m2\repository\com\beust\jcommander\1.72\jcommander-1.72.jar C:\Users\Marwan\.m2\repository\org\apache-extras\beanshell\bsh\2.0b6\bsh-2.0b6.jar C:\Users\Marwan\.m2\repository\org\seleniumhq\selenium\selenium-java\3.141.59\selenium-java-3.141.59.jar C:\Users\Marwan\.m2\repository\org\seleniumhq\selenium\selenium-api\3.141.59\selenium-api-3.141.59.jar C:\Users\Marwan\.m2\repository\org\seleniumhq\selenium\selenium-chrome-driver\3.141.59\selenium-chrome-driver-3.141.59.jar C:\Users\Marwan\.m2\repository\org\seleniumhq\selenium\selenium-edge-driver\3.141.59\selenium-edge-driver-3.141.59.jar C:\Users\Marwan\.m2\repository\org\seleniumhq\selenium\selenium-firefox-driver\3.141.59\selenium-firefox-driver-3.141.59.jar C:\Users\Marwan\.m2\repository\org\seleniumhq\selenium\selenium-ie-driver\3.141.59\selenium-ie-driver-3.141.59.jar C:\Users\Marwan\.m2\repository\org\seleniumhq\selenium\selenium-opera-driver\3.141.59\selenium-opera-driver-3.141.59.jar C:\Users\Marwan\.m2\repository\org\seleniumhq\selenium\selenium-remote-driver\3.141.59\selenium-remote-driver-3.141.59.jar C:\Users\Marwan\.m2\repository\org\seleniumhq\selenium\selenium-safari-driver\3.141.59\selenium-safari-driver-3.141.59.jar C:\Users\Marwan\.m2\repository\org\seleniumhq\selenium\selenium-support\3.141.59\selenium-support-3.141.59.jar C:\Users\Marwan\.m2\repository\net\bytebuddy\byte-buddy\1.8.15\byte-buddy-1.8.15.jar C:\Users\Marwan\.m2\repository\org\apache\commons\commons-exec\1.3\commons-exec-1.3.jar C:\Users\Marwan\.m2\repository\com\google\guava\guava\25.0-jre\guava-25.0-jre.jar C:\Users\Marwan\.m2\repository\com\google\code\findbugs\jsr305\1.3.9\jsr305-1.3.9.jar C:\Users\Marwan\.m2\repository\org\checkerframework\checker-compat-qual\2.0.0\checker-compat-qual-2.0.0.jar C:\Users\Marwan\.m2\repository\com\google\errorprone\error_prone_annotations\2.1.3\error_prone_annotations-2.1.3.jar C:\Users\Marwan\.m2\repository\com\google\j2objc\j2objc-annotations\1.1\j2objc-annotations-1.1.jar C:\Users\Marwan\.m2\repository\org\codehaus\mojo\animal-sniffer-annotations\1.14\animal-sniffer-annotations-1.14.jar C:\Users\Marwan\.m2\repository\com\squareup\okhttp3\okhttp\3.11.0\okhttp-3.11.0.jar C:\Users\Marwan\.m2\repository\com\squareup\okio\okio\1.14.0\okio-1.14.0.jar
  VMArgs:    -ea
  Class:     org.testng.remote.RemoteTestNG
  Args:      -serport 52387 -d C:\Users\Marwan\Documents\Repos\SeleniumAutomation\webtesting\test-output C:\Users\Marwan\Documents\Repos\SeleniumAutomation\webtesting\RegTest.xml
java -ea -classpath C:\eclipse\plugins\org.testng.eclipse_6.9.10.201512240000\lib\snakeyaml.jar:C:\eclipse\plugins\org.testng.eclipse_6.9.10.201512240000\lib\bsh-2.0b4.jar:C:\eclipse\plugins\org.testng.eclipse_6.9.10.201512240000\lib\jcommander.jar:C:\eclipse\plugins\org.testng.eclipse_6.9.10.201512240000\lib\testng.jar:C:\Users\Marwan\Documents\Repos\SeleniumAutomation\webtesting\target\test-classes:C:\Users\Marwan\Documents\Repos\SeleniumAutomation\webtesting\target\classes:C:\Users\Marwan\.m2\repository\org\testng\testng\6.14.3\testng-6.14.3.jar:C:\Users\Marwan\.m2\repository\com\beust\jcommander\1.72\jcommander-1.72.jar:C:\Users\Marwan\.m2\repository\org\apache-extras\beanshell\bsh\2.0b6\bsh-2.0b6.jar:C:\Users\Marwan\.m2\repository\org\seleniumhq\selenium\selenium-java\3.141.59\selenium-java-3.141.59.jar:C:\Users\Marwan\.m2\repository\org\seleniumhq\selenium\selenium-api\3.141.59\selenium-api-3.141.59.jar:C:\Users\Marwan\.m2\repository\org\seleniumhq\selenium\selenium-chrome-driver\3.141.59\selenium-chrome-driver-3.141.59.jar:C:\Users\Marwan\.m2\repository\org\seleniumhq\selenium\selenium-edge-driver\3.141.59\selenium-edge-driver-3.141.59.jar:C:\Users\Marwan\.m2\repository\org\seleniumhq\selenium\selenium-firefox-driver\3.141.59\selenium-firefox-driver-3.141.59.jar:C:\Users\Marwan\.m2\repository\org\seleniumhq\selenium\selenium-ie-driver\3.141.59\selenium-ie-driver-3.141.59.jar:C:\Users\Marwan\.m2\repository\org\seleniumhq\selenium\selenium-opera-driver\3.141.59\selenium-opera-driver-3.141.59.jar:C:\Users\Marwan\.m2\repository\org\seleniumhq\selenium\selenium-remote-driver\3.141.59\selenium-remote-driver-3.141.59.jar:C:\Users\Marwan\.m2\repository\org\seleniumhq\selenium\selenium-safari-driver\3.141.59\selenium-safari-driver-3.141.59.jar:C:\Users\Marwan\.m2\repository\org\seleniumhq\selenium\selenium-support\3.141.59\selenium-support-3.141.59.jar:C:\Users\Marwan\.m2\repository\net\bytebuddy\byte-buddy\1.8.15\byte-buddy-1.8.15.jar:C:\Users\Marwan\.m2\repository\org\apache\commons\commons-exec\1.3\commons-exec-1.3.jar:C:\Users\Marwan\.m2\repository\com\google\guava\guava\25.0-jre\guava-25.0-jre.jar:C:\Users\Marwan\.m2\repository\com\google\code\findbugs\jsr305\1.3.9\jsr305-1.3.9.jar:C:\Users\Marwan\.m2\repository\org\checkerframework\checker-compat-qual\2.0.0\checker-compat-qual-2.0.0.jar:C:\Users\Marwan\.m2\repository\com\google\errorprone\error_prone_annotations\2.1.3\error_prone_annotations-2.1.3.jar:C:\Users\Marwan\.m2\repository\com\google\j2objc\j2objc-annotations\1.1\j2objc-annotations-1.1.jar:C:\Users\Marwan\.m2\repository\org\codehaus\mojo\animal-sniffer-annotations\1.14\animal-sniffer-annotations-1.14.jar:C:\Users\Marwan\.m2\repository\com\squareup\okhttp3\okhttp\3.11.0\okhttp-3.11.0.jar:C:\Users\Marwan\.m2\repository\com\squareup\okio\okio\1.14.0\okio-1.14.0.jar org.testng.remote.RemoteTestNG -serport 52387 -d C:\Users\Marwan\Documents\Repos\SeleniumAutomation\webtesting\test-output C:\Users\Marwan\Documents\Repos\SeleniumAutomation\webtesting\RegTest.xml

!ENTRY org.testng.eclipse 1 0 2020-04-20 14:48:17.141
!MESSAGE Stop the socket server as it's still pending on accepting the client

!ENTRY org.eclipse.core.jobs 2 2 2020-04-20 14:48:17.453
!MESSAGE Job found still running after platform shutdown.  Jobs should be canceled by the plugin that scheduled them during shutdown: org.testng.eclipse.ui.TestRunnerViewPart$3
